{"/home/cink/Downloads/sweetcam-GSOC (2)/rtspservices/rtsp-server.js": {"path":"/home/cink/Downloads/sweetcam-GSOC (2)/rtspservices/rtsp-server.js","statementMap":{"0":{"start":{"line":1,"column":14},"end":{"line":1,"column":30}},"1":{"start":{"line":2,"column":12},"end":{"line":2,"column":26}},"2":{"start":{"line":3,"column":11},"end":{"line":3,"column":24}},"3":{"start":{"line":4,"column":13},"end":{"line":4,"column":28}},"4":{"start":{"line":5,"column":19},"end":{"line":5,"column":36}},"5":{"start":{"line":6,"column":14},"end":{"line":6,"column":31}},"6":{"start":{"line":7,"column":15},"end":{"line":7,"column":32}},"7":{"start":{"line":8,"column":17},"end":{"line":8,"column":49}},"8":{"start":{"line":9,"column":22},"end":{"line":9,"column":55}},"9":{"start":{"line":10,"column":23},"end":{"line":10,"column":48}},"10":{"start":{"line":13,"column":14},"end":{"line":13,"column":41}},"11":{"start":{"line":14,"column":18},"end":{"line":14,"column":56}},"12":{"start":{"line":17,"column":19},"end":{"line":26,"column":1}},"13":{"start":{"line":28,"column":13},"end":{"line":28,"column":41}},"14":{"start":{"line":31,"column":0},"end":{"line":41,"column":3}},"15":{"start":{"line":32,"column":4},"end":{"line":40,"column":5}},"16":{"start":{"line":33,"column":8},"end":{"line":33,"column":69}},"17":{"start":{"line":35,"column":8},"end":{"line":35,"column":85}},"18":{"start":{"line":38,"column":8},"end":{"line":38,"column":82}},"19":{"start":{"line":39,"column":8},"end":{"line":39,"column":29}},"20":{"start":{"line":45,"column":4},"end":{"line":45,"column":33}},"21":{"start":{"line":45,"column":21},"end":{"line":45,"column":33}},"22":{"start":{"line":46,"column":18},"end":{"line":46,"column":70}},"23":{"start":{"line":47,"column":4},"end":{"line":47,"column":28}},"24":{"start":{"line":47,"column":16},"end":{"line":47,"column":28}},"25":{"start":{"line":49,"column":4},"end":{"line":56,"column":5}},"26":{"start":{"line":50,"column":28},"end":{"line":50,"column":70}},"27":{"start":{"line":51,"column":37},"end":{"line":51,"column":59}},"28":{"start":{"line":52,"column":8},"end":{"line":52,"column":38}},"29":{"start":{"line":54,"column":8},"end":{"line":54,"column":76}},"30":{"start":{"line":55,"column":8},"end":{"line":55,"column":20}},"31":{"start":{"line":60,"column":4},"end":{"line":96,"column":7}},"32":{"start":{"line":61,"column":30},"end":{"line":61,"column":52}},"33":{"start":{"line":62,"column":22},"end":{"line":62,"column":82}},"34":{"start":{"line":64,"column":8},"end":{"line":95,"column":11}},"35":{"start":{"line":65,"column":12},"end":{"line":70,"column":13}},"36":{"start":{"line":66,"column":16},"end":{"line":66,"column":70}},"37":{"start":{"line":68,"column":16},"end":{"line":68,"column":31}},"38":{"start":{"line":69,"column":16},"end":{"line":69,"column":23}},"39":{"start":{"line":72,"column":12},"end":{"line":76,"column":13}},"40":{"start":{"line":74,"column":16},"end":{"line":74,"column":31}},"41":{"start":{"line":75,"column":16},"end":{"line":75,"column":23}},"42":{"start":{"line":79,"column":12},"end":{"line":91,"column":13}},"43":{"start":{"line":80,"column":16},"end":{"line":90,"column":17}},"44":{"start":{"line":81,"column":36},"end":{"line":81,"column":83}},"45":{"start":{"line":82,"column":20},"end":{"line":86,"column":21}},"46":{"start":{"line":84,"column":24},"end":{"line":84,"column":38}},"47":{"start":{"line":85,"column":24},"end":{"line":85,"column":31}},"48":{"start":{"line":88,"column":20},"end":{"line":88,"column":83}},"49":{"start":{"line":89,"column":20},"end":{"line":89,"column":29}},"50":{"start":{"line":94,"column":12},"end":{"line":94,"column":27}},"51":{"start":{"line":100,"column":8},"end":{"line":100,"column":34}},"52":{"start":{"line":101,"column":8},"end":{"line":101,"column":33}},"53":{"start":{"line":102,"column":8},"end":{"line":102,"column":32}},"54":{"start":{"line":103,"column":8},"end":{"line":103,"column":49}},"55":{"start":{"line":104,"column":8},"end":{"line":104,"column":59}},"56":{"start":{"line":105,"column":8},"end":{"line":105,"column":28}},"57":{"start":{"line":110,"column":23},"end":{"line":110,"column":87}},"58":{"start":{"line":112,"column":8},"end":{"line":119,"column":11}},"59":{"start":{"line":113,"column":12},"end":{"line":118,"column":15}},"60":{"start":{"line":122,"column":8},"end":{"line":127,"column":11}},"61":{"start":{"line":131,"column":8},"end":{"line":131,"column":50}},"62":{"start":{"line":135,"column":28},"end":{"line":135,"column":68}},"63":{"start":{"line":136,"column":8},"end":{"line":146,"column":2}},"64":{"start":{"line":150,"column":22},"end":{"line":150,"column":51}},"65":{"start":{"line":151,"column":39},"end":{"line":151,"column":58}},"66":{"start":{"line":152,"column":24},"end":{"line":152,"column":26}},"67":{"start":{"line":153,"column":8},"end":{"line":161,"column":9}},"68":{"start":{"line":153,"column":21},"end":{"line":153,"column":22}},"69":{"start":{"line":154,"column":12},"end":{"line":154,"column":33}},"70":{"start":{"line":154,"column":27},"end":{"line":154,"column":33}},"71":{"start":{"line":155,"column":31},"end":{"line":155,"column":52}},"72":{"start":{"line":156,"column":12},"end":{"line":160,"column":13}},"73":{"start":{"line":157,"column":28},"end":{"line":157,"column":68}},"74":{"start":{"line":158,"column":30},"end":{"line":158,"column":71}},"75":{"start":{"line":159,"column":16},"end":{"line":159,"column":37}},"76":{"start":{"line":162,"column":8},"end":{"line":162,"column":49}},"77":{"start":{"line":166,"column":8},"end":{"line":181,"column":9}},"78":{"start":{"line":167,"column":12},"end":{"line":180,"column":13}},"79":{"start":{"line":168,"column":31},"end":{"line":168,"column":43}},"80":{"start":{"line":169,"column":27},"end":{"line":169,"column":42}},"81":{"start":{"line":170,"column":16},"end":{"line":172,"column":17}},"82":{"start":{"line":171,"column":20},"end":{"line":171,"column":46}},"83":{"start":{"line":173,"column":16},"end":{"line":173,"column":28}},"84":{"start":{"line":175,"column":27},"end":{"line":175,"column":62}},"85":{"start":{"line":176,"column":16},"end":{"line":178,"column":17}},"86":{"start":{"line":177,"column":20},"end":{"line":177,"column":46}},"87":{"start":{"line":179,"column":16},"end":{"line":179,"column":35}},"88":{"start":{"line":183,"column":19},"end":{"line":183,"column":22}},"89":{"start":{"line":184,"column":8},"end":{"line":184,"column":34}},"90":{"start":{"line":185,"column":8},"end":{"line":185,"column":50}},"91":{"start":{"line":186,"column":8},"end":{"line":188,"column":9}},"92":{"start":{"line":187,"column":12},"end":{"line":187,"column":38}},"93":{"start":{"line":189,"column":8},"end":{"line":189,"column":20}},"94":{"start":{"line":193,"column":8},"end":{"line":195,"column":9}},"95":{"start":{"line":194,"column":12},"end":{"line":194,"column":53}},"96":{"start":{"line":197,"column":22},"end":{"line":197,"column":48}},"97":{"start":{"line":198,"column":28},"end":{"line":198,"column":70}},"98":{"start":{"line":198,"column":44},"end":{"line":198,"column":69}},"99":{"start":{"line":199,"column":8},"end":{"line":206,"column":9}},"100":{"start":{"line":200,"column":26},"end":{"line":200,"column":70}},"101":{"start":{"line":201,"column":12},"end":{"line":205,"column":13}},"102":{"start":{"line":202,"column":32},"end":{"line":202,"column":50}},"103":{"start":{"line":203,"column":33},"end":{"line":203,"column":51}},"104":{"start":{"line":204,"column":16},"end":{"line":204,"column":45}},"105":{"start":{"line":208,"column":8},"end":{"line":208,"column":49}},"106":{"start":{"line":212,"column":24},"end":{"line":212,"column":39}},"107":{"start":{"line":213,"column":26},"end":{"line":213,"column":50}},"108":{"start":{"line":215,"column":8},"end":{"line":217,"column":9}},"109":{"start":{"line":216,"column":12},"end":{"line":216,"column":19}},"110":{"start":{"line":219,"column":8},"end":{"line":831,"column":9}},"111":{"start":{"line":220,"column":45},"end":{"line":220,"column":72}},"112":{"start":{"line":221,"column":25},"end":{"line":221,"column":60}},"113":{"start":{"line":222,"column":30},"end":{"line":222,"column":45}},"114":{"start":{"line":226,"column":12},"end":{"line":230,"column":13}},"115":{"start":{"line":227,"column":16},"end":{"line":227,"column":41}},"116":{"start":{"line":229,"column":16},"end":{"line":229,"column":77}},"117":{"start":{"line":232,"column":32},"end":{"line":232,"column":72}},"118":{"start":{"line":235,"column":35},"end":{"line":240,"column":13}},"119":{"start":{"line":243,"column":12},"end":{"line":245,"column":13}},"120":{"start":{"line":244,"column":16},"end":{"line":244,"column":185}},"121":{"start":{"line":248,"column":39},"end":{"line":248,"column":43}},"122":{"start":{"line":249,"column":12},"end":{"line":251,"column":13}},"123":{"start":{"line":250,"column":16},"end":{"line":250,"column":68}},"124":{"start":{"line":254,"column":12},"end":{"line":404,"column":13}},"125":{"start":{"line":255,"column":16},"end":{"line":403,"column":17}},"126":{"start":{"line":257,"column":20},"end":{"line":257,"column":88}},"127":{"start":{"line":259,"column":38},"end":{"line":259,"column":42}},"128":{"start":{"line":260,"column":46},"end":{"line":260,"column":50}},"129":{"start":{"line":263,"column":37},"end":{"line":263,"column":106}},"130":{"start":{"line":263,"column":72},"end":{"line":263,"column":105}},"131":{"start":{"line":264,"column":20},"end":{"line":266,"column":21}},"132":{"start":{"line":265,"column":24},"end":{"line":265,"column":67}},"133":{"start":{"line":269,"column":20},"end":{"line":286,"column":21}},"134":{"start":{"line":270,"column":24},"end":{"line":285,"column":25}},"135":{"start":{"line":275,"column":43},"end":{"line":275,"column":107}},"136":{"start":{"line":276,"column":28},"end":{"line":282,"column":29}},"137":{"start":{"line":277,"column":32},"end":{"line":280,"column":34}},"138":{"start":{"line":281,"column":32},"end":{"line":281,"column":123}},"139":{"start":{"line":284,"column":28},"end":{"line":284,"column":87}},"140":{"start":{"line":288,"column":20},"end":{"line":304,"column":21}},"141":{"start":{"line":289,"column":38},"end":{"line":289,"column":72}},"142":{"start":{"line":290,"column":41},"end":{"line":290,"column":81}},"143":{"start":{"line":293,"column":24},"end":{"line":300,"column":26}},"144":{"start":{"line":302,"column":24},"end":{"line":302,"column":47}},"145":{"start":{"line":303,"column":24},"end":{"line":303,"column":31}},"146":{"start":{"line":306,"column":20},"end":{"line":402,"column":21}},"147":{"start":{"line":307,"column":40},"end":{"line":307,"column":106}},"148":{"start":{"line":308,"column":24},"end":{"line":329,"column":25}},"149":{"start":{"line":309,"column":42},"end":{"line":309,"column":76}},"150":{"start":{"line":310,"column":45},"end":{"line":310,"column":85}},"151":{"start":{"line":313,"column":28},"end":{"line":325,"column":30}},"152":{"start":{"line":327,"column":28},"end":{"line":327,"column":51}},"153":{"start":{"line":328,"column":28},"end":{"line":328,"column":35}},"154":{"start":{"line":332,"column":24},"end":{"line":360,"column":25}},"155":{"start":{"line":333,"column":28},"end":{"line":348,"column":29}},"156":{"start":{"line":334,"column":32},"end":{"line":334,"column":82}},"157":{"start":{"line":335,"column":32},"end":{"line":335,"column":93}},"158":{"start":{"line":336,"column":32},"end":{"line":336,"column":93}},"159":{"start":{"line":337,"column":32},"end":{"line":337,"column":86}},"160":{"start":{"line":340,"column":32},"end":{"line":347,"column":35}},"161":{"start":{"line":351,"column":49},"end":{"line":351,"column":73}},"162":{"start":{"line":352,"column":28},"end":{"line":359,"column":31}},"163":{"start":{"line":363,"column":24},"end":{"line":378,"column":25}},"164":{"start":{"line":364,"column":28},"end":{"line":364,"column":101}},"165":{"start":{"line":366,"column":28},"end":{"line":377,"column":30}},"166":{"start":{"line":380,"column":24},"end":{"line":380,"column":76}},"167":{"start":{"line":381,"column":46},"end":{"line":381,"column":107}},"168":{"start":{"line":384,"column":24},"end":{"line":398,"column":25}},"169":{"start":{"line":385,"column":28},"end":{"line":397,"column":30}},"170":{"start":{"line":400,"column":24},"end":{"line":400,"column":52}},"171":{"start":{"line":401,"column":24},"end":{"line":401,"column":31}},"172":{"start":{"line":406,"column":12},"end":{"line":444,"column":13}},"173":{"start":{"line":409,"column":16},"end":{"line":417,"column":17}},"174":{"start":{"line":411,"column":20},"end":{"line":411,"column":69}},"175":{"start":{"line":412,"column":23},"end":{"line":417,"column":17}},"176":{"start":{"line":414,"column":20},"end":{"line":414,"column":75}},"177":{"start":{"line":416,"column":20},"end":{"line":416,"column":69}},"178":{"start":{"line":420,"column":32},"end":{"line":420,"column":60}},"179":{"start":{"line":421,"column":45},"end":{"line":421,"column":82}},"180":{"start":{"line":423,"column":16},"end":{"line":435,"column":18}},"181":{"start":{"line":437,"column":16},"end":{"line":437,"column":106}},"182":{"start":{"line":439,"column":16},"end":{"line":441,"column":106}},"183":{"start":{"line":442,"column":16},"end":{"line":442,"column":39}},"184":{"start":{"line":443,"column":16},"end":{"line":443,"column":23}},"185":{"start":{"line":446,"column":23},"end":{"line":446,"column":44}},"186":{"start":{"line":447,"column":12},"end":{"line":450,"column":13}},"187":{"start":{"line":448,"column":35},"end":{"line":448,"column":69}},"188":{"start":{"line":449,"column":16},"end":{"line":449,"column":34}},"189":{"start":{"line":452,"column":25},"end":{"line":452,"column":47}},"190":{"start":{"line":454,"column":12},"end":{"line":461,"column":13}},"191":{"start":{"line":455,"column":16},"end":{"line":460,"column":17}},"192":{"start":{"line":456,"column":20},"end":{"line":459,"column":21}},"193":{"start":{"line":457,"column":24},"end":{"line":457,"column":44}},"194":{"start":{"line":458,"column":24},"end":{"line":458,"column":30}},"195":{"start":{"line":463,"column":12},"end":{"line":483,"column":13}},"196":{"start":{"line":464,"column":41},"end":{"line":464,"column":90}},"197":{"start":{"line":467,"column":16},"end":{"line":479,"column":18}},"198":{"start":{"line":481,"column":16},"end":{"line":481,"column":47}},"199":{"start":{"line":482,"column":16},"end":{"line":482,"column":23}},"200":{"start":{"line":485,"column":12},"end":{"line":827,"column":13}},"201":{"start":{"line":487,"column":20},"end":{"line":511,"column":21}},"202":{"start":{"line":488,"column":49},"end":{"line":488,"column":98}},"203":{"start":{"line":491,"column":24},"end":{"line":503,"column":26}},"204":{"start":{"line":506,"column":24},"end":{"line":508,"column":114}},"205":{"start":{"line":509,"column":24},"end":{"line":509,"column":55}},"206":{"start":{"line":510,"column":24},"end":{"line":510,"column":31}},"207":{"start":{"line":512,"column":42},"end":{"line":512,"column":76}},"208":{"start":{"line":513,"column":32},"end":{"line":513,"column":90}},"209":{"start":{"line":514,"column":36},"end":{"line":514,"column":82}},"210":{"start":{"line":515,"column":40},"end":{"line":515,"column":194}},"211":{"start":{"line":518,"column":20},"end":{"line":530,"column":22}},"212":{"start":{"line":532,"column":20},"end":{"line":532,"column":115}},"213":{"start":{"line":534,"column":20},"end":{"line":536,"column":110}},"214":{"start":{"line":537,"column":20},"end":{"line":537,"column":46}},"215":{"start":{"line":538,"column":20},"end":{"line":538,"column":26}},"216":{"start":{"line":541,"column":20},"end":{"line":541,"column":42}},"217":{"start":{"line":542,"column":39},"end":{"line":542,"column":69}},"218":{"start":{"line":543,"column":38},"end":{"line":543,"column":82}},"219":{"start":{"line":545,"column":42},"end":{"line":545,"column":46}},"220":{"start":{"line":546,"column":43},"end":{"line":546,"column":47}},"221":{"start":{"line":549,"column":35},"end":{"line":549,"column":39}},"222":{"start":{"line":550,"column":35},"end":{"line":550,"column":39}},"223":{"start":{"line":551,"column":20},"end":{"line":554,"column":21}},"224":{"start":{"line":552,"column":24},"end":{"line":552,"column":73}},"225":{"start":{"line":553,"column":24},"end":{"line":553,"column":73}},"226":{"start":{"line":556,"column":20},"end":{"line":569,"column":23}},"227":{"start":{"line":571,"column":42},"end":{"line":571,"column":242}},"228":{"start":{"line":575,"column":20},"end":{"line":587,"column":22}},"229":{"start":{"line":589,"column":20},"end":{"line":589,"column":167}},"230":{"start":{"line":590,"column":20},"end":{"line":590,"column":163}},"231":{"start":{"line":591,"column":20},"end":{"line":591,"column":132}},"232":{"start":{"line":592,"column":20},"end":{"line":592,"column":48}},"233":{"start":{"line":593,"column":20},"end":{"line":593,"column":26}},"234":{"start":{"line":596,"column":39},"end":{"line":596,"column":54}},"235":{"start":{"line":597,"column":36},"end":{"line":597,"column":65}},"236":{"start":{"line":598,"column":20},"end":{"line":625,"column":21}},"237":{"start":{"line":599,"column":56},"end":{"line":599,"column":113}},"238":{"start":{"line":602,"column":40},"end":{"line":602,"column":69}},"239":{"start":{"line":603,"column":53},"end":{"line":603,"column":90}},"240":{"start":{"line":605,"column":24},"end":{"line":617,"column":26}},"241":{"start":{"line":620,"column":24},"end":{"line":622,"column":116}},"242":{"start":{"line":623,"column":24},"end":{"line":623,"column":62}},"243":{"start":{"line":624,"column":24},"end":{"line":624,"column":31}},"244":{"start":{"line":627,"column":39},"end":{"line":627,"column":65}},"245":{"start":{"line":628,"column":20},"end":{"line":628,"column":46}},"246":{"start":{"line":630,"column":20},"end":{"line":639,"column":21}},"247":{"start":{"line":631,"column":38},"end":{"line":631,"column":48}},"248":{"start":{"line":632,"column":24},"end":{"line":632,"column":52}},"249":{"start":{"line":633,"column":24},"end":{"line":633,"column":48}},"250":{"start":{"line":634,"column":24},"end":{"line":634,"column":44}},"251":{"start":{"line":635,"column":24},"end":{"line":635,"column":87}},"252":{"start":{"line":636,"column":24},"end":{"line":636,"column":74}},"253":{"start":{"line":638,"column":24},"end":{"line":638,"column":57}},"254":{"start":{"line":641,"column":37},"end":{"line":641,"column":58}},"255":{"start":{"line":642,"column":37},"end":{"line":642,"column":40}},"256":{"start":{"line":643,"column":41},"end":{"line":643,"column":262}},"257":{"start":{"line":646,"column":20},"end":{"line":658,"column":22}},"258":{"start":{"line":661,"column":22},"end":{"line":663,"column":114}},"259":{"start":{"line":665,"column":22},"end":{"line":667,"column":114}},"260":{"start":{"line":669,"column":20},"end":{"line":671,"column":112}},"261":{"start":{"line":672,"column":20},"end":{"line":672,"column":47}},"262":{"start":{"line":674,"column":20},"end":{"line":674,"column":49}},"263":{"start":{"line":675,"column":20},"end":{"line":675,"column":26}},"264":{"start":{"line":678,"column":43},"end":{"line":678,"column":58}},"265":{"start":{"line":679,"column":41},"end":{"line":679,"column":74}},"266":{"start":{"line":680,"column":20},"end":{"line":704,"column":21}},"267":{"start":{"line":681,"column":56},"end":{"line":681,"column":113}},"268":{"start":{"line":684,"column":24},"end":{"line":696,"column":26}},"269":{"start":{"line":699,"column":24},"end":{"line":701,"column":124}},"270":{"start":{"line":702,"column":24},"end":{"line":702,"column":62}},"271":{"start":{"line":703,"column":24},"end":{"line":703,"column":31}},"272":{"start":{"line":706,"column":20},"end":{"line":717,"column":21}},"273":{"start":{"line":707,"column":24},"end":{"line":707,"column":54}},"274":{"start":{"line":709,"column":24},"end":{"line":712,"column":25}},"275":{"start":{"line":710,"column":28},"end":{"line":710,"column":68}},"276":{"start":{"line":711,"column":28},"end":{"line":711,"column":60}},"277":{"start":{"line":713,"column":24},"end":{"line":716,"column":25}},"278":{"start":{"line":714,"column":28},"end":{"line":714,"column":69}},"279":{"start":{"line":715,"column":28},"end":{"line":715,"column":61}},"280":{"start":{"line":719,"column":42},"end":{"line":719,"column":114}},"281":{"start":{"line":722,"column":20},"end":{"line":734,"column":22}},"282":{"start":{"line":737,"column":22},"end":{"line":739,"column":122}},"283":{"start":{"line":741,"column":41},"end":{"line":741,"column":74}},"284":{"start":{"line":742,"column":51},"end":{"line":742,"column":94}},"285":{"start":{"line":743,"column":22},"end":{"line":745,"column":101}},"286":{"start":{"line":747,"column":20},"end":{"line":749,"column":120}},"287":{"start":{"line":750,"column":20},"end":{"line":750,"column":48}},"288":{"start":{"line":751,"column":20},"end":{"line":751,"column":26}},"289":{"start":{"line":754,"column":39},"end":{"line":754,"column":54}},"290":{"start":{"line":755,"column":37},"end":{"line":755,"column":66}},"291":{"start":{"line":756,"column":20},"end":{"line":780,"column":21}},"292":{"start":{"line":757,"column":56},"end":{"line":757,"column":113}},"293":{"start":{"line":760,"column":24},"end":{"line":772,"column":26}},"294":{"start":{"line":775,"column":24},"end":{"line":777,"column":116}},"295":{"start":{"line":778,"column":24},"end":{"line":778,"column":62}},"296":{"start":{"line":779,"column":24},"end":{"line":779,"column":31}},"297":{"start":{"line":782,"column":20},"end":{"line":784,"column":21}},"298":{"start":{"line":783,"column":24},"end":{"line":783,"column":56}},"299":{"start":{"line":785,"column":20},"end":{"line":787,"column":21}},"300":{"start":{"line":786,"column":24},"end":{"line":786,"column":57}},"301":{"start":{"line":789,"column":20},"end":{"line":789,"column":53}},"302":{"start":{"line":791,"column":45},"end":{"line":791,"column":113}},"303":{"start":{"line":794,"column":20},"end":{"line":806,"column":22}},"304":{"start":{"line":809,"column":20},"end":{"line":811,"column":112}},"305":{"start":{"line":814,"column":20},"end":{"line":816,"column":112}},"306":{"start":{"line":819,"column":20},"end":{"line":821,"column":112}},"307":{"start":{"line":822,"column":20},"end":{"line":822,"column":51}},"308":{"start":{"line":823,"column":20},"end":{"line":823,"column":26}},"309":{"start":{"line":826,"column":20},"end":{"line":826,"column":90}},"310":{"start":{"line":829,"column":12},"end":{"line":829,"column":68}},"311":{"start":{"line":830,"column":12},"end":{"line":830,"column":82}},"312":{"start":{"line":837,"column":22},"end":{"line":837,"column":25}},"313":{"start":{"line":838,"column":23},"end":{"line":838,"column":26}},"314":{"start":{"line":841,"column":26},"end":{"line":841,"column":58}},"315":{"start":{"line":842,"column":21},"end":{"line":842,"column":22}},"316":{"start":{"line":844,"column":8},"end":{"line":859,"column":9}},"317":{"start":{"line":844,"column":21},"end":{"line":844,"column":22}},"318":{"start":{"line":845,"column":12},"end":{"line":858,"column":13}},"319":{"start":{"line":845,"column":25},"end":{"line":845,"column":26}},"320":{"start":{"line":847,"column":16},"end":{"line":857,"column":17}},"321":{"start":{"line":849,"column":20},"end":{"line":849,"column":44}},"322":{"start":{"line":850,"column":20},"end":{"line":850,"column":44}},"323":{"start":{"line":851,"column":20},"end":{"line":851,"column":46}},"324":{"start":{"line":854,"column":20},"end":{"line":854,"column":44}},"325":{"start":{"line":855,"column":20},"end":{"line":855,"column":44}},"326":{"start":{"line":856,"column":20},"end":{"line":856,"column":46}},"327":{"start":{"line":864,"column":27},"end":{"line":874,"column":10}},"328":{"start":{"line":877,"column":28},"end":{"line":887,"column":10}},"329":{"start":{"line":890,"column":27},"end":{"line":899,"column":10}},"330":{"start":{"line":902,"column":26},"end":{"line":902,"column":51}},"331":{"start":{"line":905,"column":8},"end":{"line":905,"column":90}},"332":{"start":{"line":909,"column":20},"end":{"line":909,"column":46}},"333":{"start":{"line":910,"column":21},"end":{"line":910,"column":47}},"334":{"start":{"line":912,"column":21},"end":{"line":912,"column":31}},"335":{"start":{"line":913,"column":26},"end":{"line":913,"column":31}},"336":{"start":{"line":914,"column":26},"end":{"line":914,"column":28}},"337":{"start":{"line":915,"column":35},"end":{"line":915,"column":56}},"338":{"start":{"line":916,"column":30},"end":{"line":916,"column":46}},"339":{"start":{"line":919,"column":8},"end":{"line":948,"column":9}},"340":{"start":{"line":921,"column":30},"end":{"line":921,"column":61}},"341":{"start":{"line":922,"column":12},"end":{"line":922,"column":46}},"342":{"start":{"line":924,"column":12},"end":{"line":924,"column":76}},"343":{"start":{"line":927,"column":38},"end":{"line":927,"column":73}},"344":{"start":{"line":928,"column":29},"end":{"line":928,"column":34}},"345":{"start":{"line":930,"column":12},"end":{"line":941,"column":13}},"346":{"start":{"line":931,"column":16},"end":{"line":940,"column":17}},"347":{"start":{"line":932,"column":41},"end":{"line":932,"column":71}},"348":{"start":{"line":933,"column":20},"end":{"line":933,"column":57}},"349":{"start":{"line":934,"column":20},"end":{"line":934,"column":72}},"350":{"start":{"line":935,"column":20},"end":{"line":935,"column":38}},"351":{"start":{"line":936,"column":20},"end":{"line":936,"column":26}},"352":{"start":{"line":939,"column":20},"end":{"line":939,"column":29}},"353":{"start":{"line":944,"column":12},"end":{"line":947,"column":13}},"354":{"start":{"line":945,"column":16},"end":{"line":945,"column":77}},"355":{"start":{"line":946,"column":16},"end":{"line":946,"column":50}},"356":{"start":{"line":951,"column":8},"end":{"line":951,"column":32}},"357":{"start":{"line":952,"column":8},"end":{"line":952,"column":34}},"358":{"start":{"line":954,"column":18},"end":{"line":954,"column":38}},"359":{"start":{"line":955,"column":26},"end":{"line":955,"column":50}},"360":{"start":{"line":956,"column":25},"end":{"line":956,"column":48}},"361":{"start":{"line":958,"column":32},"end":{"line":958,"column":69}},"362":{"start":{"line":959,"column":27},"end":{"line":959,"column":53}},"363":{"start":{"line":961,"column":28},"end":{"line":961,"column":75}},"364":{"start":{"line":962,"column":29},"end":{"line":962,"column":79}},"365":{"start":{"line":964,"column":26},"end":{"line":1039,"column":9}},"366":{"start":{"line":965,"column":12},"end":{"line":972,"column":13}},"367":{"start":{"line":966,"column":16},"end":{"line":968,"column":17}},"368":{"start":{"line":967,"column":20},"end":{"line":967,"column":55}},"369":{"start":{"line":969,"column":16},"end":{"line":969,"column":28}},"370":{"start":{"line":970,"column":16},"end":{"line":970,"column":29}},"371":{"start":{"line":971,"column":16},"end":{"line":971,"column":23}},"372":{"start":{"line":974,"column":24},"end":{"line":974,"column":34}},"373":{"start":{"line":975,"column":30},"end":{"line":975,"column":51}},"374":{"start":{"line":978,"column":34},"end":{"line":978,"column":38}},"375":{"start":{"line":979,"column":35},"end":{"line":979,"column":36}},"376":{"start":{"line":980,"column":34},"end":{"line":980,"column":36}},"377":{"start":{"line":981,"column":35},"end":{"line":981,"column":81}},"378":{"start":{"line":984,"column":35},"end":{"line":984,"column":74}},"379":{"start":{"line":986,"column":12},"end":{"line":1029,"column":13}},"380":{"start":{"line":986,"column":37},"end":{"line":986,"column":38}},"381":{"start":{"line":987,"column":30},"end":{"line":987,"column":60}},"382":{"start":{"line":988,"column":28},"end":{"line":988,"column":73}},"383":{"start":{"line":989,"column":37},"end":{"line":989,"column":59}},"384":{"start":{"line":991,"column":34},"end":{"line":991,"column":50}},"385":{"start":{"line":992,"column":16},"end":{"line":992,"column":36}},"386":{"start":{"line":993,"column":16},"end":{"line":993,"column":36}},"387":{"start":{"line":996,"column":16},"end":{"line":998,"column":17}},"388":{"start":{"line":997,"column":20},"end":{"line":997,"column":41}},"389":{"start":{"line":999,"column":16},"end":{"line":1001,"column":17}},"390":{"start":{"line":1000,"column":20},"end":{"line":1000,"column":41}},"391":{"start":{"line":1003,"column":16},"end":{"line":1003,"column":57}},"392":{"start":{"line":1004,"column":16},"end":{"line":1004,"column":70}},"393":{"start":{"line":1005,"column":16},"end":{"line":1005,"column":49}},"394":{"start":{"line":1007,"column":35},"end":{"line":1007,"column":50}},"395":{"start":{"line":1008,"column":16},"end":{"line":1008,"column":34}},"396":{"start":{"line":1009,"column":16},"end":{"line":1009,"column":34}},"397":{"start":{"line":1010,"column":16},"end":{"line":1010,"column":34}},"398":{"start":{"line":1011,"column":16},"end":{"line":1011,"column":34}},"399":{"start":{"line":1012,"column":16},"end":{"line":1012,"column":34}},"400":{"start":{"line":1013,"column":16},"end":{"line":1013,"column":35}},"401":{"start":{"line":1014,"column":16},"end":{"line":1014,"column":40}},"402":{"start":{"line":1015,"column":16},"end":{"line":1015,"column":40}},"403":{"start":{"line":1017,"column":34},"end":{"line":1017,"column":86}},"404":{"start":{"line":1019,"column":16},"end":{"line":1026,"column":19}},"405":{"start":{"line":1020,"column":20},"end":{"line":1025,"column":21}},"406":{"start":{"line":1021,"column":24},"end":{"line":1021,"column":70}},"407":{"start":{"line":1023,"column":24},"end":{"line":1023,"column":38}},"408":{"start":{"line":1024,"column":24},"end":{"line":1024,"column":55}},"409":{"start":{"line":1028,"column":16},"end":{"line":1028,"column":22}},"410":{"start":{"line":1031,"column":12},"end":{"line":1031,"column":38}},"411":{"start":{"line":1032,"column":12},"end":{"line":1032,"column":34}},"412":{"start":{"line":1033,"column":12},"end":{"line":1033,"column":49}},"413":{"start":{"line":1034,"column":12},"end":{"line":1034,"column":46}},"414":{"start":{"line":1035,"column":12},"end":{"line":1035,"column":48}},"415":{"start":{"line":1036,"column":12},"end":{"line":1036,"column":54}},"416":{"start":{"line":1038,"column":12},"end":{"line":1038,"column":47}},"417":{"start":{"line":1041,"column":25},"end":{"line":1070,"column":9}},"418":{"start":{"line":1042,"column":12},"end":{"line":1044,"column":13}},"419":{"start":{"line":1043,"column":16},"end":{"line":1043,"column":23}},"420":{"start":{"line":1046,"column":24},"end":{"line":1046,"column":34}},"421":{"start":{"line":1047,"column":27},"end":{"line":1047,"column":62}},"422":{"start":{"line":1048,"column":28},"end":{"line":1048,"column":66}},"423":{"start":{"line":1050,"column":40},"end":{"line":1050,"column":66}},"424":{"start":{"line":1052,"column":27},"end":{"line":1052,"column":43}},"425":{"start":{"line":1054,"column":12},"end":{"line":1054,"column":29}},"426":{"start":{"line":1055,"column":12},"end":{"line":1055,"column":28}},"427":{"start":{"line":1056,"column":12},"end":{"line":1056,"column":39}},"428":{"start":{"line":1057,"column":12},"end":{"line":1057,"column":42}},"429":{"start":{"line":1059,"column":12},"end":{"line":1059,"column":44}},"430":{"start":{"line":1060,"column":12},"end":{"line":1060,"column":46}},"431":{"start":{"line":1061,"column":12},"end":{"line":1061,"column":71}},"432":{"start":{"line":1062,"column":12},"end":{"line":1062,"column":63}},"433":{"start":{"line":1063,"column":12},"end":{"line":1063,"column":62}},"434":{"start":{"line":1065,"column":12},"end":{"line":1069,"column":15}},"435":{"start":{"line":1066,"column":16},"end":{"line":1068,"column":17}},"436":{"start":{"line":1067,"column":20},"end":{"line":1067,"column":67}},"437":{"start":{"line":1072,"column":8},"end":{"line":1072,"column":19}},"438":{"start":{"line":1073,"column":8},"end":{"line":1073,"column":20}},"439":{"start":{"line":1075,"column":8},"end":{"line":1075,"column":68}},"440":{"start":{"line":1076,"column":8},"end":{"line":1076,"column":59}},"441":{"start":{"line":1080,"column":8},"end":{"line":1080,"column":36}},"442":{"start":{"line":1080,"column":24},"end":{"line":1080,"column":36}},"443":{"start":{"line":1081,"column":24},"end":{"line":1081,"column":52}},"444":{"start":{"line":1082,"column":8},"end":{"line":1082,"column":49}},"445":{"start":{"line":1086,"column":8},"end":{"line":1086,"column":36}},"446":{"start":{"line":1086,"column":24},"end":{"line":1086,"column":36}},"447":{"start":{"line":1087,"column":24},"end":{"line":1087,"column":52}},"448":{"start":{"line":1088,"column":8},"end":{"line":1088,"column":49}},"449":{"start":{"line":1092,"column":8},"end":{"line":1094,"column":9}},"450":{"start":{"line":1093,"column":12},"end":{"line":1093,"column":67}},"451":{"start":{"line":1095,"column":8},"end":{"line":1095,"column":21}},"452":{"start":{"line":1100,"column":0},"end":{"line":1100,"column":32}},"453":{"start":{"line":1102,"column":13},"end":{"line":1102,"column":29}},"454":{"start":{"line":1103,"column":15},"end":{"line":1124,"column":2}},"455":{"start":{"line":1105,"column":4},"end":{"line":1107,"column":7}},"456":{"start":{"line":1106,"column":8},"end":{"line":1106,"column":47}},"457":{"start":{"line":1109,"column":4},"end":{"line":1111,"column":7}},"458":{"start":{"line":1110,"column":8},"end":{"line":1110,"column":52}},"459":{"start":{"line":1113,"column":4},"end":{"line":1123,"column":7}},"460":{"start":{"line":1114,"column":8},"end":{"line":1122,"column":9}},"461":{"start":{"line":1115,"column":12},"end":{"line":1121,"column":13}},"462":{"start":{"line":1116,"column":16},"end":{"line":1116,"column":65}},"463":{"start":{"line":1116,"column":39},"end":{"line":1116,"column":65}},"464":{"start":{"line":1117,"column":16},"end":{"line":1117,"column":67}},"465":{"start":{"line":1117,"column":40},"end":{"line":1117,"column":67}},"466":{"start":{"line":1118,"column":16},"end":{"line":1118,"column":76}},"467":{"start":{"line":1118,"column":41},"end":{"line":1118,"column":76}},"468":{"start":{"line":1119,"column":16},"end":{"line":1119,"column":78}},"469":{"start":{"line":1119,"column":42},"end":{"line":1119,"column":78}},"470":{"start":{"line":1120,"column":16},"end":{"line":1120,"column":48}},"471":{"start":{"line":1126,"column":0},"end":{"line":1129,"column":3}},"472":{"start":{"line":1128,"column":4},"end":{"line":1128,"column":109}},"473":{"start":{"line":1131,"column":0},"end":{"line":1138,"column":3}},"474":{"start":{"line":1133,"column":4},"end":{"line":1133,"column":95}},"475":{"start":{"line":1134,"column":4},"end":{"line":1137,"column":7}},"476":{"start":{"line":1135,"column":8},"end":{"line":1135,"column":92}},"477":{"start":{"line":1136,"column":8},"end":{"line":1136,"column":24}}},"fnMap":{"0":{"name":"(anonymous_0)","decl":{"start":{"line":31,"column":19},"end":{"line":31,"column":20}},"loc":{"start":{"line":31,"column":40},"end":{"line":41,"column":1}},"line":31},"1":{"name":"parseAuthorization","decl":{"start":{"line":44,"column":9},"end":{"line":44,"column":27}},"loc":{"start":{"line":44,"column":40},"end":{"line":57,"column":1}},"line":44},"2":{"name":"authenticateUser","decl":{"start":{"line":59,"column":9},"end":{"line":59,"column":25}},"loc":{"start":{"line":59,"column":46},"end":{"line":97,"column":1}},"line":59},"3":{"name":"(anonymous_3)","decl":{"start":{"line":60,"column":23},"end":{"line":60,"column":24}},"loc":{"start":{"line":60,"column":36},"end":{"line":96,"column":5}},"line":60},"4":{"name":"(anonymous_4)","decl":{"start":{"line":64,"column":43},"end":{"line":64,"column":44}},"loc":{"start":{"line":64,"column":63},"end":{"line":95,"column":9}},"line":64},"5":{"name":"(anonymous_5)","decl":{"start":{"line":99,"column":4},"end":{"line":99,"column":5}},"loc":{"start":{"line":99,"column":18},"end":{"line":106,"column":5}},"line":99},"6":{"name":"(anonymous_6)","decl":{"start":{"line":108,"column":4},"end":{"line":108,"column":5}},"loc":{"start":{"line":108,"column":19},"end":{"line":128,"column":5}},"line":108},"7":{"name":"(anonymous_7)","decl":{"start":{"line":112,"column":23},"end":{"line":112,"column":24}},"loc":{"start":{"line":112,"column":32},"end":{"line":119,"column":9}},"line":112},"8":{"name":"(anonymous_8)","decl":{"start":{"line":130,"column":4},"end":{"line":130,"column":5}},"loc":{"start":{"line":130,"column":24},"end":{"line":132,"column":5}},"line":130},"9":{"name":"(anonymous_9)","decl":{"start":{"line":134,"column":4},"end":{"line":134,"column":5}},"loc":{"start":{"line":134,"column":89},"end":{"line":147,"column":5}},"line":134},"10":{"name":"(anonymous_10)","decl":{"start":{"line":149,"column":4},"end":{"line":149,"column":5}},"loc":{"start":{"line":149,"column":27},"end":{"line":163,"column":5}},"line":149},"11":{"name":"(anonymous_11)","decl":{"start":{"line":165,"column":4},"end":{"line":165,"column":5}},"loc":{"start":{"line":165,"column":21},"end":{"line":190,"column":5}},"line":165},"12":{"name":"(anonymous_12)","decl":{"start":{"line":192,"column":4},"end":{"line":192,"column":5}},"loc":{"start":{"line":192,"column":36},"end":{"line":209,"column":5}},"line":192},"13":{"name":"(anonymous_13)","decl":{"start":{"line":198,"column":39},"end":{"line":198,"column":40}},"loc":{"start":{"line":198,"column":44},"end":{"line":198,"column":69}},"line":198},"14":{"name":"(anonymous_14)","decl":{"start":{"line":211,"column":4},"end":{"line":211,"column":5}},"loc":{"start":{"line":211,"column":38},"end":{"line":832,"column":5}},"line":211},"15":{"name":"(anonymous_15)","decl":{"start":{"line":263,"column":64},"end":{"line":263,"column":65}},"loc":{"start":{"line":263,"column":72},"end":{"line":263,"column":105}},"line":263},"16":{"name":"(anonymous_16)","decl":{"start":{"line":834,"column":4},"end":{"line":834,"column":5}},"loc":{"start":{"line":834,"column":26},"end":{"line":906,"column":5}},"line":834},"17":{"name":"(anonymous_17)","decl":{"start":{"line":908,"column":4},"end":{"line":908,"column":5}},"loc":{"start":{"line":908,"column":28},"end":{"line":1077,"column":5}},"line":908},"18":{"name":"(anonymous_18)","decl":{"start":{"line":964,"column":26},"end":{"line":964,"column":27}},"loc":{"start":{"line":964,"column":32},"end":{"line":1039,"column":9}},"line":964},"19":{"name":"(anonymous_19)","decl":{"start":{"line":1019,"column":118},"end":{"line":1019,"column":119}},"loc":{"start":{"line":1019,"column":127},"end":{"line":1026,"column":17}},"line":1019},"20":{"name":"(anonymous_20)","decl":{"start":{"line":1041,"column":25},"end":{"line":1041,"column":26}},"loc":{"start":{"line":1041,"column":31},"end":{"line":1070,"column":9}},"line":1041},"21":{"name":"(anonymous_21)","decl":{"start":{"line":1065,"column":110},"end":{"line":1065,"column":111}},"loc":{"start":{"line":1065,"column":119},"end":{"line":1069,"column":13}},"line":1065},"22":{"name":"(anonymous_22)","decl":{"start":{"line":1079,"column":4},"end":{"line":1079,"column":5}},"loc":{"start":{"line":1079,"column":38},"end":{"line":1083,"column":5}},"line":1079},"23":{"name":"(anonymous_23)","decl":{"start":{"line":1085,"column":4},"end":{"line":1085,"column":5}},"loc":{"start":{"line":1085,"column":38},"end":{"line":1089,"column":5}},"line":1085},"24":{"name":"(anonymous_24)","decl":{"start":{"line":1091,"column":4},"end":{"line":1091,"column":5}},"loc":{"start":{"line":1091,"column":36},"end":{"line":1096,"column":5}},"line":1091},"25":{"name":"(anonymous_25)","decl":{"start":{"line":1103,"column":32},"end":{"line":1103,"column":33}},"loc":{"start":{"line":1103,"column":42},"end":{"line":1124,"column":1}},"line":1103},"26":{"name":"(anonymous_26)","decl":{"start":{"line":1105,"column":22},"end":{"line":1105,"column":23}},"loc":{"start":{"line":1105,"column":36},"end":{"line":1107,"column":5}},"line":1105},"27":{"name":"(anonymous_27)","decl":{"start":{"line":1109,"column":23},"end":{"line":1109,"column":24}},"loc":{"start":{"line":1109,"column":30},"end":{"line":1111,"column":5}},"line":1109},"28":{"name":"(anonymous_28)","decl":{"start":{"line":1113,"column":23},"end":{"line":1113,"column":24}},"loc":{"start":{"line":1113,"column":29},"end":{"line":1123,"column":5}},"line":1113},"29":{"name":"(anonymous_29)","decl":{"start":{"line":1126,"column":36},"end":{"line":1126,"column":37}},"loc":{"start":{"line":1126,"column":42},"end":{"line":1129,"column":1}},"line":1126},"30":{"name":"(anonymous_30)","decl":{"start":{"line":1131,"column":21},"end":{"line":1131,"column":22}},"loc":{"start":{"line":1131,"column":27},"end":{"line":1138,"column":1}},"line":1131},"31":{"name":"(anonymous_31)","decl":{"start":{"line":1134,"column":17},"end":{"line":1134,"column":18}},"loc":{"start":{"line":1134,"column":23},"end":{"line":1137,"column":5}},"line":1134}},"branchMap":{"0":{"loc":{"start":{"line":13,"column":14},"end":{"line":13,"column":41}},"type":"binary-expr","locations":[{"start":{"line":13,"column":14},"end":{"line":13,"column":31}},{"start":{"line":13,"column":35},"end":{"line":13,"column":41}}],"line":13},"1":{"loc":{"start":{"line":14,"column":18},"end":{"line":14,"column":56}},"type":"binary-expr","locations":[{"start":{"line":14,"column":18},"end":{"line":14,"column":49}},{"start":{"line":14,"column":53},"end":{"line":14,"column":56}}],"line":14},"2":{"loc":{"start":{"line":32,"column":4},"end":{"line":40,"column":5}},"type":"if","locations":[{"start":{"line":32,"column":4},"end":{"line":40,"column":5}},{"start":{"line":36,"column":11},"end":{"line":40,"column":5}}],"line":32},"3":{"loc":{"start":{"line":45,"column":4},"end":{"line":45,"column":33}},"type":"if","locations":[{"start":{"line":45,"column":4},"end":{"line":45,"column":33}},{"start":{},"end":{}}],"line":45},"4":{"loc":{"start":{"line":47,"column":4},"end":{"line":47,"column":28}},"type":"if","locations":[{"start":{"line":47,"column":4},"end":{"line":47,"column":28}},{"start":{},"end":{}}],"line":47},"5":{"loc":{"start":{"line":65,"column":12},"end":{"line":70,"column":13}},"type":"if","locations":[{"start":{"line":65,"column":12},"end":{"line":70,"column":13}},{"start":{},"end":{}}],"line":65},"6":{"loc":{"start":{"line":72,"column":12},"end":{"line":76,"column":13}},"type":"if","locations":[{"start":{"line":72,"column":12},"end":{"line":76,"column":13}},{"start":{},"end":{}}],"line":72},"7":{"loc":{"start":{"line":82,"column":20},"end":{"line":86,"column":21}},"type":"if","locations":[{"start":{"line":82,"column":20},"end":{"line":86,"column":21}},{"start":{},"end":{}}],"line":82},"8":{"loc":{"start":{"line":104,"column":27},"end":{"line":104,"column":58}},"type":"cond-expr","locations":[{"start":{"line":104,"column":46},"end":{"line":104,"column":51}},{"start":{"line":104,"column":54},"end":{"line":104,"column":58}}],"line":104},"9":{"loc":{"start":{"line":126,"column":19},"end":{"line":126,"column":50}},"type":"binary-expr","locations":[{"start":{"line":126,"column":19},"end":{"line":126,"column":35}},{"start":{"line":126,"column":39},"end":{"line":126,"column":50}}],"line":126},"10":{"loc":{"start":{"line":134,"column":16},"end":{"line":134,"column":37}},"type":"default-arg","locations":[{"start":{"line":134,"column":23},"end":{"line":134,"column":37}}],"line":134},"11":{"loc":{"start":{"line":134,"column":39},"end":{"line":134,"column":66}},"type":"default-arg","locations":[{"start":{"line":134,"column":55},"end":{"line":134,"column":66}}],"line":134},"12":{"loc":{"start":{"line":134,"column":68},"end":{"line":134,"column":87}},"type":"default-arg","locations":[{"start":{"line":134,"column":76},"end":{"line":134,"column":87}}],"line":134},"13":{"loc":{"start":{"line":154,"column":12},"end":{"line":154,"column":33}},"type":"if","locations":[{"start":{"line":154,"column":12},"end":{"line":154,"column":33}},{"start":{},"end":{}}],"line":154},"14":{"loc":{"start":{"line":156,"column":12},"end":{"line":160,"column":13}},"type":"if","locations":[{"start":{"line":156,"column":12},"end":{"line":160,"column":13}},{"start":{},"end":{}}],"line":156},"15":{"loc":{"start":{"line":166,"column":8},"end":{"line":181,"column":9}},"type":"if","locations":[{"start":{"line":166,"column":8},"end":{"line":181,"column":9}},{"start":{},"end":{}}],"line":166},"16":{"loc":{"start":{"line":170,"column":16},"end":{"line":172,"column":17}},"type":"if","locations":[{"start":{"line":170,"column":16},"end":{"line":172,"column":17}},{"start":{},"end":{}}],"line":170},"17":{"loc":{"start":{"line":176,"column":16},"end":{"line":178,"column":17}},"type":"if","locations":[{"start":{"line":176,"column":16},"end":{"line":178,"column":17}},{"start":{},"end":{}}],"line":176},"18":{"loc":{"start":{"line":179,"column":23},"end":{"line":179,"column":34}},"type":"binary-expr","locations":[{"start":{"line":179,"column":23},"end":{"line":179,"column":27}},{"start":{"line":179,"column":31},"end":{"line":179,"column":34}}],"line":179},"19":{"loc":{"start":{"line":186,"column":8},"end":{"line":188,"column":9}},"type":"if","locations":[{"start":{"line":186,"column":8},"end":{"line":188,"column":9}},{"start":{},"end":{}}],"line":186},"20":{"loc":{"start":{"line":193,"column":8},"end":{"line":195,"column":9}},"type":"if","locations":[{"start":{"line":193,"column":8},"end":{"line":195,"column":9}},{"start":{},"end":{}}],"line":193},"21":{"loc":{"start":{"line":199,"column":8},"end":{"line":206,"column":9}},"type":"if","locations":[{"start":{"line":199,"column":8},"end":{"line":206,"column":9}},{"start":{},"end":{}}],"line":199},"22":{"loc":{"start":{"line":201,"column":12},"end":{"line":205,"column":13}},"type":"if","locations":[{"start":{"line":201,"column":12},"end":{"line":205,"column":13}},{"start":{},"end":{}}],"line":201},"23":{"loc":{"start":{"line":215,"column":8},"end":{"line":217,"column":9}},"type":"if","locations":[{"start":{"line":215,"column":8},"end":{"line":217,"column":9}},{"start":{},"end":{}}],"line":215},"24":{"loc":{"start":{"line":215,"column":12},"end":{"line":215,"column":74}},"type":"binary-expr","locations":[{"start":{"line":215,"column":12},"end":{"line":215,"column":41}},{"start":{"line":215,"column":45},"end":{"line":215,"column":74}}],"line":215},"25":{"loc":{"start":{"line":221,"column":25},"end":{"line":221,"column":60}},"type":"binary-expr","locations":[{"start":{"line":221,"column":25},"end":{"line":221,"column":37}},{"start":{"line":221,"column":41},"end":{"line":221,"column":53}},{"start":{"line":221,"column":57},"end":{"line":221,"column":60}}],"line":221},"26":{"loc":{"start":{"line":226,"column":12},"end":{"line":230,"column":13}},"type":"if","locations":[{"start":{"line":226,"column":12},"end":{"line":230,"column":13}},{"start":{"line":228,"column":19},"end":{"line":230,"column":13}}],"line":226},"27":{"loc":{"start":{"line":238,"column":27},"end":{"line":238,"column":52}},"type":"binary-expr","locations":[{"start":{"line":238,"column":27},"end":{"line":238,"column":44}},{"start":{"line":238,"column":48},"end":{"line":238,"column":52}}],"line":238},"28":{"loc":{"start":{"line":243,"column":12},"end":{"line":245,"column":13}},"type":"if","locations":[{"start":{"line":243,"column":12},"end":{"line":245,"column":13}},{"start":{},"end":{}}],"line":243},"29":{"loc":{"start":{"line":243,"column":18},"end":{"line":243,"column":129}},"type":"binary-expr","locations":[{"start":{"line":243,"column":18},"end":{"line":243,"column":39}},{"start":{"line":243,"column":43},"end":{"line":243,"column":61}},{"start":{"line":243,"column":65},"end":{"line":243,"column":82}},{"start":{"line":243,"column":86},"end":{"line":243,"column":104}},{"start":{"line":243,"column":108},"end":{"line":243,"column":129}}],"line":243},"30":{"loc":{"start":{"line":249,"column":12},"end":{"line":251,"column":13}},"type":"if","locations":[{"start":{"line":249,"column":12},"end":{"line":251,"column":13}},{"start":{},"end":{}}],"line":249},"31":{"loc":{"start":{"line":249,"column":16},"end":{"line":249,"column":57}},"type":"binary-expr","locations":[{"start":{"line":249,"column":16},"end":{"line":249,"column":25}},{"start":{"line":249,"column":29},"end":{"line":249,"column":57}}],"line":249},"32":{"loc":{"start":{"line":254,"column":12},"end":{"line":404,"column":13}},"type":"if","locations":[{"start":{"line":254,"column":12},"end":{"line":404,"column":13}},{"start":{},"end":{}}],"line":254},"33":{"loc":{"start":{"line":254,"column":16},"end":{"line":254,"column":127}},"type":"binary-expr","locations":[{"start":{"line":254,"column":16},"end":{"line":254,"column":37}},{"start":{"line":254,"column":41},"end":{"line":254,"column":59}},{"start":{"line":254,"column":63},"end":{"line":254,"column":80}},{"start":{"line":254,"column":84},"end":{"line":254,"column":102}},{"start":{"line":254,"column":106},"end":{"line":254,"column":127}}],"line":254},"34":{"loc":{"start":{"line":255,"column":16},"end":{"line":403,"column":17}},"type":"if","locations":[{"start":{"line":255,"column":16},"end":{"line":403,"column":17}},{"start":{"line":258,"column":23},"end":{"line":403,"column":17}}],"line":255},"35":{"loc":{"start":{"line":255,"column":20},"end":{"line":255,"column":78}},"type":"binary-expr","locations":[{"start":{"line":255,"column":20},"end":{"line":255,"column":40}},{"start":{"line":255,"column":44},"end":{"line":255,"column":78}}],"line":255},"36":{"loc":{"start":{"line":264,"column":20},"end":{"line":266,"column":21}},"type":"if","locations":[{"start":{"line":264,"column":20},"end":{"line":266,"column":21}},{"start":{},"end":{}}],"line":264},"37":{"loc":{"start":{"line":269,"column":20},"end":{"line":286,"column":21}},"type":"if","locations":[{"start":{"line":269,"column":20},"end":{"line":286,"column":21}},{"start":{},"end":{}}],"line":269},"38":{"loc":{"start":{"line":269,"column":24},"end":{"line":269,"column":57}},"type":"binary-expr","locations":[{"start":{"line":269,"column":24},"end":{"line":269,"column":36}},{"start":{"line":269,"column":40},"end":{"line":269,"column":57}}],"line":269},"39":{"loc":{"start":{"line":276,"column":28},"end":{"line":282,"column":29}},"type":"if","locations":[{"start":{"line":276,"column":28},"end":{"line":282,"column":29}},{"start":{},"end":{}}],"line":276},"40":{"loc":{"start":{"line":288,"column":20},"end":{"line":304,"column":21}},"type":"if","locations":[{"start":{"line":288,"column":20},"end":{"line":304,"column":21}},{"start":{},"end":{}}],"line":288},"41":{"loc":{"start":{"line":308,"column":24},"end":{"line":329,"column":25}},"type":"if","locations":[{"start":{"line":308,"column":24},"end":{"line":329,"column":25}},{"start":{},"end":{}}],"line":308},"42":{"loc":{"start":{"line":332,"column":24},"end":{"line":360,"column":25}},"type":"if","locations":[{"start":{"line":332,"column":24},"end":{"line":360,"column":25}},{"start":{"line":349,"column":31},"end":{"line":360,"column":25}}],"line":332},"43":{"loc":{"start":{"line":333,"column":28},"end":{"line":348,"column":29}},"type":"if","locations":[{"start":{"line":333,"column":28},"end":{"line":348,"column":29}},{"start":{"line":338,"column":35},"end":{"line":348,"column":29}}],"line":333},"44":{"loc":{"start":{"line":363,"column":24},"end":{"line":378,"column":25}},"type":"if","locations":[{"start":{"line":363,"column":24},"end":{"line":378,"column":25}},{"start":{},"end":{}}],"line":363},"45":{"loc":{"start":{"line":384,"column":24},"end":{"line":398,"column":25}},"type":"if","locations":[{"start":{"line":384,"column":24},"end":{"line":398,"column":25}},{"start":{},"end":{}}],"line":384},"46":{"loc":{"start":{"line":406,"column":12},"end":{"line":444,"column":13}},"type":"if","locations":[{"start":{"line":406,"column":12},"end":{"line":444,"column":13}},{"start":{},"end":{}}],"line":406},"47":{"loc":{"start":{"line":409,"column":16},"end":{"line":417,"column":17}},"type":"if","locations":[{"start":{"line":409,"column":16},"end":{"line":417,"column":17}},{"start":{"line":412,"column":23},"end":{"line":417,"column":17}}],"line":409},"48":{"loc":{"start":{"line":412,"column":23},"end":{"line":417,"column":17}},"type":"if","locations":[{"start":{"line":412,"column":23},"end":{"line":417,"column":17}},{"start":{"line":415,"column":23},"end":{"line":417,"column":17}}],"line":412},"49":{"loc":{"start":{"line":421,"column":45},"end":{"line":421,"column":82}},"type":"binary-expr","locations":[{"start":{"line":421,"column":45},"end":{"line":421,"column":52}},{"start":{"line":421,"column":56},"end":{"line":421,"column":82}}],"line":421},"50":{"loc":{"start":{"line":433,"column":20},"end":{"line":433,"column":88}},"type":"cond-expr","locations":[{"start":{"line":433,"column":43},"end":{"line":433,"column":81}},{"start":{"line":433,"column":84},"end":{"line":433,"column":88}}],"line":433},"51":{"loc":{"start":{"line":434,"column":20},"end":{"line":434,"column":88}},"type":"cond-expr","locations":[{"start":{"line":434,"column":43},"end":{"line":434,"column":81}},{"start":{"line":434,"column":84},"end":{"line":434,"column":88}}],"line":434},"52":{"loc":{"start":{"line":440,"column":20},"end":{"line":440,"column":104}},"type":"cond-expr","locations":[{"start":{"line":440,"column":59},"end":{"line":440,"column":97}},{"start":{"line":440,"column":100},"end":{"line":440,"column":104}}],"line":440},"53":{"loc":{"start":{"line":441,"column":20},"end":{"line":441,"column":104}},"type":"cond-expr","locations":[{"start":{"line":441,"column":59},"end":{"line":441,"column":97}},{"start":{"line":441,"column":100},"end":{"line":441,"column":104}}],"line":441},"54":{"loc":{"start":{"line":447,"column":12},"end":{"line":450,"column":13}},"type":"if","locations":[{"start":{"line":447,"column":12},"end":{"line":450,"column":13}},{"start":{},"end":{}}],"line":447},"55":{"loc":{"start":{"line":447,"column":16},"end":{"line":447,"column":55}},"type":"binary-expr","locations":[{"start":{"line":447,"column":16},"end":{"line":447,"column":28}},{"start":{"line":447,"column":32},"end":{"line":447,"column":55}}],"line":447},"56":{"loc":{"start":{"line":454,"column":12},"end":{"line":461,"column":13}},"type":"if","locations":[{"start":{"line":454,"column":12},"end":{"line":461,"column":13}},{"start":{},"end":{}}],"line":454},"57":{"loc":{"start":{"line":454,"column":16},"end":{"line":454,"column":115}},"type":"binary-expr","locations":[{"start":{"line":454,"column":16},"end":{"line":454,"column":23}},{"start":{"line":454,"column":28},"end":{"line":454,"column":46}},{"start":{"line":454,"column":50},"end":{"line":454,"column":67}},{"start":{"line":454,"column":71},"end":{"line":454,"column":89}},{"start":{"line":454,"column":93},"end":{"line":454,"column":114}}],"line":454},"58":{"loc":{"start":{"line":456,"column":20},"end":{"line":459,"column":21}},"type":"if","locations":[{"start":{"line":456,"column":20},"end":{"line":459,"column":21}},{"start":{},"end":{}}],"line":456},"59":{"loc":{"start":{"line":456,"column":24},"end":{"line":456,"column":82}},"type":"binary-expr","locations":[{"start":{"line":456,"column":24},"end":{"line":456,"column":51}},{"start":{"line":456,"column":55},"end":{"line":456,"column":82}}],"line":456},"60":{"loc":{"start":{"line":463,"column":12},"end":{"line":483,"column":13}},"type":"if","locations":[{"start":{"line":463,"column":12},"end":{"line":483,"column":13}},{"start":{},"end":{}}],"line":463},"61":{"loc":{"start":{"line":463,"column":16},"end":{"line":463,"column":48}},"type":"binary-expr","locations":[{"start":{"line":463,"column":16},"end":{"line":463,"column":23}},{"start":{"line":463,"column":27},"end":{"line":463,"column":48}}],"line":463},"62":{"loc":{"start":{"line":477,"column":20},"end":{"line":477,"column":104}},"type":"cond-expr","locations":[{"start":{"line":477,"column":59},"end":{"line":477,"column":97}},{"start":{"line":477,"column":100},"end":{"line":477,"column":104}}],"line":477},"63":{"loc":{"start":{"line":478,"column":20},"end":{"line":478,"column":104}},"type":"cond-expr","locations":[{"start":{"line":478,"column":59},"end":{"line":478,"column":97}},{"start":{"line":478,"column":100},"end":{"line":478,"column":104}}],"line":478},"64":{"loc":{"start":{"line":485,"column":12},"end":{"line":827,"column":13}},"type":"switch","locations":[{"start":{"line":486,"column":16},"end":{"line":538,"column":26}},{"start":{"line":540,"column":16},"end":{"line":593,"column":26}},{"start":{"line":595,"column":16},"end":{"line":675,"column":26}},{"start":{"line":677,"column":16},"end":{"line":751,"column":26}},{"start":{"line":753,"column":16},"end":{"line":823,"column":26}},{"start":{"line":825,"column":16},"end":{"line":826,"column":90}}],"line":485},"65":{"loc":{"start":{"line":487,"column":20},"end":{"line":511,"column":21}},"type":"if","locations":[{"start":{"line":487,"column":20},"end":{"line":511,"column":21}},{"start":{},"end":{}}],"line":487},"66":{"loc":{"start":{"line":501,"column":28},"end":{"line":501,"column":112}},"type":"cond-expr","locations":[{"start":{"line":501,"column":67},"end":{"line":501,"column":105}},{"start":{"line":501,"column":108},"end":{"line":501,"column":112}}],"line":501},"67":{"loc":{"start":{"line":502,"column":28},"end":{"line":502,"column":112}},"type":"cond-expr","locations":[{"start":{"line":502,"column":67},"end":{"line":502,"column":105}},{"start":{"line":502,"column":108},"end":{"line":502,"column":112}}],"line":502},"68":{"loc":{"start":{"line":507,"column":28},"end":{"line":507,"column":112}},"type":"cond-expr","locations":[{"start":{"line":507,"column":67},"end":{"line":507,"column":105}},{"start":{"line":507,"column":108},"end":{"line":507,"column":112}}],"line":507},"69":{"loc":{"start":{"line":508,"column":28},"end":{"line":508,"column":112}},"type":"cond-expr","locations":[{"start":{"line":508,"column":67},"end":{"line":508,"column":105}},{"start":{"line":508,"column":108},"end":{"line":508,"column":112}}],"line":508},"70":{"loc":{"start":{"line":512,"column":42},"end":{"line":512,"column":76}},"type":"binary-expr","locations":[{"start":{"line":512,"column":42},"end":{"line":512,"column":61}},{"start":{"line":512,"column":65},"end":{"line":512,"column":76}}],"line":512},"71":{"loc":{"start":{"line":528,"column":24},"end":{"line":528,"column":108}},"type":"cond-expr","locations":[{"start":{"line":528,"column":63},"end":{"line":528,"column":101}},{"start":{"line":528,"column":104},"end":{"line":528,"column":108}}],"line":528},"72":{"loc":{"start":{"line":529,"column":24},"end":{"line":529,"column":108}},"type":"cond-expr","locations":[{"start":{"line":529,"column":63},"end":{"line":529,"column":101}},{"start":{"line":529,"column":104},"end":{"line":529,"column":108}}],"line":529},"73":{"loc":{"start":{"line":535,"column":24},"end":{"line":535,"column":108}},"type":"cond-expr","locations":[{"start":{"line":535,"column":63},"end":{"line":535,"column":101}},{"start":{"line":535,"column":104},"end":{"line":535,"column":108}}],"line":535},"74":{"loc":{"start":{"line":536,"column":24},"end":{"line":536,"column":108}},"type":"cond-expr","locations":[{"start":{"line":536,"column":63},"end":{"line":536,"column":101}},{"start":{"line":536,"column":104},"end":{"line":536,"column":108}}],"line":536},"75":{"loc":{"start":{"line":543,"column":58},"end":{"line":543,"column":81}},"type":"binary-expr","locations":[{"start":{"line":543,"column":58},"end":{"line":543,"column":75}},{"start":{"line":543,"column":79},"end":{"line":543,"column":81}}],"line":543},"76":{"loc":{"start":{"line":551,"column":20},"end":{"line":554,"column":21}},"type":"if","locations":[{"start":{"line":551,"column":20},"end":{"line":554,"column":21}},{"start":{},"end":{}}],"line":551},"77":{"loc":{"start":{"line":551,"column":24},"end":{"line":551,"column":65}},"type":"binary-expr","locations":[{"start":{"line":551,"column":24},"end":{"line":551,"column":33}},{"start":{"line":551,"column":37},"end":{"line":551,"column":65}}],"line":551},"78":{"loc":{"start":{"line":557,"column":30},"end":{"line":557,"column":62}},"type":"cond-expr","locations":[{"start":{"line":557,"column":39},"end":{"line":557,"column":50}},{"start":{"line":557,"column":53},"end":{"line":557,"column":62}}],"line":557},"79":{"loc":{"start":{"line":568,"column":31},"end":{"line":568,"column":60}},"type":"cond-expr","locations":[{"start":{"line":568,"column":40},"end":{"line":568,"column":52}},{"start":{"line":568,"column":55},"end":{"line":568,"column":60}}],"line":568},"80":{"loc":{"start":{"line":589,"column":84},"end":{"line":589,"column":116}},"type":"cond-expr","locations":[{"start":{"line":589,"column":93},"end":{"line":589,"column":104}},{"start":{"line":589,"column":107},"end":{"line":589,"column":116}}],"line":589},"81":{"loc":{"start":{"line":590,"column":91},"end":{"line":590,"column":123}},"type":"cond-expr","locations":[{"start":{"line":590,"column":100},"end":{"line":590,"column":111}},{"start":{"line":590,"column":114},"end":{"line":590,"column":123}}],"line":590},"82":{"loc":{"start":{"line":598,"column":20},"end":{"line":625,"column":21}},"type":"if","locations":[{"start":{"line":598,"column":20},"end":{"line":625,"column":21}},{"start":{},"end":{}}],"line":598},"83":{"loc":{"start":{"line":603,"column":53},"end":{"line":603,"column":90}},"type":"binary-expr","locations":[{"start":{"line":603,"column":53},"end":{"line":603,"column":60}},{"start":{"line":603,"column":64},"end":{"line":603,"column":90}}],"line":603},"84":{"loc":{"start":{"line":615,"column":28},"end":{"line":615,"column":97}},"type":"cond-expr","locations":[{"start":{"line":615,"column":51},"end":{"line":615,"column":90}},{"start":{"line":615,"column":93},"end":{"line":615,"column":97}}],"line":615},"85":{"loc":{"start":{"line":616,"column":28},"end":{"line":616,"column":97}},"type":"cond-expr","locations":[{"start":{"line":616,"column":51},"end":{"line":616,"column":90}},{"start":{"line":616,"column":93},"end":{"line":616,"column":97}}],"line":616},"86":{"loc":{"start":{"line":621,"column":28},"end":{"line":621,"column":114}},"type":"cond-expr","locations":[{"start":{"line":621,"column":68},"end":{"line":621,"column":107}},{"start":{"line":621,"column":110},"end":{"line":621,"column":114}}],"line":621},"87":{"loc":{"start":{"line":622,"column":28},"end":{"line":622,"column":114}},"type":"cond-expr","locations":[{"start":{"line":622,"column":68},"end":{"line":622,"column":107}},{"start":{"line":622,"column":110},"end":{"line":622,"column":114}}],"line":622},"88":{"loc":{"start":{"line":630,"column":20},"end":{"line":639,"column":21}},"type":"if","locations":[{"start":{"line":630,"column":20},"end":{"line":639,"column":21}},{"start":{"line":637,"column":27},"end":{"line":639,"column":21}}],"line":630},"89":{"loc":{"start":{"line":656,"column":24},"end":{"line":656,"column":110}},"type":"cond-expr","locations":[{"start":{"line":656,"column":64},"end":{"line":656,"column":103}},{"start":{"line":656,"column":106},"end":{"line":656,"column":110}}],"line":656},"90":{"loc":{"start":{"line":657,"column":24},"end":{"line":657,"column":110}},"type":"cond-expr","locations":[{"start":{"line":657,"column":64},"end":{"line":657,"column":103}},{"start":{"line":657,"column":106},"end":{"line":657,"column":110}}],"line":657},"91":{"loc":{"start":{"line":662,"column":26},"end":{"line":662,"column":112}},"type":"cond-expr","locations":[{"start":{"line":662,"column":66},"end":{"line":662,"column":105}},{"start":{"line":662,"column":108},"end":{"line":662,"column":112}}],"line":662},"92":{"loc":{"start":{"line":663,"column":26},"end":{"line":663,"column":112}},"type":"cond-expr","locations":[{"start":{"line":663,"column":66},"end":{"line":663,"column":105}},{"start":{"line":663,"column":108},"end":{"line":663,"column":112}}],"line":663},"93":{"loc":{"start":{"line":666,"column":26},"end":{"line":666,"column":112}},"type":"cond-expr","locations":[{"start":{"line":666,"column":66},"end":{"line":666,"column":105}},{"start":{"line":666,"column":108},"end":{"line":666,"column":112}}],"line":666},"94":{"loc":{"start":{"line":667,"column":26},"end":{"line":667,"column":112}},"type":"cond-expr","locations":[{"start":{"line":667,"column":66},"end":{"line":667,"column":105}},{"start":{"line":667,"column":108},"end":{"line":667,"column":112}}],"line":667},"95":{"loc":{"start":{"line":670,"column":24},"end":{"line":670,"column":110}},"type":"cond-expr","locations":[{"start":{"line":670,"column":64},"end":{"line":670,"column":103}},{"start":{"line":670,"column":106},"end":{"line":670,"column":110}}],"line":670},"96":{"loc":{"start":{"line":671,"column":24},"end":{"line":671,"column":110}},"type":"cond-expr","locations":[{"start":{"line":671,"column":64},"end":{"line":671,"column":103}},{"start":{"line":671,"column":106},"end":{"line":671,"column":110}}],"line":671},"97":{"loc":{"start":{"line":680,"column":20},"end":{"line":704,"column":21}},"type":"if","locations":[{"start":{"line":680,"column":20},"end":{"line":704,"column":21}},{"start":{},"end":{}}],"line":680},"98":{"loc":{"start":{"line":694,"column":28},"end":{"line":694,"column":122}},"type":"cond-expr","locations":[{"start":{"line":694,"column":72},"end":{"line":694,"column":115}},{"start":{"line":694,"column":118},"end":{"line":694,"column":122}}],"line":694},"99":{"loc":{"start":{"line":695,"column":28},"end":{"line":695,"column":122}},"type":"cond-expr","locations":[{"start":{"line":695,"column":72},"end":{"line":695,"column":115}},{"start":{"line":695,"column":118},"end":{"line":695,"column":122}}],"line":695},"100":{"loc":{"start":{"line":700,"column":28},"end":{"line":700,"column":122}},"type":"cond-expr","locations":[{"start":{"line":700,"column":72},"end":{"line":700,"column":115}},{"start":{"line":700,"column":118},"end":{"line":700,"column":122}}],"line":700},"101":{"loc":{"start":{"line":701,"column":28},"end":{"line":701,"column":122}},"type":"cond-expr","locations":[{"start":{"line":701,"column":72},"end":{"line":701,"column":115}},{"start":{"line":701,"column":118},"end":{"line":701,"column":122}}],"line":701},"102":{"loc":{"start":{"line":706,"column":20},"end":{"line":717,"column":21}},"type":"if","locations":[{"start":{"line":706,"column":20},"end":{"line":717,"column":21}},{"start":{},"end":{}}],"line":706},"103":{"loc":{"start":{"line":709,"column":24},"end":{"line":712,"column":25}},"type":"if","locations":[{"start":{"line":709,"column":24},"end":{"line":712,"column":25}},{"start":{},"end":{}}],"line":709},"104":{"loc":{"start":{"line":713,"column":24},"end":{"line":716,"column":25}},"type":"if","locations":[{"start":{"line":713,"column":24},"end":{"line":716,"column":25}},{"start":{},"end":{}}],"line":713},"105":{"loc":{"start":{"line":732,"column":24},"end":{"line":732,"column":118}},"type":"cond-expr","locations":[{"start":{"line":732,"column":68},"end":{"line":732,"column":111}},{"start":{"line":732,"column":114},"end":{"line":732,"column":118}}],"line":732},"106":{"loc":{"start":{"line":733,"column":24},"end":{"line":733,"column":118}},"type":"cond-expr","locations":[{"start":{"line":733,"column":68},"end":{"line":733,"column":111}},{"start":{"line":733,"column":114},"end":{"line":733,"column":118}}],"line":733},"107":{"loc":{"start":{"line":738,"column":26},"end":{"line":738,"column":120}},"type":"cond-expr","locations":[{"start":{"line":738,"column":70},"end":{"line":738,"column":113}},{"start":{"line":738,"column":116},"end":{"line":738,"column":120}}],"line":738},"108":{"loc":{"start":{"line":739,"column":26},"end":{"line":739,"column":120}},"type":"cond-expr","locations":[{"start":{"line":739,"column":70},"end":{"line":739,"column":113}},{"start":{"line":739,"column":116},"end":{"line":739,"column":120}}],"line":739},"109":{"loc":{"start":{"line":742,"column":51},"end":{"line":742,"column":94}},"type":"binary-expr","locations":[{"start":{"line":742,"column":51},"end":{"line":742,"column":61}},{"start":{"line":742,"column":65},"end":{"line":742,"column":94}}],"line":742},"110":{"loc":{"start":{"line":744,"column":26},"end":{"line":744,"column":99}},"type":"cond-expr","locations":[{"start":{"line":744,"column":49},"end":{"line":744,"column":92}},{"start":{"line":744,"column":95},"end":{"line":744,"column":99}}],"line":744},"111":{"loc":{"start":{"line":745,"column":26},"end":{"line":745,"column":99}},"type":"cond-expr","locations":[{"start":{"line":745,"column":49},"end":{"line":745,"column":92}},{"start":{"line":745,"column":95},"end":{"line":745,"column":99}}],"line":745},"112":{"loc":{"start":{"line":748,"column":24},"end":{"line":748,"column":118}},"type":"cond-expr","locations":[{"start":{"line":748,"column":68},"end":{"line":748,"column":111}},{"start":{"line":748,"column":114},"end":{"line":748,"column":118}}],"line":748},"113":{"loc":{"start":{"line":749,"column":24},"end":{"line":749,"column":118}},"type":"cond-expr","locations":[{"start":{"line":749,"column":68},"end":{"line":749,"column":111}},{"start":{"line":749,"column":114},"end":{"line":749,"column":118}}],"line":749},"114":{"loc":{"start":{"line":756,"column":20},"end":{"line":780,"column":21}},"type":"if","locations":[{"start":{"line":756,"column":20},"end":{"line":780,"column":21}},{"start":{},"end":{}}],"line":756},"115":{"loc":{"start":{"line":770,"column":28},"end":{"line":770,"column":114}},"type":"cond-expr","locations":[{"start":{"line":770,"column":68},"end":{"line":770,"column":107}},{"start":{"line":770,"column":110},"end":{"line":770,"column":114}}],"line":770},"116":{"loc":{"start":{"line":771,"column":28},"end":{"line":771,"column":114}},"type":"cond-expr","locations":[{"start":{"line":771,"column":68},"end":{"line":771,"column":107}},{"start":{"line":771,"column":110},"end":{"line":771,"column":114}}],"line":771},"117":{"loc":{"start":{"line":776,"column":28},"end":{"line":776,"column":114}},"type":"cond-expr","locations":[{"start":{"line":776,"column":68},"end":{"line":776,"column":107}},{"start":{"line":776,"column":110},"end":{"line":776,"column":114}}],"line":776},"118":{"loc":{"start":{"line":777,"column":28},"end":{"line":777,"column":114}},"type":"cond-expr","locations":[{"start":{"line":777,"column":68},"end":{"line":777,"column":107}},{"start":{"line":777,"column":110},"end":{"line":777,"column":114}}],"line":777},"119":{"loc":{"start":{"line":782,"column":20},"end":{"line":784,"column":21}},"type":"if","locations":[{"start":{"line":782,"column":20},"end":{"line":784,"column":21}},{"start":{},"end":{}}],"line":782},"120":{"loc":{"start":{"line":785,"column":20},"end":{"line":787,"column":21}},"type":"if","locations":[{"start":{"line":785,"column":20},"end":{"line":787,"column":21}},{"start":{},"end":{}}],"line":785},"121":{"loc":{"start":{"line":804,"column":24},"end":{"line":804,"column":110}},"type":"cond-expr","locations":[{"start":{"line":804,"column":64},"end":{"line":804,"column":103}},{"start":{"line":804,"column":106},"end":{"line":804,"column":110}}],"line":804},"122":{"loc":{"start":{"line":805,"column":24},"end":{"line":805,"column":110}},"type":"cond-expr","locations":[{"start":{"line":805,"column":64},"end":{"line":805,"column":103}},{"start":{"line":805,"column":106},"end":{"line":805,"column":110}}],"line":805},"123":{"loc":{"start":{"line":810,"column":24},"end":{"line":810,"column":110}},"type":"cond-expr","locations":[{"start":{"line":810,"column":64},"end":{"line":810,"column":103}},{"start":{"line":810,"column":106},"end":{"line":810,"column":110}}],"line":810},"124":{"loc":{"start":{"line":811,"column":24},"end":{"line":811,"column":110}},"type":"cond-expr","locations":[{"start":{"line":811,"column":64},"end":{"line":811,"column":103}},{"start":{"line":811,"column":106},"end":{"line":811,"column":110}}],"line":811},"125":{"loc":{"start":{"line":815,"column":24},"end":{"line":815,"column":110}},"type":"cond-expr","locations":[{"start":{"line":815,"column":64},"end":{"line":815,"column":103}},{"start":{"line":815,"column":106},"end":{"line":815,"column":110}}],"line":815},"126":{"loc":{"start":{"line":816,"column":24},"end":{"line":816,"column":110}},"type":"cond-expr","locations":[{"start":{"line":816,"column":64},"end":{"line":816,"column":103}},{"start":{"line":816,"column":106},"end":{"line":816,"column":110}}],"line":816},"127":{"loc":{"start":{"line":820,"column":24},"end":{"line":820,"column":110}},"type":"cond-expr","locations":[{"start":{"line":820,"column":64},"end":{"line":820,"column":103}},{"start":{"line":820,"column":106},"end":{"line":820,"column":110}}],"line":820},"128":{"loc":{"start":{"line":821,"column":24},"end":{"line":821,"column":110}},"type":"cond-expr","locations":[{"start":{"line":821,"column":64},"end":{"line":821,"column":103}},{"start":{"line":821,"column":106},"end":{"line":821,"column":110}}],"line":821},"129":{"loc":{"start":{"line":847,"column":16},"end":{"line":857,"column":17}},"type":"if","locations":[{"start":{"line":847,"column":16},"end":{"line":857,"column":17}},{"start":{"line":852,"column":23},"end":{"line":857,"column":17}}],"line":847},"130":{"loc":{"start":{"line":944,"column":12},"end":{"line":947,"column":13}},"type":"if","locations":[{"start":{"line":944,"column":12},"end":{"line":947,"column":13}},{"start":{},"end":{}}],"line":944},"131":{"loc":{"start":{"line":954,"column":18},"end":{"line":954,"column":38}},"type":"binary-expr","locations":[{"start":{"line":954,"column":18},"end":{"line":954,"column":33}},{"start":{"line":954,"column":37},"end":{"line":954,"column":38}}],"line":954},"132":{"loc":{"start":{"line":955,"column":26},"end":{"line":955,"column":50}},"type":"binary-expr","locations":[{"start":{"line":955,"column":26},"end":{"line":955,"column":45}},{"start":{"line":955,"column":49},"end":{"line":955,"column":50}}],"line":955},"133":{"loc":{"start":{"line":956,"column":25},"end":{"line":956,"column":48}},"type":"binary-expr","locations":[{"start":{"line":956,"column":25},"end":{"line":956,"column":43}},{"start":{"line":956,"column":47},"end":{"line":956,"column":48}}],"line":956},"134":{"loc":{"start":{"line":958,"column":32},"end":{"line":958,"column":69}},"type":"binary-expr","locations":[{"start":{"line":958,"column":32},"end":{"line":958,"column":55}},{"start":{"line":958,"column":59},"end":{"line":958,"column":69}}],"line":958},"135":{"loc":{"start":{"line":959,"column":27},"end":{"line":959,"column":53}},"type":"binary-expr","locations":[{"start":{"line":959,"column":27},"end":{"line":959,"column":48}},{"start":{"line":959,"column":52},"end":{"line":959,"column":53}}],"line":959},"136":{"loc":{"start":{"line":965,"column":12},"end":{"line":972,"column":13}},"type":"if","locations":[{"start":{"line":965,"column":12},"end":{"line":972,"column":13}},{"start":{},"end":{}}],"line":965},"137":{"loc":{"start":{"line":966,"column":16},"end":{"line":968,"column":17}},"type":"if","locations":[{"start":{"line":966,"column":16},"end":{"line":968,"column":17}},{"start":{},"end":{}}],"line":966},"138":{"loc":{"start":{"line":996,"column":16},"end":{"line":998,"column":17}},"type":"if","locations":[{"start":{"line":996,"column":16},"end":{"line":998,"column":17}},{"start":{},"end":{}}],"line":996},"139":{"loc":{"start":{"line":999,"column":16},"end":{"line":1001,"column":17}},"type":"if","locations":[{"start":{"line":999,"column":16},"end":{"line":1001,"column":17}},{"start":{},"end":{}}],"line":999},"140":{"loc":{"start":{"line":1019,"column":80},"end":{"line":1019,"column":116}},"type":"binary-expr","locations":[{"start":{"line":1019,"column":80},"end":{"line":1019,"column":101}},{"start":{"line":1019,"column":105},"end":{"line":1019,"column":116}}],"line":1019},"141":{"loc":{"start":{"line":1020,"column":20},"end":{"line":1025,"column":21}},"type":"if","locations":[{"start":{"line":1020,"column":20},"end":{"line":1025,"column":21}},{"start":{"line":1022,"column":27},"end":{"line":1025,"column":21}}],"line":1020},"142":{"loc":{"start":{"line":1042,"column":12},"end":{"line":1044,"column":13}},"type":"if","locations":[{"start":{"line":1042,"column":12},"end":{"line":1044,"column":13}},{"start":{},"end":{}}],"line":1042},"143":{"loc":{"start":{"line":1050,"column":40},"end":{"line":1050,"column":66}},"type":"binary-expr","locations":[{"start":{"line":1050,"column":40},"end":{"line":1050,"column":61}},{"start":{"line":1050,"column":65},"end":{"line":1050,"column":66}}],"line":1050},"144":{"loc":{"start":{"line":1062,"column":33},"end":{"line":1062,"column":57}},"type":"binary-expr","locations":[{"start":{"line":1062,"column":33},"end":{"line":1062,"column":52}},{"start":{"line":1062,"column":56},"end":{"line":1062,"column":57}}],"line":1062},"145":{"loc":{"start":{"line":1063,"column":33},"end":{"line":1063,"column":56}},"type":"binary-expr","locations":[{"start":{"line":1063,"column":33},"end":{"line":1063,"column":51}},{"start":{"line":1063,"column":55},"end":{"line":1063,"column":56}}],"line":1063},"146":{"loc":{"start":{"line":1065,"column":72},"end":{"line":1065,"column":108}},"type":"binary-expr","locations":[{"start":{"line":1065,"column":72},"end":{"line":1065,"column":93}},{"start":{"line":1065,"column":97},"end":{"line":1065,"column":108}}],"line":1065},"147":{"loc":{"start":{"line":1066,"column":16},"end":{"line":1068,"column":17}},"type":"if","locations":[{"start":{"line":1066,"column":16},"end":{"line":1068,"column":17}},{"start":{},"end":{}}],"line":1066},"148":{"loc":{"start":{"line":1080,"column":8},"end":{"line":1080,"column":36}},"type":"if","locations":[{"start":{"line":1080,"column":8},"end":{"line":1080,"column":36}},{"start":{},"end":{}}],"line":1080},"149":{"loc":{"start":{"line":1082,"column":15},"end":{"line":1082,"column":48}},"type":"cond-expr","locations":[{"start":{"line":1082,"column":25},"end":{"line":1082,"column":41}},{"start":{"line":1082,"column":44},"end":{"line":1082,"column":48}}],"line":1082},"150":{"loc":{"start":{"line":1086,"column":8},"end":{"line":1086,"column":36}},"type":"if","locations":[{"start":{"line":1086,"column":8},"end":{"line":1086,"column":36}},{"start":{},"end":{}}],"line":1086},"151":{"loc":{"start":{"line":1088,"column":15},"end":{"line":1088,"column":48}},"type":"cond-expr","locations":[{"start":{"line":1088,"column":25},"end":{"line":1088,"column":41}},{"start":{"line":1088,"column":44},"end":{"line":1088,"column":48}}],"line":1088},"152":{"loc":{"start":{"line":1092,"column":8},"end":{"line":1094,"column":9}},"type":"if","locations":[{"start":{"line":1092,"column":8},"end":{"line":1094,"column":9}},{"start":{},"end":{}}],"line":1092},"153":{"loc":{"start":{"line":1092,"column":12},"end":{"line":1092,"column":53}},"type":"binary-expr","locations":[{"start":{"line":1092,"column":12},"end":{"line":1092,"column":21}},{"start":{"line":1092,"column":25},"end":{"line":1092,"column":53}}],"line":1092},"154":{"loc":{"start":{"line":1115,"column":12},"end":{"line":1121,"column":13}},"type":"if","locations":[{"start":{"line":1115,"column":12},"end":{"line":1121,"column":13}},{"start":{},"end":{}}],"line":1115},"155":{"loc":{"start":{"line":1116,"column":16},"end":{"line":1116,"column":65}},"type":"if","locations":[{"start":{"line":1116,"column":16},"end":{"line":1116,"column":65}},{"start":{},"end":{}}],"line":1116},"156":{"loc":{"start":{"line":1117,"column":16},"end":{"line":1117,"column":67}},"type":"if","locations":[{"start":{"line":1117,"column":16},"end":{"line":1117,"column":67}},{"start":{},"end":{}}],"line":1117},"157":{"loc":{"start":{"line":1118,"column":16},"end":{"line":1118,"column":76}},"type":"if","locations":[{"start":{"line":1118,"column":16},"end":{"line":1118,"column":76}},{"start":{},"end":{}}],"line":1118},"158":{"loc":{"start":{"line":1119,"column":16},"end":{"line":1119,"column":78}},"type":"if","locations":[{"start":{"line":1119,"column":16},"end":{"line":1119,"column":78}},{"start":{},"end":{}}],"line":1119}},"s":{"0":3,"1":3,"2":3,"3":3,"4":3,"5":3,"6":3,"7":3,"8":3,"9":3,"10":3,"11":3,"12":3,"13":3,"14":3,"15":3,"16":0,"17":0,"18":3,"19":3,"20":18,"21":0,"22":18,"23":18,"24":0,"25":18,"26":18,"27":18,"28":18,"29":0,"30":0,"31":20,"32":20,"33":20,"34":20,"35":20,"36":4,"37":4,"38":4,"39":16,"40":2,"41":2,"42":14,"43":15,"44":15,"45":14,"46":9,"47":9,"48":1,"49":1,"50":5,"51":102,"52":102,"53":102,"54":102,"55":102,"56":102,"57":102,"58":102,"59":612,"60":102,"61":8,"62":8,"63":8,"64":50,"65":50,"66":50,"67":50,"68":50,"69":128,"70":50,"71":78,"72":78,"73":78,"74":78,"75":78,"76":50,"77":13,"78":12,"79":12,"80":12,"81":12,"82":0,"83":12,"84":0,"85":0,"86":0,"87":0,"88":1,"89":1,"90":1,"91":1,"92":0,"93":1,"94":5,"95":1,"96":4,"97":4,"98":12,"99":4,"100":4,"101":4,"102":4,"103":4,"104":4,"10
[...]
mous_24)","decl":{"start":{"line":506,"column":21},"end":{"line":506,"column":22}},"loc":{"start":{"line":506,"column":76},"end":{"line":520,"column":5}},"line":506},"25":{"name":"(anonymous_25)","decl":{"start":{"line":522,"column":25},"end":{"line":522,"column":26}},"loc":{"start":{"line":522,"column":76},"end":{"line":543,"column":5}},"line":522},"26":{"name":"(anonymous_26)","decl":{"start":{"line":545,"column":25},"end":{"line":545,"column":26}},"loc":{"start":{"line":545,"column":90},"end":{"line":568,"column":5}},"line":545},"27":{"name":"(anonymous_27)","decl":{"start":{"line":570,"column":25},"end":{"line":570,"column":26}},"loc":{"start":{"line":570,"column":125},"end":{"line":614,"column":5}},"line":570},"28":{"name":"(anonymous_28)","decl":{"start":{"line":616,"column":18},"end":{"line":616,"column":19}},"loc":{"start":{"line":616,"column":73},"end":{"line":630,"column":5}},"line":616},"29":{"name":"(anonymous_29)","decl":{"start":{"line":644,"column":21},"end":{"line":644,"column":22}},"loc":{"start":{"line":644,"column":27},"end":{"line":654,"column":1}},"line":644},"30":{"name":"(anonymous_30)","decl":{"start":{"line":656,"column":22},"end":{"line":656,"column":23}},"loc":{"start":{"line":656,"column":28},"end":{"line":666,"column":1}},"line":656}},"branchMap":{"0":{"loc":{"start":{"line":10,"column":16},"end":{"line":10,"column":73}},"type":"cond-expr","locations":[{"start":{"line":10,"column":45},"end":{"line":10,"column":58}},{"start":{"line":10,"column":61},"end":{"line":10,"column":73}}],"line":10},"1":{"loc":{"start":{"line":12,"column":0},"end":{"line":14,"column":1}},"type":"if","locations":[{"start":{"line":12,"column":0},"end":{"line":14,"column":1}},{"start":{},"end":{}}],"line":12},"2":{"loc":{"start":{"line":24,"column":8},"end":{"line":37,"column":9}},"type":"if","locations":[{"start":{"line":24,"column":8},"end":{"line":37,"column":9}},{"start":{},"end":{}}],"line":24},"3":{"loc":{"start":{"line":39,"column":8},"end":{"line":52,"column":9}},"type":"if","locations":[{"start":{"line":39,"column":8},"end":{"line":52,"column":9}},{"start":{},"end":{}}],"line":39},"4":{"loc":{"start":{"line":54,"column":8},"end":{"line":90,"column":9}},"type":"if","locations":[{"start":{"line":54,"column":8},"end":{"line":90,"column":9}},{"start":{},"end":{}}],"line":54},"5":{"loc":{"start":{"line":56,"column":16},"end":{"line":58,"column":17}},"type":"if","locations":[{"start":{"line":56,"column":16},"end":{"line":58,"column":17}},{"start":{},"end":{}}],"line":56},"6":{"loc":{"start":{"line":56,"column":20},"end":{"line":56,"column":84}},"type":"binary-expr","locations":[{"start":{"line":56,"column":20},"end":{"line":56,"column":36}},{"start":{"line":56,"column":40},"end":{"line":56,"column":84}}],"line":56},"7":{"loc":{"start":{"line":59,"column":16},"end":{"line":61,"column":17}},"type":"if","locations":[{"start":{"line":59,"column":16},"end":{"line":61,"column":17}},{"start":{},"end":{}}],"line":59},"8":{"loc":{"start":{"line":59,"column":20},"end":{"line":59,"column":88}},"type":"binary-expr","locations":[{"start":{"line":59,"column":20},"end":{"line":59,"column":38}},{"start":{"line":59,"column":42},"end":{"line":59,"column":88}}],"line":59},"9":{"loc":{"start":{"line":104,"column":8},"end":{"line":113,"column":9}},"type":"if","locations":[{"start":{"line":104,"column":8},"end":{"line":113,"column":9}},{"start":{"line":107,"column":15},"end":{"line":113,"column":9}}],"line":104},"10":{"loc":{"start":{"line":115,"column":8},"end":{"line":123,"column":9}},"type":"if","locations":[{"start":{"line":115,"column":8},"end":{"line":123,"column":9}},{"start":{"line":117,"column":15},"end":{"line":123,"column":9}}],"line":115},"11":{"loc":{"start":{"line":125,"column":8},"end":{"line":127,"column":9}},"type":"if","locations":[{"start":{"line":125,"column":8},"end":{"line":127,"column":9}},{"start":{},"end":{}}],"line":125},"12":{"loc":{"start":{"line":141,"column":12},"end":{"line":146,"column":13}},"type":"if","locations":[{"start":{"line":141,"column":12},"end":{"line":146,"column":13}},{"start":{},"end":{}}],"line":141},"13":{"loc":{"start":{"line":141,"column":16},"end":{"line":141,"column":50}},"type":"binary-expr","locations":[{"start":{"line":141,"column":16},"end":{"line":141,"column":38}},{"start":{"line":141,"column":42},"end":{"line":141,"column":50}}],"line":141},"14":{"loc":{"start":{"line":143,"column":16},"end":{"line":145,"column":17}},"type":"if","locations":[{"start":{"line":143,"column":16},"end":{"line":145,"column":17}},{"start":{},"end":{}}],"line":143},"15":{"loc":{"start":{"line":143,"column":20},"end":{"line":143,"column":73}},"type":"binary-expr","locations":[{"start":{"line":143,"column":20},"end":{"line":143,"column":44}},{"start":{"line":143,"column":48},"end":{"line":143,"column":73}}],"line":143},"16":{"loc":{"start":{"line":171,"column":21},"end":{"line":171,"column":43}},"type":"binary-expr","locations":[{"start":{"line":171,"column":21},"end":{"line":171,"column":33}},{"start":{"line":171,"column":37},"end":{"line":171,"column":43}}],"line":171},"17":{"loc":{"start":{"line":172,"column":24},"end":{"line":172,"column":52}},"type":"binary-expr","locations":[{"start":{"line":172,"column":24},"end":{"line":172,"column":39}},{"start":{"line":172,"column":43},"end":{"line":172,"column":52}}],"line":172},"18":{"loc":{"start":{"line":173,"column":24},"end":{"line":173,"column":47}},"type":"binary-expr","locations":[{"start":{"line":173,"column":24},"end":{"line":173,"column":39}},{"start":{"line":173,"column":43},"end":{"line":173,"column":47}}],"line":173},"19":{"loc":{"start":{"line":174,"column":24},"end":{"line":174,"column":47}},"type":"binary-expr","locations":[{"start":{"line":174,"column":24},"end":{"line":174,"column":39}},{"start":{"line":174,"column":43},"end":{"line":174,"column":47}}],"line":174},"20":{"loc":{"start":{"line":175,"column":25},"end":{"line":175,"column":49}},"type":"binary-expr","locations":[{"start":{"line":175,"column":25},"end":{"line":175,"column":41}},{"start":{"line":175,"column":45},"end":{"line":175,"column":49}}],"line":175},"21":{"loc":{"start":{"line":176,"column":22},"end":{"line":176,"column":43}},"type":"binary-expr","locations":[{"start":{"line":176,"column":22},"end":{"line":176,"column":35}},{"start":{"line":176,"column":39},"end":{"line":176,"column":43}}],"line":176},"22":{"loc":{"start":{"line":177,"column":24},"end":{"line":177,"column":47}},"type":"binary-expr","locations":[{"start":{"line":177,"column":24},"end":{"line":177,"column":39}},{"start":{"line":177,"column":43},"end":{"line":177,"column":47}}],"line":177},"23":{"loc":{"start":{"line":178,"column":22},"end":{"line":178,"column":43}},"type":"binary-expr","locations":[{"start":{"line":178,"column":22},"end":{"line":178,"column":35}},{"start":{"line":178,"column":39},"end":{"line":178,"column":43}}],"line":178},"24":{"loc":{"start":{"line":179,"column":29},"end":{"line":179,"column":57}},"type":"binary-expr","locations":[{"start":{"line":179,"column":29},"end":{"line":179,"column":49}},{"start":{"line":179,"column":53},"end":{"line":179,"column":57}}],"line":179},"25":{"loc":{"start":{"line":180,"column":19},"end":{"line":180,"column":37}},"type":"binary-expr","locations":[{"start":{"line":180,"column":19},"end":{"line":180,"column":29}},{"start":{"line":180,"column":33},"end":{"line":180,"column":37}}],"line":180},"26":{"loc":{"start":{"line":181,"column":18},"end":{"line":181,"column":35}},"type":"binary-expr","locations":[{"start":{"line":181,"column":18},"end":{"line":181,"column":27}},{"start":{"line":181,"column":31},"end":{"line":181,"column":35}}],"line":181},"27":{"loc":{"start":{"line":182,"column":25},"end":{"line":182,"column":49}},"type":"binary-expr","locations":[{"start":{"line":182,"column":25},"end":{"line":182,"column":41}},{"start":{"line":182,"column":45},"end":{"line":182,"column":49}}],"line":182},"28":{"loc":{"start":{"line":183,"column":28},"end":{"line":183,"column":55}},"type":"binary-expr","locations":[{"start":{"line":183,"column":28},"end":{"line":183,"column":47}},{"start":{"line":183,"column":51},"end":{"line":183,"column":55}}],"line":183},"29":{"loc":{"start":{"line":253,"column":48},"end":{"line":253,"column":64}},"type":"default-arg","locations":[{"start":{"line":253,"column":60},"end":{"line":253,"column":64}}],"line":253},"30":{"loc":{"start":{"line":268,"column":69},"end":{"line":268,"column":85}},"type":"default-arg","locations":[{"start":{"line":268,"column":81},"end":{"line":268,"column":85}}],"line":268},"31":{"loc":{"start":{"line":279,"column":34},"end":{"line":279,"column":67}},"type":"cond-expr","locations":[{"start":{"line":279,"column":44},"end":{"line":279,"column":56}},{"start":{"line":279,"column":59},"end":{"line":279,"column":67}}],"line":279},"32":{"loc":{"start":{"line":282,"column":154},"end":{"line":282,"column":187}},"type":"cond-expr","locations":[{"start":{"line":282,"column":164},"end":{"line":282,"column":176}},{"start":{"line":282,"column":179},"end":{"line":282,"column":187}}],"line":282},"33":{"loc":{"start":{"line":285,"column":61},"end":{"line":285,"column":76}},"type":"default-arg","locations":[{"start":{"line":285,"column":72},"end":{"line":285,"column":76}}],"line":285},"34":{"loc":{"start":{"line":285,"column":78},"end":{"line":285,"column":93}},"type":"default-arg","locations":[{"start":{"line":285,"column":89},"end":{"line":285,"column":93}}],"line":285},"35":{"loc":{"start":{"line":308,"column":70},"end":{"line":308,"column":85}},"type":"default-arg","locations":[{"start":{"line":308,"column":81},"end":{"line":308,"column":85}}],"line":308},"36":{"loc":{"start":{"line":308,"column":87},"end":{"line":308,"column":102}},"type":"default-arg","locations":[{"start":{"line":308,"column":98},"end":{"line":308,"column":102}}],"line":308},"37":{"loc":{"start":{"line":331,"column":68},"end":{"line":331,"column":83}},"type":"default-arg","locations":[{"start":{"line":331,"column":79},"end":{"line":331,"column":83}}],"line":331},"38":{"loc":{"start":{"line":331,"column":85},"end":{"line":331,"column":100}},"type":"default-arg","locations":[{"start":{"line":331,"column":96},"end":{"line":331,"column":100}}],"line":331},"39":{"loc":{"start":{"line":354,"column":80},"end":{"line":354,"column":95}},"type":"default-arg","locations":[{"start":{"line":354,"column":91},"end":{"line":354,"column":95}}],"line":354},"40":{"loc":{"start":{"line":354,"column":97},"end":{"line":354,"column":112}},"type":"default-arg","locations":[{"start":{"line":354,"column":108},"end":{"line":354,"column":112}}],"line":354},"41":{"loc":{"start":{"line":370,"column":64},"end":{"line":370,"column":79}},"type":"default-arg","locations":[{"start":{"line":370,"column":75},"end":{"line":370,"column":79}}],"line":370},"42":{"loc":{"start":{"line":370,"column":81},"end":{"line":370,"column":96}},"type":"default-arg","locations":[{"start":{"line":370,"column":92},"end":{"line":370,"column":96}}],"line":370},"43":{"loc":{"start":{"line":385,"column":65},"end":{"line":385,"column":80}},"type":"default-arg","locations":[{"start":{"line":385,"column":76},"end":{"line":385,"column":80}}],"line":385},"44":{"loc":{"start":{"line":385,"column":82},"end":{"line":385,"column":97}},"type":"default-arg","locations":[{"start":{"line":385,"column":93},"end":{"line":385,"column":97}}],"line":385},"45":{"loc":{"start":{"line":400,"column":68},"end":{"line":400,"column":83}},"type":"default-arg","locations":[{"start":{"line":400,"column":79},"end":{"line":400,"column":83}}],"line":400},"46":{"loc":{"start":{"line":400,"column":85},"end":{"line":400,"column":100}},"type":"default-arg","locations":[{"start":{"line":400,"column":96},"end":{"line":400,"column":100}}],"line":400},"47":{"loc":{"start":{"line":415,"column":85},"end":{"line":415,"column":106}},"type":"default-arg","locations":[{"start":{"line":415,"column":102},"end":{"line":415,"column":106}}],"line":415},"48":{"loc":{"start":{"line":415,"column":108},"end":{"line":415,"column":130}},"type":"default-arg","locations":[{"start":{"line":415,"column":126},"end":{"line":415,"column":130}}],"line":415},"49":{"loc":{"start":{"line":415,"column":132},"end":{"line":415,"column":147}},"type":"default-arg","locations":[{"start":{"line":415,"column":143},"end":{"line":415,"column":147}}],"line":415},"50":{"loc":{"start":{"line":415,"column":149},"end":{"line":415,"column":164}},"type":"default-arg","locations":[{"start":{"line":415,"column":160},"end":{"line":415,"column":164}}],"line":415},"51":{"loc":{"start":{"line":417,"column":21},"end":{"line":424,"column":20}},"type":"cond-expr","locations":[{"start":{"line":417,"column":38},"end":{"line":424,"column":13}},{"start":{"line":424,"column":16},"end":{"line":424,"column":20}}],"line":417},"52":{"loc":{"start":{"line":420,"column":25},"end":{"line":420,"column":55}},"type":"binary-expr","locations":[{"start":{"line":420,"column":25},"end":{"line":420,"column":47}},{"start":{"line":420,"column":51},"end":{"line":420,"column":55}}],"line":420},"53":{"loc":{"start":{"line":421,"column":22},"end":{"line":421,"column":49}},"type":"binary-expr","locations":[{"start":{"line":421,"column":22},"end":{"line":421,"column":41}},{"start":{"line":421,"column":45},"end":{"line":421,"column":49}}],"line":421},"54":{"loc":{"start":{"line":422,"column":27},"end":{"line":422,"column":59}},"type":"binary-expr","locations":[{"start":{"line":422,"column":27},"end":{"line":422,"column":51}},{"start":{"line":422,"column":55},"end":{"line":422,"column":59}}],"line":422},"55":{"loc":{"start":{"line":423,"column":25},"end":{"line":423,"column":55}},"type":"binary-expr","locations":[{"start":{"line":423,"column":25},"end":{"line":423,"column":47}},{"start":{"line":423,"column":51},"end":{"line":423,"column":55}}],"line":423},"56":{"loc":{"start":{"line":425,"column":22},"end":{"line":430,"column":20}},"type":"cond-expr","locations":[{"start":{"line":425,"column":40},"end":{"line":430,"column":13}},{"start":{"line":430,"column":16},"end":{"line":430,"column":20}}],"line":425},"57":{"loc":{"start":{"line":427,"column":25},"end":{"line":427,"column":56}},"type":"binary-expr","locations":[{"start":{"line":427,"column":25},"end":{"line":427,"column":48}},{"start":{"line":427,"column":52},"end":{"line":427,"column":56}}],"line":427},"58":{"loc":{"start":{"line":428,"column":22},"end":{"line":428,"column":50}},"type":"binary-expr","locations":[{"start":{"line":428,"column":22},"end":{"line":428,"column":42}},{"start":{"line":428,"column":46},"end":{"line":428,"column":50}}],"line":428},"59":{"loc":{"start":{"line":429,"column":25},"end":{"line":429,"column":56}},"type":"binary-expr","locations":[{"start":{"line":429,"column":25},"end":{"line":429,"column":48}},{"start":{"line":429,"column":52},"end":{"line":429,"column":56}}],"line":429},"60":{"loc":{"start":{"line":491,"column":50},"end":{"line":491,"column":66}},"type":"default-arg","locations":[{"start":{"line":491,"column":62},"end":{"line":491,"column":66}}],"line":491},"61":{"loc":{"start":{"line":506,"column":55},"end":{"line":506,"column":71}},"type":"default-arg","locations":[{"start":{"line":506,"column":67},"end":{"line":506,"column":71}}],"line":506},"62":{"loc":{"start":{"line":522,"column":55},"end":{"line":522,"column":71}},"type":"default-arg","locations":[{"start":{"line":522,"column":67},"end":{"line":522,"column":71}}],"line":522},"63":{"loc":{"start":{"line":545,"column":69},"end":{"line":545,"column":85}},"type":"default-arg","locations":[{"start":{"line":545,"column":81},"end":{"line":545,"column":85}}],"line":545},"64":{"loc":{"start":{"line":564,"column":43},"end":{"line":564,"column":76}},"type":"cond-expr","locations":[{"start":{"line":564,"column":53},"end":{"line":564,"column":65}},{"start":{"line":564,"column":68},"end":{"line":564,"column":76}}],"line":564},"65":{"loc":{"start":{"line":567,"column":152},"end":{"line":567,"column":185}},"type":"cond-expr","locations":[{"start":{"line":567,"column":162},"end":{"line":567,"column":174}},{"start":{"line":567,"column":177},"end":{"line":567,"column":185}}],"line":567},"66":{"loc":{"start":{"line":570,"column":108},"end":{"line":570,"column":120}},"type":"default-arg","locations":[{"start":{"line":570,"column":116},"end":{"line":570,"column":120}}],"line":570},"67":{"loc":{"start":{"line":595,"column":54},"end":{"line":595,"column":87}},"type":"cond-expr","locations":[{"start":{"line":595,"column":64},"end":{"line":595,"column":76}},{"start":{"line":595,"column":79},"end":{"line":595,"column":87}}],"line":595},"68":{"loc":{"start":{"line":611,"column":54},"end":{"line":611,"column":87}},"type":"cond-expr","locations":[{"start":{"line":611,"column":64},"end":{"line":611,"column":76}},{"start":{"line":611,"column":79},"end":{"line":611,"column":87}}],"line":611},"69":{"loc":{"start":{"line":616,"column":52},"end":{"line":616,"column":68}},"type":"default-arg","locations":[{"start":{"line":616,"column":64},"end":{"line":616,"column":68}}],"line":616},"70":{"loc":{"start":{"line":637,"column":4},"end":{"line":639,"column":5}},"type":"if","locations":[{"start":{"line":637,"column":4},"end":{"line":639,"column":5}},{"start":{},"end":{}}],"line":637},"71":{"loc":{"start":{"line":645,"column":4},"end":{"line":652,"column":5}},"type":"if","locations":[{"start":{"line":645,"column":4},"end":{"line":652,"column":5}},{"start":{},"end":{}}],"line":645},"72":{"loc":{"start":{"line":657,"column":4},"end":{"line":664,"column":5}},"type":"if","locations":[{"start":{"line":657,"column":4},"end":{"line":664,"column":5}},{"start":{},"end":{}}],"line":657}},"s":{"0":4,"1":4,"2":4,"3":4,"4":4,"5":4,"6":4,"7":4,"8":4,"9":0,"10":40,"11":40,"12":40,"13":40,"14":40,"15":40,"16":0,"17":0,"18":0,"19":0,"20":0,"21":0,"22":0,"23":0,"24":40,"25":0,"26":0,"27":0,"28":0,"29":0,"30":0,"31":0,"32":0,"33":40,"34":0,"35":0,"36":0,"37":0,"38":0,"39":0,"40":0,"41":0,"42":0,"43":0,"44":0,"45":0,"46":0,"47":0,"48":0,"49":0,"50":0,"51":40,"52":40,"53":40,"54":40,"55":40,"56":40,"57":0,"58":0,"59":40,"60":40,"61":40,"62":40,"63":0,"64":40,"65":40,"66":40,"67":40,"68":40,"69":0,"70":0,"71":0,"72":0,"73":4,"74":4,"75":0,"76":0,"77":0,"78":0,"79":4,"80":0,"81":4,"82":0,"83":0,"84":4,"85":0,"86":0,"87":4,"88":4,"89":4,"90":0,"91":0,"92":0,"93":0,"94":4,"95":4,"96":4,"97":0,"98":0,"99":4,"100":40,"101":40,"102":0,"103":0,"104":0,"105":0,"106":0,"107":0,"108":4,"109":0,"110":0,"111":0,"112":0,"113":5,"114":5,"115":5,"116":7,"117":7,"118":7,"119":2,"120":2,"121":2,"122":1,"123":1,"124":1,"125":1,"126":0,"127":0,"128":0,"129":0,"130":7,"131":7,"132":7,"133":7,"134":0,"135":0,"136":0,"137":1,"138":1,"139":4,"140":4,"141":0,"142":0,"143":0,"144":1,"145":1,"146":1,"147":11,"148":11,"149":11,"150":0,"151":0,"152":4,"153":4,"154":4,"155":4,"156":4,"157":0,"158":4,"159":0,"160":0,"161":0,"162":0,"163":0,"164":0,"165":4,"166":0,"167":0,"168":0,"169":0,"170":0,"171":0,"172":4},"f":{"0":40,"1":40,"2":4,"3":0,"4":0,"5":0,"6":0,"7":0,"8":40,"9":0,"10":0,"11":0,"12":0,"13":0,"14":5,"15":7,"16":2,"17":1,"18":1,"19":0,"20":0,"21":7,"22":0,"23":1,"24":4,"25":0,"26":1,"27":11,"28":0,"29":0,"30":0},"b":{"0":[4,0],"1":[0,4],"2":[0,40],"3":[0,40],"4":[0,40],"5":[0,0],"6":[0,0],"7":[0,0],"8":[0,0],"9":[0,40],"10":[0,40],"11":[40,0],"12":[0,0],"13":[0,0],"14":[0,0],"15":[0,0],"16":[0,0],"17":[0,0],"18":[0,0],"19":[0,0],"20":[0,0],"21":[0,0],"22":[0,0],"23":[0,0],"24":[0,0],"25":[0,0],"26":[0,0],"27":[0,0],"28":[0,0],"29":[0],"30":[0],"31":[0,0],"32":[0,0],"33":[4],"34":[4],"35":[0],"36":[0],"37":[0],"38":[0],"39":[0],"40":[0],"41":[0],"42":[0],"43":[0],"44":[0],"45":[0],"46":[0],"47":[0],"48":[0],"49":[0],"50":[0],"51":[7,0],"52":[7,0],"53":[7,0],"54":[7,6],"55":[7,6],"56":[7,0],"57":[7,0],"58":[7,0],"59":[7,5],"60":[1],"61":[4],"62":[0],"63":[1],"64":[1,0],"65":[1,0],"66":[5],"67":[5,6],"68":[5,6],"69":[0],"70":[4,0],"71":[0,0],"72":[0,0]},"_coverageSchema":"1a1c01bbd47fc00a2c39e90264f33305004495a9","hash":"adc98fa4b0cda6b846a4e264090712fc374610ab"}
}
