{"/home/cink/Downloads/sweetcam-GSOC/rtspservices/rtsp-server.js": {"path":"/home/cink/Downloads/sweetcam-GSOC/rtspservices/rtsp-server.js","statementMap":{"0":{"start":{"line":1,"column":14},"end":{"line":1,"column":30}},"1":{"start":{"line":2,"column":12},"end":{"line":2,"column":26}},"2":{"start":{"line":3,"column":11},"end":{"line":3,"column":24}},"3":{"start":{"line":4,"column":13},"end":{"line":4,"column":28}},"4":{"start":{"line":5,"column":19},"end":{"line":5,"column":36}},"5":{"start":{"line":6,"column":14},"end":{"line":6,"column":31}},"6":{"start":{"line":7,"column":15},"end":{"line":7,"column":32}},"7":{"start":{"line":8,"column":17},"end":{"line":8,"column":49}},"8":{"start":{"line":9,"column":22},"end":{"line":9,"column":55}},"9":{"start":{"line":10,"column":23},"end":{"line":10,"column":48}},"10":{"start":{"line":13,"column":14},"end":{"line":13,"column":41}},"11":{"start":{"line":14,"column":18},"end":{"line":14,"column":56}},"12":{"start":{"line":17,"column":19},"end":{"line":26,"column":1}},"13":{"start":{"line":28,"column":13},"end":{"line":28,"column":41}},"14":{"start":{"line":31,"column":0},"end":{"line":41,"column":3}},"15":{"start":{"line":32,"column":4},"end":{"line":40,"column":5}},"16":{"start":{"line":33,"column":8},"end":{"line":33,"column":69}},"17":{"start":{"line":35,"column":8},"end":{"line":35,"column":85}},"18":{"start":{"line":38,"column":8},"end":{"line":38,"column":82}},"19":{"start":{"line":39,"column":8},"end":{"line":39,"column":29}},"20":{"start":{"line":45,"column":4},"end":{"line":45,"column":33}},"21":{"start":{"line":45,"column":21},"end":{"line":45,"column":33}},"22":{"start":{"line":46,"column":18},"end":{"line":46,"column":70}},"23":{"start":{"line":47,"column":4},"end":{"line":47,"column":28}},"24":{"start":{"line":47,"column":16},"end":{"line":47,"column":28}},"25":{"start":{"line":49,"column":4},"end":{"line":56,"column":5}},"26":{"start":{"line":50,"column":28},"end":{"line":50,"column":70}},"27":{"start":{"line":51,"column":37},"end":{"line":51,"column":59}},"28":{"start":{"line":52,"column":8},"end":{"line":52,"column":38}},"29":{"start":{"line":54,"column":8},"end":{"line":54,"column":76}},"30":{"start":{"line":55,"column":8},"end":{"line":55,"column":20}},"31":{"start":{"line":60,"column":4},"end":{"line":100,"column":7}},"32":{"start":{"line":61,"column":30},"end":{"line":61,"column":52}},"33":{"start":{"line":62,"column":22},"end":{"line":62,"column":82}},"34":{"start":{"line":64,"column":8},"end":{"line":99,"column":11}},"35":{"start":{"line":65,"column":12},"end":{"line":71,"column":13}},"36":{"start":{"line":66,"column":16},"end":{"line":66,"column":70}},"37":{"start":{"line":68,"column":16},"end":{"line":68,"column":104}},"38":{"start":{"line":69,"column":16},"end":{"line":69,"column":31}},"39":{"start":{"line":70,"column":16},"end":{"line":70,"column":23}},"40":{"start":{"line":73,"column":12},"end":{"line":78,"column":13}},"41":{"start":{"line":75,"column":16},"end":{"line":75,"column":107}},"42":{"start":{"line":76,"column":16},"end":{"line":76,"column":31}},"43":{"start":{"line":77,"column":16},"end":{"line":77,"column":23}},"44":{"start":{"line":81,"column":12},"end":{"line":94,"column":13}},"45":{"start":{"line":82,"column":16},"end":{"line":93,"column":17}},"46":{"start":{"line":83,"column":36},"end":{"line":83,"column":83}},"47":{"start":{"line":84,"column":20},"end":{"line":89,"column":21}},"48":{"start":{"line":86,"column":24},"end":{"line":86,"column":102}},"49":{"start":{"line":87,"column":24},"end":{"line":87,"column":38}},"50":{"start":{"line":88,"column":24},"end":{"line":88,"column":31}},"51":{"start":{"line":91,"column":20},"end":{"line":91,"column":83}},"52":{"start":{"line":92,"column":20},"end":{"line":92,"column":29}},"53":{"start":{"line":97,"column":12},"end":{"line":97,"column":103}},"54":{"start":{"line":98,"column":12},"end":{"line":98,"column":27}},"55":{"start":{"line":104,"column":8},"end":{"line":104,"column":34}},"56":{"start":{"line":105,"column":8},"end":{"line":105,"column":33}},"57":{"start":{"line":106,"column":8},"end":{"line":106,"column":32}},"58":{"start":{"line":107,"column":8},"end":{"line":107,"column":49}},"59":{"start":{"line":108,"column":8},"end":{"line":108,"column":59}},"60":{"start":{"line":109,"column":8},"end":{"line":109,"column":28}},"61":{"start":{"line":114,"column":23},"end":{"line":114,"column":87}},"62":{"start":{"line":116,"column":8},"end":{"line":123,"column":11}},"63":{"start":{"line":117,"column":12},"end":{"line":122,"column":15}},"64":{"start":{"line":126,"column":8},"end":{"line":131,"column":11}},"65":{"start":{"line":135,"column":8},"end":{"line":135,"column":50}},"66":{"start":{"line":139,"column":28},"end":{"line":139,"column":68}},"67":{"start":{"line":140,"column":8},"end":{"line":150,"column":2}},"68":{"start":{"line":154,"column":22},"end":{"line":154,"column":51}},"69":{"start":{"line":155,"column":39},"end":{"line":155,"column":58}},"70":{"start":{"line":156,"column":24},"end":{"line":156,"column":26}},"71":{"start":{"line":157,"column":8},"end":{"line":165,"column":9}},"72":{"start":{"line":157,"column":21},"end":{"line":157,"column":22}},"73":{"start":{"line":158,"column":12},"end":{"line":158,"column":33}},"74":{"start":{"line":158,"column":27},"end":{"line":158,"column":33}},"75":{"start":{"line":159,"column":31},"end":{"line":159,"column":52}},"76":{"start":{"line":160,"column":12},"end":{"line":164,"column":13}},"77":{"start":{"line":161,"column":28},"end":{"line":161,"column":68}},"78":{"start":{"line":162,"column":30},"end":{"line":162,"column":71}},"79":{"start":{"line":163,"column":16},"end":{"line":163,"column":37}},"80":{"start":{"line":166,"column":8},"end":{"line":166,"column":49}},"81":{"start":{"line":170,"column":8},"end":{"line":185,"column":9}},"82":{"start":{"line":171,"column":12},"end":{"line":184,"column":13}},"83":{"start":{"line":172,"column":31},"end":{"line":172,"column":43}},"84":{"start":{"line":173,"column":27},"end":{"line":173,"column":42}},"85":{"start":{"line":174,"column":16},"end":{"line":176,"column":17}},"86":{"start":{"line":175,"column":20},"end":{"line":175,"column":46}},"87":{"start":{"line":177,"column":16},"end":{"line":177,"column":28}},"88":{"start":{"line":179,"column":27},"end":{"line":179,"column":62}},"89":{"start":{"line":180,"column":16},"end":{"line":182,"column":17}},"90":{"start":{"line":181,"column":20},"end":{"line":181,"column":46}},"91":{"start":{"line":183,"column":16},"end":{"line":183,"column":35}},"92":{"start":{"line":187,"column":19},"end":{"line":187,"column":22}},"93":{"start":{"line":188,"column":8},"end":{"line":188,"column":34}},"94":{"start":{"line":189,"column":8},"end":{"line":189,"column":50}},"95":{"start":{"line":190,"column":8},"end":{"line":192,"column":9}},"96":{"start":{"line":191,"column":12},"end":{"line":191,"column":38}},"97":{"start":{"line":193,"column":8},"end":{"line":193,"column":20}},"98":{"start":{"line":197,"column":8},"end":{"line":199,"column":9}},"99":{"start":{"line":198,"column":12},"end":{"line":198,"column":53}},"100":{"start":{"line":201,"column":22},"end":{"line":201,"column":48}},"101":{"start":{"line":202,"column":28},"end":{"line":202,"column":70}},"102":{"start":{"line":202,"column":44},"end":{"line":202,"column":69}},"103":{"start":{"line":203,"column":8},"end":{"line":210,"column":9}},"104":{"start":{"line":204,"column":26},"end":{"line":204,"column":70}},"105":{"start":{"line":205,"column":12},"end":{"line":209,"column":13}},"106":{"start":{"line":206,"column":32},"end":{"line":206,"column":50}},"107":{"start":{"line":207,"column":33},"end":{"line":207,"column":51}},"108":{"start":{"line":208,"column":16},"end":{"line":208,"column":45}},"109":{"start":{"line":212,"column":8},"end":{"line":212,"column":49}},"110":{"start":{"line":216,"column":24},"end":{"line":216,"column":39}},"111":{"start":{"line":217,"column":26},"end":{"line":217,"column":50}},"112":{"start":{"line":219,"column":8},"end":{"line":221,"column":9}},"113":{"start":{"line":220,"column":12},"end":{"line":220,"column":19}},"114":{"start":{"line":223,"column":8},"end":{"line":713,"column":9}},"115":{"start":{"line":224,"column":45},"end":{"line":224,"column":72}},"116":{"start":{"line":225,"column":25},"end":{"line":225,"column":60}},"117":{"start":{"line":226,"column":30},"end":{"line":226,"column":45}},"118":{"start":{"line":230,"column":12},"end":{"line":234,"column":13}},"119":{"start":{"line":231,"column":16},"end":{"line":231,"column":41}},"120":{"start":{"line":233,"column":16},"end":{"line":233,"column":77}},"121":{"start":{"line":236,"column":32},"end":{"line":236,"column":72}},"122":{"start":{"line":239,"column":35},"end":{"line":244,"column":13}},"123":{"start":{"line":247,"column":12},"end":{"line":247,"column":101}},"124":{"start":{"line":250,"column":39},"end":{"line":250,"column":43}},"125":{"start":{"line":251,"column":12},"end":{"line":253,"column":13}},"126":{"start":{"line":252,"column":16},"end":{"line":252,"column":68}},"127":{"start":{"line":256,"column":12},"end":{"line":375,"column":13}},"128":{"start":{"line":257,"column":16},"end":{"line":374,"column":17}},"129":{"start":{"line":260,"column":38},"end":{"line":260,"column":42}},"130":{"start":{"line":263,"column":37},"end":{"line":263,"column":106}},"131":{"start":{"line":263,"column":72},"end":{"line":263,"column":105}},"132":{"start":{"line":264,"column":20},"end":{"line":266,"column":21}},"133":{"start":{"line":265,"column":24},"end":{"line":265,"column":67}},"134":{"start":{"line":269,"column":20},"end":{"line":284,"column":21}},"135":{"start":{"line":270,"column":24},"end":{"line":283,"column":25}},"136":{"start":{"line":271,"column":43},"end":{"line":271,"column":95}},"137":{"start":{"line":272,"column":28},"end":{"line":274,"column":29}},"138":{"start":{"line":273,"column":32},"end":{"line":273,"column":90}},"139":{"start":{"line":275,"column":28},"end":{"line":280,"column":29}},"140":{"start":{"line":276,"column":32},"end":{"line":279,"column":34}},"141":{"start":{"line":282,"column":28},"end":{"line":282,"column":87}},"142":{"start":{"line":286,"column":20},"end":{"line":305,"column":21}},"143":{"start":{"line":287,"column":38},"end":{"line":287,"column":72}},"144":{"start":{"line":288,"column":41},"end":{"line":288,"column":81}},"145":{"start":{"line":291,"column":24},"end":{"line":301,"column":26}},"146":{"start":{"line":303,"column":24},"end":{"line":303,"column":47}},"147":{"start":{"line":304,"column":24},"end":{"line":304,"column":31}},"148":{"start":{"line":307,"column":20},"end":{"line":373,"column":21}},"149":{"start":{"line":308,"column":40},"end":{"line":308,"column":106}},"150":{"start":{"line":309,"column":24},"end":{"line":328,"column":25}},"151":{"start":{"line":310,"column":42},"end":{"line":310,"column":76}},"152":{"start":{"line":311,"column":45},"end":{"line":311,"column":85}},"153":{"start":{"line":314,"column":28},"end":{"line":324,"column":30}},"154":{"start":{"line":326,"column":28},"end":{"line":326,"column":51}},"155":{"start":{"line":327,"column":28},"end":{"line":327,"column":35}},"156":{"start":{"line":331,"column":24},"end":{"line":353,"column":25}},"157":{"start":{"line":332,"column":28},"end":{"line":343,"column":29}},"158":{"start":{"line":333,"column":32},"end":{"line":333,"column":82}},"159":{"start":{"line":334,"column":32},"end":{"line":334,"column":93}},"160":{"start":{"line":337,"column":32},"end":{"line":342,"column":35}},"161":{"start":{"line":346,"column":49},"end":{"line":346,"column":73}},"162":{"start":{"line":347,"column":28},"end":{"line":352,"column":31}},"163":{"start":{"line":355,"column":24},"end":{"line":355,"column":76}},"164":{"start":{"line":356,"column":46},"end":{"line":356,"column":107}},"165":{"start":{"line":359,"column":24},"end":{"line":369,"column":26}},"166":{"start":{"line":371,"column":24},"end":{"line":371,"column":52}},"167":{"start":{"line":372,"column":24},"end":{"line":372,"column":31}},"168":{"start":{"line":377,"column":12},"end":{"line":407,"column":13}},"169":{"start":{"line":380,"column":16},"end":{"line":388,"column":17}},"170":{"start":{"line":382,"column":20},"end":{"line":382,"column":69}},"171":{"start":{"line":383,"column":23},"end":{"line":388,"column":17}},"172":{"start":{"line":385,"column":20},"end":{"line":385,"column":75}},"173":{"start":{"line":387,"column":20},"end":{"line":387,"column":69}},"174":{"start":{"line":391,"column":16},"end":{"line":401,"column":18}},"175":{"start":{"line":403,"column":16},"end":{"line":403,"column":106}},"176":{"start":{"line":404,"column":16},"end":{"line":404,"column":107}},"177":{"start":{"line":405,"column":16},"end":{"line":405,"column":39}},"178":{"start":{"line":406,"column":16},"end":{"line":406,"column":23}},"179":{"start":{"line":409,"column":23},"end":{"line":409,"column":44}},"180":{"start":{"line":410,"column":12},"end":{"line":413,"column":13}},"181":{"start":{"line":411,"column":35},"end":{"line":411,"column":69}},"182":{"start":{"line":412,"column":16},"end":{"line":412,"column":34}},"183":{"start":{"line":415,"column":25},"end":{"line":415,"column":47}},"184":{"start":{"line":417,"column":12},"end":{"line":424,"column":13}},"185":{"start":{"line":418,"column":16},"end":{"line":423,"column":17}},"186":{"start":{"line":419,"column":20},"end":{"line":422,"column":21}},"187":{"start":{"line":420,"column":24},"end":{"line":420,"column":44}},"188":{"start":{"line":421,"column":24},"end":{"line":421,"column":30}},"189":{"start":{"line":426,"column":12},"end":{"line":444,"column":13}},"190":{"start":{"line":427,"column":41},"end":{"line":427,"column":90}},"191":{"start":{"line":430,"column":16},"end":{"line":440,"column":18}},"192":{"start":{"line":442,"column":16},"end":{"line":442,"column":47}},"193":{"start":{"line":443,"column":16},"end":{"line":443,"column":23}},"194":{"start":{"line":446,"column":12},"end":{"line":709,"column":13}},"195":{"start":{"line":448,"column":20},"end":{"line":467,"column":21}},"196":{"start":{"line":449,"column":49},"end":{"line":449,"column":98}},"197":{"start":{"line":452,"column":24},"end":{"line":462,"column":26}},"198":{"start":{"line":464,"column":24},"end":{"line":464,"column":115}},"199":{"start":{"line":465,"column":24},"end":{"line":465,"column":55}},"200":{"start":{"line":466,"column":24},"end":{"line":466,"column":31}},"201":{"start":{"line":468,"column":42},"end":{"line":468,"column":76}},"202":{"start":{"line":469,"column":32},"end":{"line":469,"column":90}},"203":{"start":{"line":470,"column":36},"end":{"line":470,"column":82}},"204":{"start":{"line":471,"column":40},"end":{"line":471,"column":194}},"205":{"start":{"line":474,"column":20},"end":{"line":484,"column":22}},"206":{"start":{"line":486,"column":20},"end":{"line":486,"column":115}},"207":{"start":{"line":487,"column":20},"end":{"line":487,"column":111}},"208":{"start":{"line":488,"column":20},"end":{"line":488,"column":46}},"209":{"start":{"line":489,"column":20},"end":{"line":489,"column":26}},"210":{"start":{"line":492,"column":20},"end":{"line":492,"column":42}},"211":{"start":{"line":493,"column":39},"end":{"line":493,"column":69}},"212":{"start":{"line":494,"column":38},"end":{"line":494,"column":82}},"213":{"start":{"line":496,"column":42},"end":{"line":496,"column":46}},"214":{"start":{"line":497,"column":43},"end":{"line":497,"column":47}},"215":{"start":{"line":499,"column":20},"end":{"line":509,"column":23}},"216":{"start":{"line":511,"column":42},"end":{"line":511,"column":242}},"217":{"start":{"line":514,"column":20},"end":{"line":524,"column":22}},"218":{"start":{"line":526,"column":20},"end":{"line":526,"column":147}},"219":{"start":{"line":527,"column":20},"end":{"line":527,"column":143}},"220":{"start":{"line":528,"column":20},"end":{"line":528,"column":112}},"221":{"start":{"line":529,"column":20},"end":{"line":529,"column":48}},"222":{"start":{"line":530,"column":20},"end":{"line":530,"column":26}},"223":{"start":{"line":533,"column":39},"end":{"line":533,"column":54}},"224":{"start":{"line":534,"column":36},"end":{"line":534,"column":65}},"225":{"start":{"line":535,"column":20},"end":{"line":554,"column":21}},"226":{"start":{"line":536,"column":56},"end":{"line":536,"column":113}},"227":{"start":{"line":539,"column":24},"end":{"line":549,"column":26}},"228":{"start":{"line":551,"column":24},"end":{"line":551,"column":116}},"229":{"start":{"line":552,"column":24},"end":{"line":552,"column":62}},"230":{"start":{"line":553,"column":24},"end":{"line":553,"column":31}},"231":{"start":{"line":556,"column":39},"end":{"line":556,"column":65}},"232":{"start":{"line":557,"column":20},"end":{"line":557,"column":46}},"233":{"start":{"line":559,"column":20},"end":{"line":568,"column":21}},"234":{"start":{"line":560,"column":38},"end":{"line":560,"column":48}},"235":{"start":{"line":561,"column":24},"end":{"line":561,"column":52}},"236":{"start":{"line":562,"column":24},"end":{"line":562,"column":48}},"237":{"start":{"line":563,"column":24},"end":{"line":563,"column":44}},"238":{"start":{"line":564,"column":24},"end":{"line":564,"column":87}},"239":{"start":{"line":565,"column":24},"end":{"line":565,"column":74}},"240":{"start":{"line":567,"column":24},"end":{"line":567,"column":57}},"241":{"start":{"line":570,"column":37},"end":{"line":570,"column":58}},"242":{"start":{"line":571,"column":37},"end":{"line":571,"column":40}},"243":{"start":{"line":572,"column":41},"end":{"line":572,"column":262}},"244":{"start":{"line":575,"column":20},"end":{"line":585,"column":22}},"245":{"start":{"line":587,"column":20},"end":{"line":587,"column":115}},"246":{"start":{"line":588,"column":20},"end":{"line":588,"column":123}},"247":{"start":{"line":589,"column":20},"end":{"line":589,"column":112}},"248":{"start":{"line":590,"column":20},"end":{"line":590,"column":47}},"249":{"start":{"line":592,"column":20},"end":{"line":592,"column":49}},"250":{"start":{"line":593,"column":20},"end":{"line":593,"column":26}},"251":{"start":{"line":596,"column":43},"end":{"line":596,"column":58}},"252":{"start":{"line":597,"column":41},"end":{"line":597,"column":74}},"253":{"start":{"line":598,"column":20},"end":{"line":617,"column":21}},"254":{"start":{"line":599,"column":56},"end":{"line":599,"column":113}},"255":{"start":{"line":602,"column":24},"end":{"line":612,"column":26}},"256":{"start":{"line":614,"column":24},"end":{"line":614,"column":120}},"257":{"start":{"line":615,"column":24},"end":{"line":615,"column":62}},"258":{"start":{"line":616,"column":24},"end":{"line":616,"column":31}},"259":{"start":{"line":619,"column":20},"end":{"line":630,"column":21}},"260":{"start":{"line":620,"column":24},"end":{"line":620,"column":54}},"261":{"start":{"line":622,"column":24},"end":{"line":625,"column":25}},"262":{"start":{"line":623,"column":28},"end":{"line":623,"column":68}},"263":{"start":{"line":624,"column":28},"end":{"line":624,"column":60}},"264":{"start":{"line":626,"column":24},"end":{"line":629,"column":25}},"265":{"start":{"line":627,"column":28},"end":{"line":627,"column":69}},"266":{"start":{"line":628,"column":28},"end":{"line":628,"column":61}},"267":{"start":{"line":632,"column":42},"end":{"line":632,"column":114}},"268":{"start":{"line":635,"column":20},"end":{"line":645,"column":22}},"269":{"start":{"line":647,"column":20},"end":{"line":647,"column":125}},"270":{"start":{"line":648,"column":20},"end":{"line":648,"column":131}},"271":{"start":{"line":649,"column":20},"end":{"line":649,"column":116}},"272":{"start":{"line":650,"column":20},"end":{"line":650,"column":48}},"273":{"start":{"line":651,"column":20},"end":{"line":651,"column":26}},"274":{"start":{"line":654,"column":39},"end":{"line":654,"column":54}},"275":{"start":{"line":655,"column":37},"end":{"line":655,"column":66}},"276":{"start":{"line":656,"column":20},"end":{"line":675,"column":21}},"277":{"start":{"line":657,"column":56},"end":{"line":657,"column":113}},"278":{"start":{"line":660,"column":24},"end":{"line":670,"column":26}},"279":{"start":{"line":672,"column":24},"end":{"line":672,"column":116}},"280":{"start":{"line":673,"column":24},"end":{"line":673,"column":62}},"281":{"start":{"line":674,"column":24},"end":{"line":674,"column":31}},"282":{"start":{"line":677,"column":20},"end":{"line":679,"column":21}},"283":{"start":{"line":678,"column":24},"end":{"line":678,"column":56}},"284":{"start":{"line":680,"column":20},"end":{"line":682,"column":21}},"285":{"start":{"line":681,"column":24},"end":{"line":681,"column":57}},"286":{"start":{"line":684,"column":20},"end":{"line":684,"column":53}},"287":{"start":{"line":686,"column":45},"end":{"line":686,"column":113}},"288":{"start":{"line":689,"column":20},"end":{"line":699,"column":22}},"289":{"start":{"line":701,"column":20},"end":{"line":701,"column":116}},"290":{"start":{"line":702,"column":24},"end":{"line":702,"column":126}},"291":{"start":{"line":703,"column":20},"end":{"line":703,"column":112}},"292":{"start":{"line":704,"column":20},"end":{"line":704,"column":51}},"293":{"start":{"line":705,"column":20},"end":{"line":705,"column":26}},"294":{"start":{"line":708,"column":20},"end":{"line":708,"column":90}},"295":{"start":{"line":711,"column":12},"end":{"line":711,"column":68}},"296":{"start":{"line":712,"column":12},"end":{"line":712,"column":82}},"297":{"start":{"line":717,"column":20},"end":{"line":717,"column":46}},"298":{"start":{"line":718,"column":21},"end":{"line":718,"column":47}},"299":{"start":{"line":720,"column":21},"end":{"line":720,"column":31}},"300":{"start":{"line":721,"column":26},"end":{"line":721,"column":31}},"301":{"start":{"line":722,"column":26},"end":{"line":722,"column":28}},"302":{"start":{"line":723,"column":35},"end":{"line":723,"column":56}},"303":{"start":{"line":724,"column":30},"end":{"line":724,"column":46}},"304":{"start":{"line":727,"column":8},"end":{"line":736,"column":9}},"305":{"start":{"line":728,"column":30},"end":{"line":728,"column":61}},"306":{"start":{"line":729,"column":12},"end":{"line":729,"column":46}},"307":{"start":{"line":731,"column":12},"end":{"line":731,"column":68}},"308":{"start":{"line":733,"column":12},"end":{"line":733,"column":24}},"309":{"start":{"line":734,"column":12},"end":{"line":734,"column":25}},"310":{"start":{"line":735,"column":12},"end":{"line":735,"column":19}},"311":{"start":{"line":740,"column":8},"end":{"line":740,"column":32}},"312":{"start":{"line":741,"column":8},"end":{"line":741,"column":34}},"313":{"start":{"line":743,"column":18},"end":{"line":743,"column":38}},"314":{"start":{"line":744,"column":26},"end":{"line":744,"column":50}},"315":{"start":{"line":745,"column":25},"end":{"line":745,"column":48}},"316":{"start":{"line":747,"column":32},"end":{"line":747,"column":69}},"317":{"start":{"line":748,"column":27},"end":{"line":748,"column":53}},"318":{"start":{"line":750,"column":28},"end":{"line":750,"column":75}},"319":{"start":{"line":751,"column":29},"end":{"line":751,"column":79}},"320":{"start":{"line":753,"column":26},"end":{"line":803,"column":9}},"321":{"start":{"line":754,"column":12},"end":{"line":761,"column":13}},"322":{"start":{"line":755,"column":16},"end":{"line":757,"column":17}},"323":{"start":{"line":756,"column":20},"end":{"line":756,"column":55}},"324":{"start":{"line":758,"column":16},"end":{"line":758,"column":28}},"325":{"start":{"line":759,"column":16},"end":{"line":759,"column":29}},"326":{"start":{"line":760,"column":16},"end":{"line":760,"column":23}},"327":{"start":{"line":763,"column":24},"end":{"line":763,"column":34}},"328":{"start":{"line":764,"column":30},"end":{"line":764,"column":51}},"329":{"start":{"line":766,"column":30},"end":{"line":766,"column":46}},"330":{"start":{"line":767,"column":12},"end":{"line":767,"column":32}},"331":{"start":{"line":768,"column":12},"end":{"line":768,"column":32}},"332":{"start":{"line":769,"column":12},"end":{"line":769,"column":53}},"333":{"start":{"line":770,"column":12},"end":{"line":770,"column":66}},"334":{"start":{"line":771,"column":12},"end":{"line":771,"column":45}},"335":{"start":{"line":773,"column":31},"end":{"line":773,"column":46}},"336":{"start":{"line":774,"column":12},"end":{"line":774,"column":30}},"337":{"start":{"line":775,"column":12},"end":{"line":775,"column":30}},"338":{"start":{"line":776,"column":12},"end":{"line":776,"column":30}},"339":{"start":{"line":777,"column":12},"end":{"line":777,"column":30}},"340":{"start":{"line":778,"column":12},"end":{"line":778,"column":30}},"341":{"start":{"line":779,"column":12},"end":{"line":779,"column":31}},"342":{"start":{"line":780,"column":12},"end":{"line":780,"column":36}},"343":{"start":{"line":781,"column":12},"end":{"line":781,"column":36}},"344":{"start":{"line":783,"column":30},"end":{"line":783,"column":74}},"345":{"start":{"line":785,"column":12},"end":{"line":792,"column":15}},"346":{"start":{"line":786,"column":16},"end":{"line":791,"column":17}},"347":{"start":{"line":787,"column":20},"end":{"line":787,"column":66}},"348":{"start":{"line":789,"column":20},"end":{"line":789,"column":34}},"349":{"start":{"line":790,"column":20},"end":{"line":790,"column":51}},"350":{"start":{"line":794,"column":12},"end":{"line":794,"column":18}},"351":{"start":{"line":795,"column":12},"end":{"line":795,"column":38}},"352":{"start":{"line":796,"column":12},"end":{"line":796,"column":34}},"353":{"start":{"line":797,"column":12},"end":{"line":797,"column":49}},"354":{"start":{"line":798,"column":12},"end":{"line":798,"column":46}},"355":{"start":{"line":799,"column":12},"end":{"line":799,"column":44}},"356":{"start":{"line":800,"column":12},"end":{"line":800,"column":54}},"357":{"start":{"line":802,"column":12},"end":{"line":802,"column":47}},"358":{"start":{"line":805,"column":25},"end":{"line":834,"column":9}},"359":{"start":{"line":806,"column":12},"end":{"line":808,"column":13}},"360":{"start":{"line":807,"column":16},"end":{"line":807,"column":23}},"361":{"start":{"line":810,"column":24},"end":{"line":810,"column":34}},"362":{"start":{"line":811,"column":27},"end":{"line":811,"column":62}},"363":{"start":{"line":812,"column":28},"end":{"line":812,"column":66}},"364":{"start":{"line":814,"column":40},"end":{"line":814,"column":66}},"365":{"start":{"line":816,"column":27},"end":{"line":816,"column":43}},"366":{"start":{"line":818,"column":12},"end":{"line":818,"column":29}},"367":{"start":{"line":819,"column":12},"end":{"line":819,"column":28}},"368":{"start":{"line":820,"column":12},"end":{"line":820,"column":39}},"369":{"start":{"line":821,"column":12},"end":{"line":821,"column":42}},"370":{"start":{"line":823,"column":12},"end":{"line":823,"column":44}},"371":{"start":{"line":824,"column":12},"end":{"line":824,"column":46}},"372":{"start":{"line":825,"column":12},"end":{"line":825,"column":71}},"373":{"start":{"line":826,"column":12},"end":{"line":826,"column":63}},"374":{"start":{"line":827,"column":12},"end":{"line":827,"column":62}},"375":{"start":{"line":829,"column":12},"end":{"line":833,"column":15}},"376":{"start":{"line":830,"column":16},"end":{"line":832,"column":17}},"377":{"start":{"line":831,"column":20},"end":{"line":831,"column":67}},"378":{"start":{"line":836,"column":8},"end":{"line":836,"column":19}},"379":{"start":{"line":837,"column":8},"end":{"line":837,"column":20}},"380":{"start":{"line":839,"column":8},"end":{"line":839,"column":68}},"381":{"start":{"line":840,"column":8},"end":{"line":840,"column":59}},"382":{"start":{"line":845,"column":0},"end":{"line":845,"column":32}},"383":{"start":{"line":847,"column":13},"end":{"line":847,"column":29}},"384":{"start":{"line":848,"column":15},"end":{"line":869,"column":2}},"385":{"start":{"line":850,"column":4},"end":{"line":852,"column":7}},"386":{"start":{"line":851,"column":8},"end":{"line":851,"column":47}},"387":{"start":{"line":854,"column":4},"end":{"line":856,"column":7}},"388":{"start":{"line":855,"column":8},"end":{"line":855,"column":52}},"389":{"start":{"line":858,"column":4},"end":{"line":868,"column":7}},"390":{"start":{"line":859,"column":8},"end":{"line":867,"column":9}},"391":{"start":{"line":860,"column":12},"end":{"line":866,"column":13}},"392":{"start":{"line":861,"column":16},"end":{"line":861,"column":65}},"393":{"start":{"line":861,"column":39},"end":{"line":861,"column":65}},"394":{"start":{"line":862,"column":16},"end":{"line":862,"column":67}},"395":{"start":{"line":862,"column":40},"end":{"line":862,"column":67}},"396":{"start":{"line":863,"column":16},"end":{"line":863,"column":76}},"397":{"start":{"line":863,"column":41},"end":{"line":863,"column":76}},"398":{"start":{"line":864,"column":16},"end":{"line":864,"column":78}},"399":{"start":{"line":864,"column":42},"end":{"line":864,"column":78}},"400":{"start":{"line":865,"column":16},"end":{"line":865,"column":48}},"401":{"start":{"line":871,"column":0},"end":{"line":874,"column":3}},"402":{"start":{"line":873,"column":4},"end":{"line":873,"column":109}},"403":{"start":{"line":876,"column":0},"end":{"line":883,"column":3}},"404":{"start":{"line":878,"column":4},"end":{"line":878,"column":95}},"405":{"start":{"line":879,"column":4},"end":{"line":882,"column":7}},"406":{"start":{"line":880,"column":8},"end":{"line":880,"column":92}},"407":{"start":{"line":881,"column":8},"end":{"line":881,"column":24}}},"fnMap":{"0":{"name":"(anonymous_0)","decl":{"start":{"line":31,"column":19},"end":{"line":31,"column":20}},"loc":{"start":{"line":31,"column":40},"end":{"line":41,"column":1}},"line":31},"1":{"name":"parseAuthorization","decl":{"start":{"line":44,"column":9},"end":{"line":44,"column":27}},"loc":{"start":{"line":44,"column":40},"end":{"line":57,"column":1}},"line":44},"2":{"name":"authenticateUser","decl":{"start":{"line":59,"column":9},"end":{"line":59,"column":25}},"loc":{"start":{"line":59,"column":46},"end":{"line":101,"column":1}},"line":59},"3":{"name":"(anonymous_3)","decl":{"start":{"line":60,"column":23},"end":{"line":60,"column":24}},"loc":{"start":{"line":60,"column":36},"end":{"line":100,"column":5}},"line":60},"4":{"name":"(anonymous_4)","decl":{"start":{"line":64,"column":43},"end":{"line":64,"column":44}},"loc":{"start":{"line":64,"column":63},"end":{"line":99,"column":9}},"line":64},"5":{"name":"(anonymous_5)","decl":{"start":{"line":103,"column":4},"end":{"line":103,"column":5}},"loc":{"start":{"line":103,"column":18},"end":{"line":110,"column":5}},"line":103},"6":{"name":"(anonymous_6)","decl":{"start":{"line":112,"column":4},"end":{"line":112,"column":5}},"loc":{"start":{"line":112,"column":19},"end":{"line":132,"column":5}},"line":112},"7":{"name":"(anonymous_7)","decl":{"start":{"line":116,"column":23},"end":{"line":116,"column":24}},"loc":{"start":{"line":116,"column":32},"end":{"line":123,"column":9}},"line":116},"8":{"name":"(anonymous_8)","decl":{"start":{"line":134,"column":4},"end":{"line":134,"column":5}},"loc":{"start":{"line":134,"column":24},"end":{"line":136,"column":5}},"line":134},"9":{"name":"(anonymous_9)","decl":{"start":{"line":138,"column":4},"end":{"line":138,"column":5}},"loc":{"start":{"line":138,"column":89},"end":{"line":151,"column":5}},"line":138},"10":{"name":"(anonymous_10)","decl":{"start":{"line":153,"column":4},"end":{"line":153,"column":5}},"loc":{"start":{"line":153,"column":27},"end":{"line":167,"column":5}},"line":153},"11":{"name":"(anonymous_11)","decl":{"start":{"line":169,"column":4},"end":{"line":169,"column":5}},"loc":{"start":{"line":169,"column":21},"end":{"line":194,"column":5}},"line":169},"12":{"name":"(anonymous_12)","decl":{"start":{"line":196,"column":4},"end":{"line":196,"column":5}},"loc":{"start":{"line":196,"column":36},"end":{"line":213,"column":5}},"line":196},"13":{"name":"(anonymous_13)","decl":{"start":{"line":202,"column":39},"end":{"line":202,"column":40}},"loc":{"start":{"line":202,"column":44},"end":{"line":202,"column":69}},"line":202},"14":{"name":"(anonymous_14)","decl":{"start":{"line":215,"column":4},"end":{"line":215,"column":5}},"loc":{"start":{"line":215,"column":38},"end":{"line":714,"column":5}},"line":215},"15":{"name":"(anonymous_15)","decl":{"start":{"line":263,"column":64},"end":{"line":263,"column":65}},"loc":{"start":{"line":263,"column":72},"end":{"line":263,"column":105}},"line":263},"16":{"name":"(anonymous_16)","decl":{"start":{"line":716,"column":4},"end":{"line":716,"column":5}},"loc":{"start":{"line":716,"column":28},"end":{"line":841,"column":5}},"line":716},"17":{"name":"(anonymous_17)","decl":{"start":{"line":753,"column":26},"end":{"line":753,"column":27}},"loc":{"start":{"line":753,"column":32},"end":{"line":803,"column":9}},"line":753},"18":{"name":"(anonymous_18)","decl":{"start":{"line":785,"column":114},"end":{"line":785,"column":115}},"loc":{"start":{"line":785,"column":123},"end":{"line":792,"column":13}},"line":785},"19":{"name":"(anonymous_19)","decl":{"start":{"line":805,"column":25},"end":{"line":805,"column":26}},"loc":{"start":{"line":805,"column":31},"end":{"line":834,"column":9}},"line":805},"20":{"name":"(anonymous_20)","decl":{"start":{"line":829,"column":110},"end":{"line":829,"column":111}},"loc":{"start":{"line":829,"column":119},"end":{"line":833,"column":13}},"line":829},"21":{"name":"(anonymous_21)","decl":{"start":{"line":848,"column":32},"end":{"line":848,"column":33}},"loc":{"start":{"line":848,"column":42},"end":{"line":869,"column":1}},"line":848},"22":{"name":"(anonymous_22)","decl":{"start":{"line":850,"column":22},"end":{"line":850,"column":23}},"loc":{"start":{"line":850,"column":36},"end":{"line":852,"column":5}},"line":850},"23":{"name":"(anonymous_23)","decl":{"start":{"line":854,"column":23},"end":{"line":854,"column":24}},"loc":{"start":{"line":854,"column":30},"end":{"line":856,"column":5}},"line":854},"24":{"name":"(anonymous_24)","decl":{"start":{"line":858,"column":23},"end":{"line":858,"column":24}},"loc":{"start":{"line":858,"column":29},"end":{"line":868,"column":5}},"line":858},"25":{"name":"(anonymous_25)","decl":{"start":{"line":871,"column":36},"end":{"line":871,"column":37}},"loc":{"start":{"line":871,"column":42},"end":{"line":874,"column":1}},"line":871},"26":{"name":"(anonymous_26)","decl":{"start":{"line":876,"column":21},"end":{"line":876,"column":22}},"loc":{"start":{"line":876,"column":27},"end":{"line":883,"column":1}},"line":876},"27":{"name":"(anonymous_27)","decl":{"start":{"line":879,"column":17},"end":{"line":879,"column":18}},"loc":{"start":{"line":879,"column":23},"end":{"line":882,"column":5}},"line":879}},"branchMap":{"0":{"loc":{"start":{"line":13,"column":14},"end":{"line":13,"column":41}},"type":"binary-expr","locations":[{"start":{"line":13,"column":14},"end":{"line":13,"column":31}},{"start":{"line":13,"column":35},"end":{"line":13,"column":41}}],"line":13},"1":{"loc":{"start":{"line":14,"column":18},"end":{"line":14,"column":56}},"type":"binary-expr","locations":[{"start":{"line":14,"column":18},"end":{"line":14,"column":49}},{"start":{"line":14,"column":53},"end":{"line":14,"column":56}}],"line":14},"2":{"loc":{"start":{"line":32,"column":4},"end":{"line":40,"column":5}},"type":"if","locations":[{"start":{"line":32,"column":4},"end":{"line":40,"column":5}},{"start":{"line":36,"column":11},"end":{"line":40,"column":5}}],"line":32},"3":{"loc":{"start":{"line":45,"column":4},"end":{"line":45,"column":33}},"type":"if","locations":[{"start":{"line":45,"column":4},"end":{"line":45,"column":33}},{"start":{},"end":{}}],"line":45},"4":{"loc":{"start":{"line":47,"column":4},"end":{"line":47,"column":28}},"type":"if","locations":[{"start":{"line":47,"column":4},"end":{"line":47,"column":28}},{"start":{},"end":{}}],"line":47},"5":{"loc":{"start":{"line":65,"column":12},"end":{"line":71,"column":13}},"type":"if","locations":[{"start":{"line":65,"column":12},"end":{"line":71,"column":13}},{"start":{},"end":{}}],"line":65},"6":{"loc":{"start":{"line":73,"column":12},"end":{"line":78,"column":13}},"type":"if","locations":[{"start":{"line":73,"column":12},"end":{"line":78,"column":13}},{"start":{},"end":{}}],"line":73},"7":{"loc":{"start":{"line":84,"column":20},"end":{"line":89,"column":21}},"type":"if","locations":[{"start":{"line":84,"column":20},"end":{"line":89,"column":21}},{"start":{},"end":{}}],"line":84},"8":{"loc":{"start":{"line":108,"column":27},"end":{"line":108,"column":58}},"type":"cond-expr","locations":[{"start":{"line":108,"column":46},"end":{"line":108,"column":51}},{"start":{"line":108,"column":54},"end":{"line":108,"column":58}}],"line":108},"9":{"loc":{"start":{"line":130,"column":19},"end":{"line":130,"column":50}},"type":"binary-expr","locations":[{"start":{"line":130,"column":19},"end":{"line":130,"column":35}},{"start":{"line":130,"column":39},"end":{"line":130,"column":50}}],"line":130},"10":{"loc":{"start":{"line":138,"column":16},"end":{"line":138,"column":37}},"type":"default-arg","locations":[{"start":{"line":138,"column":23},"end":{"line":138,"column":37}}],"line":138},"11":{"loc":{"start":{"line":138,"column":39},"end":{"line":138,"column":66}},"type":"default-arg","locations":[{"start":{"line":138,"column":55},"end":{"line":138,"column":66}}],"line":138},"12":{"loc":{"start":{"line":138,"column":68},"end":{"line":138,"column":87}},"type":"default-arg","locations":[{"start":{"line":138,"column":76},"end":{"line":138,"column":87}}],"line":138},"13":{"loc":{"start":{"line":158,"column":12},"end":{"line":158,"column":33}},"type":"if","locations":[{"start":{"line":158,"column":12},"end":{"line":158,"column":33}},{"start":{},"end":{}}],"line":158},"14":{"loc":{"start":{"line":160,"column":12},"end":{"line":164,"column":13}},"type":"if","locations":[{"start":{"line":160,"column":12},"end":{"line":164,"column":13}},{"start":{},"end":{}}],"line":160},"15":{"loc":{"start":{"line":170,"column":8},"end":{"line":185,"column":9}},"type":"if","locations":[{"start":{"line":170,"column":8},"end":{"line":185,"column":9}},{"start":{},"end":{}}],"line":170},"16":{"loc":{"start":{"line":174,"column":16},"end":{"line":176,"column":17}},"type":"if","locations":[{"start":{"line":174,"column":16},"end":{"line":176,"column":17}},{"start":{},"end":{}}],"line":174},"17":{"loc":{"start":{"line":180,"column":16},"end":{"line":182,"column":17}},"type":"if","locations":[{"start":{"line":180,"column":16},"end":{"line":182,"column":17}},{"start":{},"end":{}}],"line":180},"18":{"loc":{"start":{"line":183,"column":23},"end":{"line":183,"column":34}},"type":"binary-expr","locations":[{"start":{"line":183,"column":23},"end":{"line":183,"column":27}},{"start":{"line":183,"column":31},"end":{"line":183,"column":34}}],"line":183},"19":{"loc":{"start":{"line":190,"column":8},"end":{"line":192,"column":9}},"type":"if","locations":[{"start":{"line":190,"column":8},"end":{"line":192,"column":9}},{"start":{},"end":{}}],"line":190},"20":{"loc":{"start":{"line":197,"column":8},"end":{"line":199,"column":9}},"type":"if","locations":[{"start":{"line":197,"column":8},"end":{"line":199,"column":9}},{"start":{},"end":{}}],"line":197},"21":{"loc":{"start":{"line":203,"column":8},"end":{"line":210,"column":9}},"type":"if","locations":[{"start":{"line":203,"column":8},"end":{"line":210,"column":9}},{"start":{},"end":{}}],"line":203},"22":{"loc":{"start":{"line":205,"column":12},"end":{"line":209,"column":13}},"type":"if","locations":[{"start":{"line":205,"column":12},"end":{"line":209,"column":13}},{"start":{},"end":{}}],"line":205},"23":{"loc":{"start":{"line":219,"column":8},"end":{"line":221,"column":9}},"type":"if","locations":[{"start":{"line":219,"column":8},"end":{"line":221,"column":9}},{"start":{},"end":{}}],"line":219},"24":{"loc":{"start":{"line":219,"column":12},"end":{"line":219,"column":74}},"type":"binary-expr","locations":[{"start":{"line":219,"column":12},"end":{"line":219,"column":41}},{"start":{"line":219,"column":45},"end":{"line":219,"column":74}}],"line":219},"25":{"loc":{"start":{"line":225,"column":25},"end":{"line":225,"column":60}},"type":"binary-expr","locations":[{"start":{"line":225,"column":25},"end":{"line":225,"column":37}},{"start":{"line":225,"column":41},"end":{"line":225,"column":53}},{"start":{"line":225,"column":57},"end":{"line":225,"column":60}}],"line":225},"26":{"loc":{"start":{"line":230,"column":12},"end":{"line":234,"column":13}},"type":"if","locations":[{"start":{"line":230,"column":12},"end":{"line":234,"column":13}},{"start":{"line":232,"column":19},"end":{"line":234,"column":13}}],"line":230},"27":{"loc":{"start":{"line":242,"column":27},"end":{"line":242,"column":52}},"type":"binary-expr","locations":[{"start":{"line":242,"column":27},"end":{"line":242,"column":44}},{"start":{"line":242,"column":48},"end":{"line":242,"column":52}}],"line":242},"28":{"loc":{"start":{"line":251,"column":12},"end":{"line":253,"column":13}},"type":"if","locations":[{"start":{"line":251,"column":12},"end":{"line":253,"column":13}},{"start":{},"end":{}}],"line":251},"29":{"loc":{"start":{"line":251,"column":16},"end":{"line":251,"column":57}},"type":"binary-expr","locations":[{"start":{"line":251,"column":16},"end":{"line":251,"column":25}},{"start":{"line":251,"column":29},"end":{"line":251,"column":57}}],"line":251},"30":{"loc":{"start":{"line":256,"column":12},"end":{"line":375,"column":13}},"type":"if","locations":[{"start":{"line":256,"column":12},"end":{"line":375,"column":13}},{"start":{},"end":{}}],"line":256},"31":{"loc":{"start":{"line":256,"column":16},"end":{"line":256,"column":127}},"type":"binary-expr","locations":[{"start":{"line":256,"column":16},"end":{"line":256,"column":37}},{"start":{"line":256,"column":41},"end":{"line":256,"column":59}},{"start":{"line":256,"column":63},"end":{"line":256,"column":80}},{"start":{"line":256,"column":84},"end":{"line":256,"column":102}},{"start":{"line":256,"column":106},"end":{"line":256,"column":127}}],"line":256},"32":{"loc":{"start":{"line":257,"column":16},"end":{"line":374,"column":17}},"type":"if","locations":[{"start":{"line":257,"column":16},"end":{"line":374,"column":17}},{"start":{"line":259,"column":23},"end":{"line":374,"column":17}}],"line":257},"33":{"loc":{"start":{"line":257,"column":20},"end":{"line":257,"column":78}},"type":"binary-expr","locations":[{"start":{"line":257,"column":20},"end":{"line":257,"column":40}},{"start":{"line":257,"column":44},"end":{"line":257,"column":78}}],"line":257},"34":{"loc":{"start":{"line":264,"column":20},"end":{"line":266,"column":21}},"type":"if","locations":[{"start":{"line":264,"column":20},"end":{"line":266,"column":21}},{"start":{},"end":{}}],"line":264},"35":{"loc":{"start":{"line":269,"column":20},"end":{"line":284,"column":21}},"type":"if","locations":[{"start":{"line":269,"column":20},"end":{"line":284,"column":21}},{"start":{},"end":{}}],"line":269},"36":{"loc":{"start":{"line":269,"column":24},"end":{"line":269,"column":57}},"type":"binary-expr","locations":[{"start":{"line":269,"column":24},"end":{"line":269,"column":36}},{"start":{"line":269,"column":40},"end":{"line":269,"column":57}}],"line":269},"37":{"loc":{"start":{"line":272,"column":28},"end":{"line":274,"column":29}},"type":"if","locations":[{"start":{"line":272,"column":28},"end":{"line":274,"column":29}},{"start":{},"end":{}}],"line":272},"38":{"loc":{"start":{"line":275,"column":28},"end":{"line":280,"column":29}},"type":"if","locations":[{"start":{"line":275,"column":28},"end":{"line":280,"column":29}},{"start":{},"end":{}}],"line":275},"39":{"loc":{"start":{"line":286,"column":20},"end":{"line":305,"column":21}},"type":"if","locations":[{"start":{"line":286,"column":20},"end":{"line":305,"column":21}},{"start":{},"end":{}}],"line":286},"40":{"loc":{"start":{"line":309,"column":24},"end":{"line":328,"column":25}},"type":"if","locations":[{"start":{"line":309,"column":24},"end":{"line":328,"column":25}},{"start":{},"end":{}}],"line":309},"41":{"loc":{"start":{"line":331,"column":24},"end":{"line":353,"column":25}},"type":"if","locations":[{"start":{"line":331,"column":24},"end":{"line":353,"column":25}},{"start":{"line":344,"column":31},"end":{"line":353,"column":25}}],"line":331},"42":{"loc":{"start":{"line":332,"column":28},"end":{"line":343,"column":29}},"type":"if","locations":[{"start":{"line":332,"column":28},"end":{"line":343,"column":29}},{"start":{"line":335,"column":35},"end":{"line":343,"column":29}}],"line":332},"43":{"loc":{"start":{"line":377,"column":12},"end":{"line":407,"column":13}},"type":"if","locations":[{"start":{"line":377,"column":12},"end":{"line":407,"column":13}},{"start":{},"end":{}}],"line":377},"44":{"loc":{"start":{"line":380,"column":16},"end":{"line":388,"column":17}},"type":"if","locations":[{"start":{"line":380,"column":16},"end":{"line":388,"column":17}},{"start":{"line":383,"column":23},"end":{"line":388,"column":17}}],"line":380},"45":{"loc":{"start":{"line":383,"column":23},"end":{"line":388,"column":17}},"type":"if","locations":[{"start":{"line":383,"column":23},"end":{"line":388,"column":17}},{"start":{"line":386,"column":23},"end":{"line":388,"column":17}}],"line":383},"46":{"loc":{"start":{"line":410,"column":12},"end":{"line":413,"column":13}},"type":"if","locations":[{"start":{"line":410,"column":12},"end":{"line":413,"column":13}},{"start":{},"end":{}}],"line":410},"47":{"loc":{"start":{"line":410,"column":16},"end":{"line":410,"column":55}},"type":"binary-expr","locations":[{"start":{"line":410,"column":16},"end":{"line":410,"column":28}},{"start":{"line":410,"column":32},"end":{"line":410,"column":55}}],"line":410},"48":{"loc":{"start":{"line":417,"column":12},"end":{"line":424,"column":13}},"type":"if","locations":[{"start":{"line":417,"column":12},"end":{"line":424,"column":13}},{"start":{},"end":{}}],"line":417},"49":{"loc":{"start":{"line":417,"column":16},"end":{"line":417,"column":115}},"type":"binary-expr","locations":[{"start":{"line":417,"column":16},"end":{"line":417,"column":23}},{"start":{"line":417,"column":28},"end":{"line":417,"column":46}},{"start":{"line":417,"column":50},"end":{"line":417,"column":67}},{"start":{"line":417,"column":71},"end":{"line":417,"column":89}},{"start":{"line":417,"column":93},"end":{"line":417,"column":114}}],"line":417},"50":{"loc":{"start":{"line":419,"column":20},"end":{"line":422,"column":21}},"type":"if","locations":[{"start":{"line":419,"column":20},"end":{"line":422,"column":21}},{"start":{},"end":{}}],"line":419},"51":{"loc":{"start":{"line":419,"column":24},"end":{"line":419,"column":82}},"type":"binary-expr","locations":[{"start":{"line":419,"column":24},"end":{"line":419,"column":51}},{"start":{"line":419,"column":55},"end":{"line":419,"column":82}}],"line":419},"52":{"loc":{"start":{"line":426,"column":12},"end":{"line":444,"column":13}},"type":"if","locations":[{"start":{"line":426,"column":12},"end":{"line":444,"column":13}},{"start":{},"end":{}}],"line":426},"53":{"loc":{"start":{"line":426,"column":16},"end":{"line":426,"column":48}},"type":"binary-expr","locations":[{"start":{"line":426,"column":16},"end":{"line":426,"column":23}},{"start":{"line":426,"column":27},"end":{"line":426,"column":48}}],"line":426},"54":{"loc":{"start":{"line":446,"column":12},"end":{"line":709,"column":13}},"type":"switch","locations":[{"start":{"line":447,"column":16},"end":{"line":489,"column":26}},{"start":{"line":491,"column":16},"end":{"line":530,"column":26}},{"start":{"line":532,"column":16},"end":{"line":593,"column":26}},{"start":{"line":595,"column":16},"end":{"line":651,"column":26}},{"start":{"line":653,"column":16},"end":{"line":705,"column":26}},{"start":{"line":707,"column":16},"end":{"line":708,"column":90}}],"line":446},"55":{"loc":{"start":{"line":448,"column":20},"end":{"line":467,"column":21}},"type":"if","locations":[{"start":{"line":448,"column":20},"end":{"line":467,"column":21}},{"start":{},"end":{}}],"line":448},"56":{"loc":{"start":{"line":468,"column":42},"end":{"line":468,"column":76}},"type":"binary-expr","locations":[{"start":{"line":468,"column":42},"end":{"line":468,"column":61}},{"start":{"line":468,"column":65},"end":{"line":468,"column":76}}],"line":468},"57":{"loc":{"start":{"line":494,"column":58},"end":{"line":494,"column":81}},"type":"binary-expr","locations":[{"start":{"line":494,"column":58},"end":{"line":494,"column":75}},{"start":{"line":494,"column":79},"end":{"line":494,"column":81}}],"line":494},"58":{"loc":{"start":{"line":500,"column":30},"end":{"line":500,"column":62}},"type":"cond-expr","locations":[{"start":{"line":500,"column":39},"end":{"line":500,"column":50}},{"start":{"line":500,"column":53},"end":{"line":500,"column":62}}],"line":500},"59":{"loc":{"start":{"line":508,"column":31},"end":{"line":508,"column":60}},"type":"cond-expr","locations":[{"start":{"line":508,"column":40},"end":{"line":508,"column":52}},{"start":{"line":508,"column":55},"end":{"line":508,"column":60}}],"line":508},"60":{"loc":{"start":{"line":526,"column":84},"end":{"line":526,"column":116}},"type":"cond-expr","locations":[{"start":{"line":526,"column":93},"end":{"line":526,"column":104}},{"start":{"line":526,"column":107},"end":{"line":526,"column":116}}],"line":526},"61":{"loc":{"start":{"line":527,"column":91},"end":{"line":527,"column":123}},"type":"cond-expr","locations":[{"start":{"line":527,"column":100},"end":{"line":527,"column":111}},{"start":{"line":527,"column":114},"end":{"line":527,"column":123}}],"line":527},"62":{"loc":{"start":{"line":535,"column":20},"end":{"line":554,"column":21}},"type":"if","locations":[{"start":{"line":535,"column":20},"end":{"line":554,"column":21}},{"start":{},"end":{}}],"line":535},"63":{"loc":{"start":{"line":559,"column":20},"end":{"line":568,"column":21}},"type":"if","locations":[{"start":{"line":559,"column":20},"end":{"line":568,"column":21}},{"start":{"line":566,"column":27},"end":{"line":568,"column":21}}],"line":559},"64":{"loc":{"start":{"line":598,"column":20},"end":{"line":617,"column":21}},"type":"if","locations":[{"start":{"line":598,"column":20},"end":{"line":617,"column":21}},{"start":{},"end":{}}],"line":598},"65":{"loc":{"start":{"line":619,"column":20},"end":{"line":630,"column":21}},"type":"if","locations":[{"start":{"line":619,"column":20},"end":{"line":630,"column":21}},{"start":{},"end":{}}],"line":619},"66":{"loc":{"start":{"line":622,"column":24},"end":{"line":625,"column":25}},"type":"if","locations":[{"start":{"line":622,"column":24},"end":{"line":625,"column":25}},{"start":{},"end":{}}],"line":622},"67":{"loc":{"start":{"line":626,"column":24},"end":{"line":629,"column":25}},"type":"if","locations":[{"start":{"line":626,"column":24},"end":{"line":629,"column":25}},{"start":{},"end":{}}],"line":626},"68":{"loc":{"start":{"line":656,"column":20},"end":{"line":675,"column":21}},"type":"if","locations":[{"start":{"line":656,"column":20},"end":{"line":675,"column":21}},{"start":{},"end":{}}],"line":656},"69":{"loc":{"start":{"line":677,"column":20},"end":{"line":679,"column":21}},"type":"if","locations":[{"start":{"line":677,"column":20},"end":{"line":679,"column":21}},{"start":{},"end":{}}],"line":677},"70":{"loc":{"start":{"line":680,"column":20},"end":{"line":682,"column":21}},"type":"if","locations":[{"start":{"line":680,"column":20},"end":{"line":682,"column":21}},{"start":{},"end":{}}],"line":680},"71":{"loc":{"start":{"line":743,"column":18},"end":{"line":743,"column":38}},"type":"binary-expr","locations":[{"start":{"line":743,"column":18},"end":{"line":743,"column":33}},{"start":{"line":743,"column":37},"end":{"line":743,"column":38}}],"line":743},"72":{"loc":{"start":{"line":744,"column":26},"end":{"line":744,"column":50}},"type":"binary-expr","locations":[{"start":{"line":744,"column":26},"end":{"line":744,"column":45}},{"start":{"line":744,"column":49},"end":{"line":744,"column":50}}],"line":744},"73":{"loc":{"start":{"line":745,"column":25},"end":{"line":745,"column":48}},"type":"binary-expr","locations":[{"start":{"line":745,"column":25},"end":{"line":745,"column":43}},{"start":{"line":745,"column":47},"end":{"line":745,"column":48}}],"line":745},"74":{"loc":{"start":{"line":747,"column":32},"end":{"line":747,"column":69}},"type":"binary-expr","locations":[{"start":{"line":747,"column":32},"end":{"line":747,"column":55}},{"start":{"line":747,"column":59},"end":{"line":747,"column":69}}],"line":747},"75":{"loc":{"start":{"line":748,"column":27},"end":{"line":748,"column":53}},"type":"binary-expr","locations":[{"start":{"line":748,"column":27},"end":{"line":748,"column":48}},{"start":{"line":748,"column":52},"end":{"line":748,"column":53}}],"line":748},"76":{"loc":{"start":{"line":754,"column":12},"end":{"line":761,"column":13}},"type":"if","locations":[{"start":{"line":754,"column":12},"end":{"line":761,"column":13}},{"start":{},"end":{}}],"line":754},"77":{"loc":{"start":{"line":755,"column":16},"end":{"line":757,"column":17}},"type":"if","locations":[{"start":{"line":755,"column":16},"end":{"line":757,"column":17}},{"start":{},"end":{}}],"line":755},"78":{"loc":{"start":{"line":785,"column":76},"end":{"line":785,"column":112}},"type":"binary-expr","locations":[{"start":{"line":785,"column":76},"end":{"line":785,"column":97}},{"start":{"line":785,"column":101},"end":{"line":785,"column":112}}],"line":785},"79":{"loc":{"start":{"line":786,"column":16},"end":{"line":791,"column":17}},"type":"if","locations":[{"start":{"line":786,"column":16},"end":{"line":791,"column":17}},{"start":{"line":788,"column":23},"end":{"line":791,"column":17}}],"line":786},"80":{"loc":{"start":{"line":806,"column":12},"end":{"line":808,"column":13}},"type":"if","locations":[{"start":{"line":806,"column":12},"end":{"line":808,"column":13}},{"start":{},"end":{}}],"line":806},"81":{"loc":{"start":{"line":814,"column":40},"end":{"line":814,"column":66}},"type":"binary-expr","locations":[{"start":{"line":814,"column":40},"end":{"line":814,"column":61}},{"start":{"line":814,"column":65},"end":{"line":814,"column":66}}],"line":814},"82":{"loc":{"start":{"line":826,"column":33},"end":{"line":826,"column":57}},"type":"binary-expr","locations":[{"start":{"line":826,"column":33},"end":{"line":826,"column":52}},{"start":{"line":826,"column":56},"end":{"line":826,"column":57}}],"line":826},"83":{"loc":{"start":{"line":827,"column":33},"end":{"line":827,"column":56}},"type":"binary-expr","locations":[{"start":{"line":827,"column":33},"end":{"line":827,"column":51}},{"start":{"line":827,"column":55},"end":{"line":827,"column":56}}],"line":827},"84":{"loc":{"start":{"line":829,"column":72},"end":{"line":829,"column":108}},"type":"binary-expr","locations":[{"start":{"line":829,"column":72},"end":{"line":829,"column":93}},{"start":{"line":829,"column":97},"end":{"line":829,"column":108}}],"line":829},"85":{"loc":{"start":{"line":830,"column":16},"end":{"line":832,"column":17}},"type":"if","locations":[{"start":{"line":830,"column":16},"end":{"line":832,"column":17}},{"start":{},"end":{}}],"line":830},"86":{"loc":{"start":{"line":860,"column":12},"end":{"line":866,"column":13}},"type":"if","locations":[{"start":{"line":860,"column":12},"end":{"line":866,"column":13}},{"start":{},"end":{}}],"line":860},"87":{"loc":{"start":{"line":861,"column":16},"end":{"line":861,"column":65}},"type":"if","locations":[{"start":{"line":861,"column":16},"end":{"line":861,"column":65}},{"start":{},"end":{}}],"line":861},"88":{"loc":{"start":{"line":862,"column":16},"end":{"line":862,"column":67}},"type":"if","locations":[{"start":{"line":862,"column":16},"end":{"line":862,"column":67}},{"start":{},"end":{}}],"line":862},"89":{"loc":{"start":{"line":863,"column":16},"end":{"line":863,"column":76}},"type":"if","locations":[{"start":{"line":863,"column":16},"end":{"line":863,"column":76}},{"start":{},"end":{}}],"line":863},"90":{"loc":{"start":{"line":864,"column":16},"end":{"line":864,"column":78}},"type":"if","locations":[{"start":{"line":864,"column":16},"end":{"line":864,"column":78}},{"start":{},"end":{}}],"line":864}},"s":{"0":3,"1":3,"2":3,"3":3,"4":3,"5":3,"6":3,"7":3,"8":3,"9":3,"10":3,"11":3,"12":3,"13":3,"14":3,"15":3,"16":0,"17":0,"18":3,"19":3,"20":18,"21":0,"22":18,"23":18,"24":0,"25":18,"26":18,"27":18,"28":18,"29":0,"30":0,"31":20,"32":20,"33":20,"34":20,"35":20,"36":4,"37":4,"38":4,"39":4,"40":16,"41":2,"42":2,"43":2,"44":14,"45":15,"46":15,"47":14,"48":9,"49":9,"50":9,"51":1,"52":1,"53":5,"54":5,"55":102,"56":102,"57":102,"58":102,"59":102,"60":102,"61":102,"62":102,"63":612,"64":102,"65":8,"66":8,"67":8,"68":50,"69":50,"70":50,"71":50,"72":50,"73":128,"74":50,"75":78,"76":78,"77":78,"78":78,"79":78,"80":50,"81":13,"82":12,"83":12,"84":12,"85":12,"86":0,"87":12,"88":0,"89":0,"90":0,"91":0,"92":1,"93":1,"94":1,"95":1,"96":0,"97":1,"98":5,"99":1,"100":4,"101":4,"102":12,"103":4,"104":4,"105":4,"106":4,"107":4,"108":4,"109":0,"110":49,"111":49,"112":49,"113":1,"114":48,"115":48,"116":48,"117":48,"118":48,"119":0,"120":48,"121":48,"122":48,"123":48,"124":48,"125":48,"126":1,"127":48,"128":32,"129":31,"130":31,"131":113,"132":31,"133":18,"134":31,"135":2,"136":2,"137":2,"138":0,"139":2,"140":2,"141":0,"142":31,"143":11,"144":11,"145":11,"146":11,"147":11,"148":20,"149":20,"150":20,"151":11,"152":11,"153":11,"154":11,"155":11,"156":9,"157":1,"158":0,"159":0,"160":1,"161":8,"162":8,"163":0,"164":0,"165":0,"166":0,"167":0,"168":26,"169":16,"170":2,"171":14,"172":0,"173":14,"174":16,"175":16,"176":16,"177":16,"178":16,"179":10,"180":10,"181":0,"182":0,"183":10,"184":10,"185":0,"186":0,"187":0,"188":0,"189":10,"190":0,"191":0,"192":0,"193":0,"194":10,"195":6,"196":0,"197":0,"198":0,"199":0,"200":0,"201":6,"202":6,"203":6,"204":6,"205":6,"206":6,"207":6,"208":6,"209":6,"210":3,"211":3,"212":3,"213":3,"214":3,"215":3,"216":3,"217":3,"218":3,"219":3,"220":3,"221":3,"222":3,"223":1,"224":1,"225":1,"226":0,"227":0,"228":0,"229":0,"230":0,"231":1,"232":1,"233":1,"234":1,"235":1,"236":1,"237":1,"238":1,"239":1,"240":0,"241":1,"242":1,"243":1,"244":1,"245":1,"246":1,"247":1,"248":1,"249":1,"250":1,"251":0,"252":0,"253":0,"254":0,"255":0,"256":0,"257":0,"258":0,"259":0,"260":0,"261":0,"262":0,"263":0,"264":0,"265":0,"266":0,"267":0,"268":0,"269":0,"270":0,"271":0,"272":0,"273":0,"274":0,"275":0,"276":0,"277":0,"278":0,"279":0,"280":0,"281":0,"282":0,"283":0,"284":0,"285":0,"286":0,"287":0,"288":0,"289":0,"290":0,"291":0,"292":0,"293":0,"294":0,"295":0,"296":0,"297":1,"298":1,"299":1,"300":1,"301":1,"302":1,"303":1,"304":1,"305":1,"306":1,"307":0,"308":0,"309":0,"310":0,"311":1,"312":1,"313":1,"314":1,"315":1,"316":1,"317":1,"318":1,"319":1,"320":1,"321":1,"322":0,"323":0,"324":0,"325":0,"326":0,"327":1,"328":1,"329":1,"330":1,"331":1,"332":1,"333":1,"334":1,"335":1,"336":1,"337":1,"338":1,"339":1,"340":1,"341":1,"342":1,"343":1,"344":1,"345":1,"346":0,"347":0,"348":0,"349":0,"350":1,"351":1,"352":1,"353":1,"354":1,"355":1,"356":1,"357":1,"358":1,"359":1,"360":0,"361":1,"362":1,"363":1,"364":1,"365":1,"366":1,"367":1,"368":1,"369":1,"370":1,"371":1,"372":1,"373":1,"374":1,"375":1,"376":0,"377":0,"378":1,"379":1,"380":1,"381":1,"382":3,"383":3,"384":3,"385":0,"386":0,"387":0,"388":0,"389":0,"390":0,"391":0,"392":0,"393":0,"394":0,"395":0,"396":0,"397":0,"398":0,"399":0,"400":0,"401":3,"402":0,"403":3,"404":0,"405":0,"406":0,"407":0},"f":{"0":3,"1":18,"2":20,"3":20,"4":20,"5":102,"6":102,"7":612,"8":8,"9":8,"10":50,"11":13,"12":5,"13":12,"14":49,"15":113,"16":1,"17":1,"18":0,"19":1,"20":0,"21":0,"22":0,"23":0,"24":0,"25":0,"26":0,"27":0},"b":{"0":[3,0],"1":[3,0],"2":[0,3],"3":[0,18],"4":[0,18],"5":[4,16],"6":[2,14],"7":[9,5],"8":[0,102],"9":[102,102],"10":[0],"11":[0],"12":[0],"13":[50,78],"14":[78,0],"15":[12,1],"16":[0,12],"17":[0,0],"18":[0,0],"19":[0,1],"20":[1,4],"21":[4,0],"22":[4,0],"23":[1,48],"24":[49,1],"25":[48,0,0],"26":[0,48],"27":[48,44],"28":[1,47],"29":[48,4],"30":[32,16],"31":[48,23,19,16,16],"32":[1,31],"33":[32,1],"34":[18,13],"35":[2,29],"36":[31,13],"37":[0,2],"38":[2,0],"39":[11,20],"40":[11,9],"41":[1,8],"42":[0,1],"43":[16,10],"44":[2,14],"45":[0,14],"46":[0,10],"47":[10,0],"48":[0,10],"49":[10,0,0,0,0],"50":[0,0],"51":[0,0],"52":[0,10],"53":[10,0],"54":[6,3,1,0,0,0],"55":[0,6],"56":[6,0],"57":[3,0],"58":[3,0],"59":[3,0],"60":[3,0],"61":[3,0],"62":[0,1],"63":[1,0],"64":[0,0],"65":[0,0],"66":[0,0],"67":[0,0],"68":[0,0],"69":[0,0],"70":[0,0],"71":[1,0],"72":[1,1],"73":[1,1],"74":[1,1],"75":[1,0],"76":[0,1],"77":[0,0],"78":[1,0],"79":[0,0],"80":[0,1],"81":[1,0],"82":[1,1],"83":[1,1],"84":[1,0],"85":[0,0],"86":[0,0],"87":[0,0],"88":[0,0],"89":[0,0],"90":[0,0]},"_coverageSchema":"1a1c01bbd47fc00a2c39e90264f33305004495a9","hash":"427e04fe25921b1827b0a5375746e6d5f8aa0545"}
,"/home/cink/Downloads/sweetcam-GSOC/rtspservices/config/brand-configs.js": {"path":"/home/cink/Downloads/sweetcam-GSOC/rtspservices/config/brand-configs.js","statementMap":{"0":{"start":{"line":1,"column":21},"end":{"line":73,"column":1}},"1":{"start":{"line":8,"column":28},"end":{"line":8,"column":204}},"2":{"start":{"line":10,"column":31},"end":{"line":10,"column":193}},"3":{"start":{"line":20,"column":28},"end":{"line":20,"column":136}},"4":{"start":{"line":22,"column":31},"end":{"line":22,"column":169}},"5":{"start":{"line":32,"column":28},"end":{"line":32,"column":135}},"6":{"start":{"line":34,"column":31},"end":{"line":34,"column":119}},"7":{"start":{"line":44,"column":28},"end":{"line":44,"column":129}},"8":{"start":{"line":46,"column":31},"end":{"line":46,"column":119}},"9":{"start":{"line":56,"column":28},"end":{"line":56,"column":129}},"10":{"start":{"line":58,"column":31},"end":{"line":58,"column":119}},"11":{"start":{"line":68,"column":28},"end":{"line":68,"column":129}},"12":{"start":{"line":70,"column":31},"end":{"line":70,"column":119}},"13":{"start":{"line":75,"column":0},"end":{"line":75,"column":30}}},"fnMap":{"0":{"name":"(anonymous_0)","decl":{"start":{"line":8,"column":18},"end":{"line":8,"column":19}},"loc":{"start":{"line":8,"column":28},"end":{"line":8,"column":204}},"line":8},"1":{"name":"(anonymous_1)","decl":{"start":{"line":10,"column":20},"end":{"line":10,"column":21}},"loc":{"start":{"line":10,"column":31},"end":{"line":10,"column":193}},"line":10},"2":{"name":"(anonymous_2)","decl":{"start":{"line":20,"column":18},"end":{"line":20,"column":19}},"loc":{"start":{"line":20,"column":28},"end":{"line":20,"column":136}},"line":20},"3":{"name":"(anonymous_3)","decl":{"start":{"line":22,"column":20},"end":{"line":22,"column":21}},"loc":{"start":{"line":22,"column":31},"end":{"line":22,"column":169}},"line":22},"4":{"name":"(anonymous_4)","decl":{"start":{"line":32,"column":18},"end":{"line":32,"column":19}},"loc":{"start":{"line":32,"column":28},"end":{"line":32,"column":135}},"line":32},"5":{"name":"(anonymous_5)","decl":{"start":{"line":34,"column":20},"end":{"line":34,"column":21}},"loc":{"start":{"line":34,"column":31},"end":{"line":34,"column":119}},"line":34},"6":{"name":"(anonymous_6)","decl":{"start":{"line":44,"column":18},"end":{"line":44,"column":19}},"loc":{"start":{"line":44,"column":28},"end":{"line":44,"column":129}},"line":44},"7":{"name":"(anonymous_7)","decl":{"start":{"line":46,"column":20},"end":{"line":46,"column":21}},"loc":{"start":{"line":46,"column":31},"end":{"line":46,"column":119}},"line":46},"8":{"name":"(anonymous_8)","decl":{"start":{"line":56,"column":18},"end":{"line":56,"column":19}},"loc":{"start":{"line":56,"column":28},"end":{"line":56,"column":129}},"line":56},"9":{"name":"(anonymous_9)","decl":{"start":{"line":58,"column":20},"end":{"line":58,"column":21}},"loc":{"start":{"line":58,"column":31},"end":{"line":58,"column":119}},"line":58},"10":{"name":"(anonymous_10)","decl":{"start":{"line":68,"column":18},"end":{"line":68,"column":19}},"loc":{"start":{"line":68,"column":28},"end":{"line":68,"column":129}},"line":68},"11":{"name":"(anonymous_11)","decl":{"start":{"line":70,"column":20},"end":{"line":70,"column":21}},"loc":{"start":{"line":70,"column":31},"end":{"line":70,"column":119}},"line":70}},"branchMap":{},"s":{"0":4,"1":0,"2":19,"3":0,"4":3,"5":0,"6":2,"7":0,"8":2,"9":0,"10":2,"11":0,"12":2,"13":4},"f":{"0":0,"1":19,"2":0,"3":3,"4":0,"5":2,"6":0,"7":2,"8":0,"9":2,"10":0,"11":2},"b":{},"_coverageSchema":"1a1c01bbd47fc00a2c39e90264f33305004495a9","hash":"59b5116088dee960c84895d79f4103e3b64a5167"}
,"/home/cink/Downloads/sweetcam-GSOC/rtspservices/config/db-config.js": {"path":"/home/cink/Downloads/sweetcam-GSOC/rtspservices/config/db-config.js","statementMap":{"0":{"start":{"line":1,"column":0},"end":{"line":24,"column":1}}},"fnMap":{},"branchMap":{"0":{"loc":{"start":{"line":2,"column":10},"end":{"line":2,"column":48}},"type":"binary-expr","locations":[{"start":{"line":2,"column":10},"end":{"line":2,"column":29}},{"start":{"line":2,"column":33},"end":{"line":2,"column":48}}],"line":2},"1":{"loc":{"start":{"line":3,"column":10},"end":{"line":3,"column":39}},"type":"binary-expr","locations":[{"start":{"line":3,"column":10},"end":{"line":3,"column":29}},{"start":{"line":3,"column":33},"end":{"line":3,"column":39}}],"line":3},"2":{"loc":{"start":{"line":4,"column":14},"end":{"line":4,"column":55}},"type":"binary-expr","locations":[{"start":{"line":4,"column":14},"end":{"line":4,"column":37}},{"start":{"line":4,"column":41},"end":{"line":4,"column":55}}],"line":4},"3":{"loc":{"start":{"line":5,"column":8},"end":{"line":5,"column":41}},"type":"binary-expr","locations":[{"start":{"line":5,"column":8},"end":{"line":5,"column":27}},{"start":{"line":5,"column":31},"end":{"line":5,"column":41}}],"line":5},"4":{"loc":{"start":{"line":6,"column":10},"end":{"line":6,"column":37}},"type":"binary-expr","locations":[{"start":{"line":6,"column":10},"end":{"line":6,"column":29}},{"start":{"line":6,"column":33},"end":{"line":6,"column":37}}],"line":6}},"s":{"0":6},"f":{},"b":{"0":[6,0],"1":[6,0],"2":[6,0],"3":[6,0],"4":[6,0]},"_coverageSchema":"1a1c01bbd47fc00a2c39e90264f33305004495a9","hash":"40af5f24c440d97b2afa720a27e105918176a6cb"}
,"/home/cink/Downloads/sweetcam-GSOC/rtspservices/utils/brand-detector.js": {"path":"/home/cink/Downloads/sweetcam-GSOC/rtspservices/utils/brand-detector.js","statementMap":{"0":{"start":{"line":1,"column":21},"end":{"line":1,"column":55}},"1":{"start":{"line":5,"column":4},"end":{"line":5,"column":37}},"2":{"start":{"line":9,"column":25},"end":{"line":16,"column":5}},"3":{"start":{"line":18,"column":4},"end":{"line":18,"column":45}},"4":{"start":{"line":22,"column":4},"end":{"line":22,"column":33}},"5":{"start":{"line":22,"column":14},"end":{"line":22,"column":33}},"6":{"start":{"line":24,"column":17},"end":{"line":24,"column":34}},"7":{"start":{"line":26,"column":4},"end":{"line":38,"column":5}},"8":{"start":{"line":27,"column":6},"end":{"line":27,"column":25}},"9":{"start":{"line":28,"column":11},"end":{"line":38,"column":5}},"10":{"start":{"line":29,"column":6},"end":{"line":29,"column":21}},"11":{"start":{"line":30,"column":11},"end":{"line":38,"column":5}},"12":{"start":{"line":31,"column":6},"end":{"line":31,"column":20}},"13":{"start":{"line":32,"column":11},"end":{"line":38,"column":5}},"14":{"start":{"line":33,"column":6},"end":{"line":33,"column":23}},"15":{"start":{"line":34,"column":11},"end":{"line":38,"column":5}},"16":{"start":{"line":35,"column":6},"end":{"line":35,"column":23}},"17":{"start":{"line":36,"column":11},"end":{"line":38,"column":5}},"18":{"start":{"line":37,"column":6},"end":{"line":37,"column":24}},"19":{"start":{"line":40,"column":4},"end":{"line":40,"column":23}},"20":{"start":{"line":44,"column":4},"end":{"line":44,"column":39}},"21":{"start":{"line":44,"column":20},"end":{"line":44,"column":39}},"22":{"start":{"line":46,"column":15},"end":{"line":46,"column":38}},"23":{"start":{"line":48,"column":4},"end":{"line":60,"column":5}},"24":{"start":{"line":49,"column":6},"end":{"line":49,"column":25}},"25":{"start":{"line":50,"column":11},"end":{"line":60,"column":5}},"26":{"start":{"line":51,"column":6},"end":{"line":51,"column":21}},"27":{"start":{"line":52,"column":11},"end":{"line":60,"column":5}},"28":{"start":{"line":53,"column":6},"end":{"line":53,"column":20}},"29":{"start":{"line":54,"column":11},"end":{"line":60,"column":5}},"30":{"start":{"line":55,"column":6},"end":{"line":55,"column":23}},"31":{"start":{"line":56,"column":11},"end":{"line":60,"column":5}},"32":{"start":{"line":57,"column":6},"end":{"line":57,"column":23}},"33":{"start":{"line":58,"column":11},"end":{"line":60,"column":5}},"34":{"start":{"line":59,"column":6},"end":{"line":59,"column":24}},"35":{"start":{"line":62,"column":4},"end":{"line":62,"column":23}},"36":{"start":{"line":67,"column":17},"end":{"line":67,"column":33}},"37":{"start":{"line":68,"column":16},"end":{"line":68,"column":44}},"38":{"start":{"line":71,"column":4},"end":{"line":76,"column":5}},"39":{"start":{"line":72,"column":24},"end":{"line":72,"column":51}},"40":{"start":{"line":73,"column":6},"end":{"line":75,"column":7}},"41":{"start":{"line":74,"column":8},"end":{"line":74,"column":26}},"42":{"start":{"line":79,"column":4},"end":{"line":89,"column":5}},"43":{"start":{"line":80,"column":20},"end":{"line":80,"column":41}},"44":{"start":{"line":81,"column":28},"end":{"line":81,"column":78}},"45":{"start":{"line":81,"column":47},"end":{"line":81,"column":77}},"46":{"start":{"line":82,"column":6},"end":{"line":88,"column":7}},"47":{"start":{"line":83,"column":26},"end":{"line":83,"column":53}},"48":{"start":{"line":84,"column":24},"end":{"line":84,"column":62}},"49":{"start":{"line":85,"column":8},"end":{"line":87,"column":9}},"50":{"start":{"line":86,"column":10},"end":{"line":86,"column":26}},"51":{"start":{"line":91,"column":4},"end":{"line":91,"column":17}},"52":{"start":{"line":95,"column":4},"end":{"line":95,"column":67}},"53":{"start":{"line":99,"column":4},"end":{"line":99,"column":96}},"54":{"start":{"line":99,"column":42},"end":{"line":99,"column":85}},"55":{"start":{"line":103,"column":4},"end":{"line":103,"column":29}},"56":{"start":{"line":103,"column":18},"end":{"line":103,"column":29}},"57":{"start":{"line":105,"column":18},"end":{"line":105,"column":39}},"58":{"start":{"line":106,"column":21},"end":{"line":106,"column":65}},"59":{"start":{"line":106,"column":40},"end":{"line":106,"column":64}},"60":{"start":{"line":107,"column":4},"end":{"line":110,"column":5}},"61":{"start":{"line":108,"column":20},"end":{"line":108,"column":51}},"62":{"start":{"line":109,"column":6},"end":{"line":109,"column":36}},"63":{"start":{"line":112,"column":4},"end":{"line":112,"column":15}},"64":{"start":{"line":116,"column":0},"end":{"line":116,"column":31}}},"fnMap":{"0":{"name":"(anonymous_0)","decl":{"start":{"line":4,"column":2},"end":{"line":4,"column":3}},"loc":{"start":{"line":4,"column":16},"end":{"line":6,"column":3}},"line":4},"1":{"name":"(anonymous_1)","decl":{"start":{"line":8,"column":2},"end":{"line":8,"column":3}},"loc":{"start":{"line":8,"column":26},"end":{"line":19,"column":3}},"line":8},"2":{"name":"(anonymous_2)","decl":{"start":{"line":21,"column":2},"end":{"line":21,"column":3}},"loc":{"start":{"line":21,"column":25},"end":{"line":41,"column":3}},"line":21},"3":{"name":"(anonymous_3)","decl":{"start":{"line":43,"column":2},"end":{"line":43,"column":3}},"loc":{"start":{"line":43,"column":36},"end":{"line":63,"column":3}},"line":43},"4":{"name":"(anonymous_4)","decl":{"start":{"line":65,"column":2},"end":{"line":65,"column":3}},"loc":{"start":{"line":65,"column":36},"end":{"line":92,"column":3}},"line":65},"5":{"name":"(anonymous_5)","decl":{"start":{"line":81,"column":39},"end":{"line":81,"column":40}},"loc":{"start":{"line":81,"column":47},"end":{"line":81,"column":77}},"line":81},"6":{"name":"(anonymous_6)","decl":{"start":{"line":94,"column":2},"end":{"line":94,"column":3}},"loc":{"start":{"line":94,"column":24},"end":{"line":96,"column":3}},"line":94},"7":{"name":"(anonymous_7)","decl":{"start":{"line":98,"column":2},"end":{"line":98,"column":3}},"loc":{"start":{"line":98,"column":18},"end":{"line":100,"column":3}},"line":98},"8":{"name":"(anonymous_8)","decl":{"start":{"line":99,"column":36},"end":{"line":99,"column":37}},"loc":{"start":{"line":99,"column":42},"end":{"line":99,"column":85}},"line":99},"9":{"name":"(anonymous_9)","decl":{"start":{"line":102,"column":2},"end":{"line":102,"column":3}},"loc":{"start":{"line":102,"column":23},"end":{"line":113,"column":3}},"line":102},"10":{"name":"(anonymous_10)","decl":{"start":{"line":106,"column":32},"end":{"line":106,"column":33}},"loc":{"start":{"line":106,"column":40},"end":{"line":106,"column":64}},"line":106}},"branchMap":{"0":{"loc":{"start":{"line":18,"column":11},"end":{"line":18,"column":44}},"type":"binary-expr","locations":[{"start":{"line":18,"column":11},"end":{"line":18,"column":29}},{"start":{"line":18,"column":33},"end":{"line":18,"column":44}}],"line":18},"1":{"loc":{"start":{"line":22,"column":4},"end":{"line":22,"column":33}},"type":"if","locations":[{"start":{"line":22,"column":4},"end":{"line":22,"column":33}},{"start":{},"end":{}}],"line":22},"2":{"loc":{"start":{"line":26,"column":4},"end":{"line":38,"column":5}},"type":"if","locations":[{"start":{"line":26,"column":4},"end":{"line":38,"column":5}},{"start":{"line":28,"column":11},"end":{"line":38,"column":5}}],"line":26},"3":{"loc":{"start":{"line":26,"column":8},"end":{"line":26,"column":60}},"type":"binary-expr","locations":[{"start":{"line":26,"column":8},"end":{"line":26,"column":35}},{"start":{"line":26,"column":39},"end":{"line":26,"column":60}}],"line":26},"4":{"loc":{"start":{"line":28,"column":11},"end":{"line":38,"column":5}},"type":"if","locations":[{"start":{"line":28,"column":11},"end":{"line":38,"column":5}},{"start":{"line":30,"column":11},"end":{"line":38,"column":5}}],"line":28},"5":{"loc":{"start":{"line":28,"column":15},"end":{"line":28,"column":63}},"type":"binary-expr","locations":[{"start":{"line":28,"column":15},"end":{"line":28,"column":38}},{"start":{"line":28,"column":42},"end":{"line":28,"column":63}}],"line":28},"6":{"loc":{"start":{"line":30,"column":11},"end":{"line":38,"column":5}},"type":"if","locations":[{"start":{"line":30,"column":11},"end":{"line":38,"column":5}},{"start":{"line":32,"column":11},"end":{"line":38,"column":5}}],"line":30},"7":{"loc":{"start":{"line":30,"column":15},"end":{"line":30,"column":66}},"type":"binary-expr","locations":[{"start":{"line":30,"column":15},"end":{"line":30,"column":37}},{"start":{"line":30,"column":41},"end":{"line":30,"column":66}}],"line":30},"8":{"loc":{"start":{"line":32,"column":11},"end":{"line":38,"column":5}},"type":"if","locations":[{"start":{"line":32,"column":11},"end":{"line":38,"column":5}},{"start":{"line":34,"column":11},"end":{"line":38,"column":5}}],"line":32},"9":{"loc":{"start":{"line":32,"column":15},"end":{"line":32,"column":64}},"type":"binary-expr","locations":[{"start":{"line":32,"column":15},"end":{"line":32,"column":40}},{"start":{"line":32,"column":44},"end":{"line":32,"column":64}}],"line":32},"10":{"loc":{"start":{"line":34,"column":11},"end":{"line":38,"column":5}},"type":"if","locations":[{"start":{"line":34,"column":11},"end":{"line":38,"column":5}},{"start":{"line":36,"column":11},"end":{"line":38,"column":5}}],"line":34},"11":{"loc":{"start":{"line":34,"column":15},"end":{"line":34,"column":65}},"type":"binary-expr","locations":[{"start":{"line":34,"column":15},"end":{"line":34,"column":40}},{"start":{"line":34,"column":44},"end":{"line":34,"column":65}}],"line":34},"12":{"loc":{"start":{"line":36,"column":11},"end":{"line":38,"column":5}},"type":"if","locations":[{"start":{"line":36,"column":11},"end":{"line":38,"column":5}},{"start":{},"end":{}}],"line":36},"13":{"loc":{"start":{"line":36,"column":15},"end":{"line":36,"column":68}},"type":"binary-expr","locations":[{"start":{"line":36,"column":15},"end":{"line":36,"column":41}},{"start":{"line":36,"column":45},"end":{"line":36,"column":68}}],"line":36},"14":{"loc":{"start":{"line":44,"column":4},"end":{"line":44,"column":39}},"type":"if","locations":[{"start":{"line":44,"column":4},"end":{"line":44,"column":39}},{"start":{},"end":{}}],"line":44},"15":{"loc":{"start":{"line":48,"column":4},"end":{"line":60,"column":5}},"type":"if","locations":[{"start":{"line":48,"column":4},"end":{"line":60,"column":5}},{"start":{"line":50,"column":11},"end":{"line":60,"column":5}}],"line":48},"16":{"loc":{"start":{"line":48,"column":8},"end":{"line":48,"column":54}},"type":"binary-expr","locations":[{"start":{"line":48,"column":8},"end":{"line":48,"column":32}},{"start":{"line":48,"column":36},"end":{"line":48,"column":54}}],"line":48},"17":{"loc":{"start":{"line":50,"column":11},"end":{"line":60,"column":5}},"type":"if","locations":[{"start":{"line":50,"column":11},"end":{"line":60,"column":5}},{"start":{"line":52,"column":11},"end":{"line":60,"column":5}}],"line":50},"18":{"loc":{"start":{"line":52,"column":11},"end":{"line":60,"column":5}},"type":"if","locations":[{"start":{"line":52,"column":11},"end":{"line":60,"column":5}},{"start":{"line":54,"column":11},"end":{"line":60,"column":5}}],"line":52},"19":{"loc":{"start":{"line":54,"column":11},"end":{"line":60,"column":5}},"type":"if","locations":[{"start":{"line":54,"column":11},"end":{"line":60,"column":5}},{"start":{"line":56,"column":11},"end":{"line":60,"column":5}}],"line":54},"20":{"loc":{"start":{"line":54,"column":15},"end":{"line":54,"column":58}},"type":"binary-expr","locations":[{"start":{"line":54,"column":15},"end":{"line":54,"column":37}},{"start":{"line":54,"column":41},"end":{"line":54,"column":58}}],"line":54},"21":{"loc":{"start":{"line":56,"column":11},"end":{"line":60,"column":5}},"type":"if","locations":[{"start":{"line":56,"column":11},"end":{"line":60,"column":5}},{"start":{"line":58,"column":11},"end":{"line":60,"column":5}}],"line":56},"22":{"loc":{"start":{"line":58,"column":11},"end":{"line":60,"column":5}},"type":"if","locations":[{"start":{"line":58,"column":11},"end":{"line":60,"column":5}},{"start":{},"end":{}}],"line":58},"23":{"loc":{"start":{"line":71,"column":4},"end":{"line":76,"column":5}},"type":"if","locations":[{"start":{"line":71,"column":4},"end":{"line":76,"column":5}},{"start":{},"end":{}}],"line":71},"24":{"loc":{"start":{"line":73,"column":6},"end":{"line":75,"column":7}},"type":"if","locations":[{"start":{"line":73,"column":6},"end":{"line":75,"column":7}},{"start":{},"end":{}}],"line":73},"25":{"loc":{"start":{"line":79,"column":4},"end":{"line":89,"column":5}},"type":"if","locations":[{"start":{"line":79,"column":4},"end":{"line":89,"column":5}},{"start":{},"end":{}}],"line":79},"26":{"loc":{"start":{"line":82,"column":6},"end":{"line":88,"column":7}},"type":"if","locations":[{"start":{"line":82,"column":6},"end":{"line":88,"column":7}},{"start":{},"end":{}}],"line":82},"27":{"loc":{"start":{"line":85,"column":8},"end":{"line":87,"column":9}},"type":"if","locations":[{"start":{"line":85,"column":8},"end":{"line":87,"column":9}},{"start":{},"end":{}}],"line":85},"28":{"loc":{"start":{"line":95,"column":11},"end":{"line":95,"column":66}},"type":"binary-expr","locations":[{"start":{"line":95,"column":11},"end":{"line":95,"column":35}},{"start":{"line":95,"column":39},"end":{"line":95,"column":66}}],"line":95},"29":{"loc":{"start":{"line":103,"column":4},"end":{"line":103,"column":29}},"type":"if","locations":[{"start":{"line":103,"column":4},"end":{"line":103,"column":29}},{"start":{},"end":{}}],"line":103},"30":{"loc":{"start":{"line":107,"column":4},"end":{"line":110,"column":5}},"type":"if","locations":[{"start":{"line":107,"column":4},"end":{"line":110,"column":5}},{"start":{},"end":{}}],"line":107},"31":{"loc":{"start":{"line":109,"column":13},"end":{"line":109,"column":35}},"type":"cond-expr","locations":[{"start":{"line":109,"column":21},"end":{"line":109,"column":29}},{"start":{"line":109,"column":32},"end":{"line":109,"column":35}}],"line":109}},"s":{"0":4,"1":182,"2":91,"3":91,"4":102,"5":3,"6":99,"7":99,"8":26,"9":73,"10":11,"11":62,"12":10,"13":52,"14":10,"15":42,"16":10,"17":32,"18":10,"19":22,"20":43,"21":2,"22":41,"23":41,"24":7,"25":34,"26":7,"27":27,"28":6,"29":21,"30":6,"31":15,"32":6,"33":9,"34":6,"35":3,"36":80,"37":80,"38":80,"39":58,"40":58,"41":21,"42":80,"43":58,"44":58,"45":244,"46":58,"47":7,"48":7,"49":7,"50":6,"51":80,"52":74,"53":28,"54":896,"55":4,
[...]
decl":{"start":{"line":166,"column":18},"end":{"line":166,"column":19}},"loc":{"start":{"line":166,"column":26},"end":{"line":186,"column":5}},"line":166},"6":{"name":"(anonymous_6)","decl":{"start":{"line":207,"column":22},"end":{"line":207,"column":23}},"loc":{"start":{"line":207,"column":30},"end":{"line":212,"column":9}},"line":207},"7":{"name":"(anonymous_7)","decl":{"start":{"line":228,"column":19},"end":{"line":228,"column":20}},"loc":{"start":{"line":228,"column":30},"end":{"line":231,"column":1}},"line":228},"8":{"name":"(anonymous_8)","decl":{"start":{"line":234,"column":10},"end":{"line":234,"column":11}},"loc":{"start":{"line":234,"column":29},"end":{"line":237,"column":5}},"line":234},"9":{"name":"(anonymous_9)","decl":{"start":{"line":238,"column":10},"end":{"line":238,"column":11}},"loc":{"start":{"line":238,"column":29},"end":{"line":241,"column":5}},"line":238},"10":{"name":"(anonymous_10)","decl":{"start":{"line":242,"column":11},"end":{"line":242,"column":12}},"loc":{"start":{"line":242,"column":30},"end":{"line":245,"column":5}},"line":242},"11":{"name":"(anonymous_11)","decl":{"start":{"line":246,"column":11},"end":{"line":246,"column":12}},"loc":{"start":{"line":246,"column":30},"end":{"line":249,"column":5}},"line":246},"12":{"name":"(anonymous_12)","decl":{"start":{"line":253,"column":23},"end":{"line":253,"column":24}},"loc":{"start":{"line":253,"column":69},"end":{"line":266,"column":5}},"line":253},"13":{"name":"(anonymous_13)","decl":{"start":{"line":268,"column":24},"end":{"line":268,"column":25}},"loc":{"start":{"line":268,"column":90},"end":{"line":283,"column":5}},"line":268},"14":{"name":"(anonymous_14)","decl":{"start":{"line":285,"column":19},"end":{"line":285,"column":20}},"loc":{"start":{"line":285,"column":64},"end":{"line":299,"column":5}},"line":285},"15":{"name":"(anonymous_15)","decl":{"start":{"line":301,"column":21},"end":{"line":301,"column":22}},"loc":{"start":{"line":301,"column":73},"end":{"line":315,"column":5}},"line":301},"16":{"name":"(anonymous_16)","decl":{"start":{"line":317,"column":20},"end":{"line":317,"column":21}},"loc":{"start":{"line":317,"column":71},"end":{"line":331,"column":5}},"line":317},"17":{"name":"(anonymous_17)","decl":{"start":{"line":333,"column":24},"end":{"line":333,"column":25}},"loc":{"start":{"line":333,"column":83},"end":{"line":347,"column":5}},"line":333},"18":{"name":"(anonymous_18)","decl":{"start":{"line":349,"column":23},"end":{"line":349,"column":24}},"loc":{"start":{"line":349,"column":67},"end":{"line":362,"column":5}},"line":349},"19":{"name":"(anonymous_19)","decl":{"start":{"line":364,"column":24},"end":{"line":364,"column":25}},"loc":{"start":{"line":364,"column":68},"end":{"line":377,"column":5}},"line":364},"20":{"name":"(anonymous_20)","decl":{"start":{"line":379,"column":27},"end":{"line":379,"column":28}},"loc":{"start":{"line":379,"column":71},"end":{"line":392,"column":5}},"line":379},"21":{"name":"(anonymous_21)","decl":{"start":{"line":394,"column":31},"end":{"line":394,"column":32}},"loc":{"start":{"line":394,"column":135},"end":{"line":468,"column":5}},"line":394},"22":{"name":"(anonymous_22)","decl":{"start":{"line":470,"column":18},"end":{"line":470,"column":19}},"loc":{"start":{"line":470,"column":66},"end":{"line":484,"column":5}},"line":470},"23":{"name":"(anonymous_23)","decl":{"start":{"line":486,"column":21},"end":{"line":486,"column":22}},"loc":{"start":{"line":486,"column":71},"end":{"line":499,"column":5}},"line":486},"24":{"name":"(anonymous_24)","decl":{"start":{"line":501,"column":21},"end":{"line":501,"column":22}},"loc":{"start":{"line":501,"column":76},"end":{"line":515,"column":5}},"line":501},"25":{"name":"(anonymous_25)","decl":{"start":{"line":517,"column":25},"end":{"line":517,"column":26}},"loc":{"start":{"line":517,"column":76},"end":{"line":530,"column":5}},"line":517},"26":{"name":"(anonymous_26)","decl":{"start":{"line":532,"column":25},"end":{"line":532,"column":26}},"loc":{"start":{"line":532,"column":90},"end":{"line":547,"column":5}},"line":532},"27":{"name":"(anonymous_27)","decl":{"start":{"line":549,"column":18},"end":{"line":549,"column":19}},"loc":{"start":{"line":549,"column":73},"end":{"line":563,"column":5}},"line":549},"28":{"name":"(anonymous_28)","decl":{"start":{"line":577,"column":21},"end":{"line":577,"column":22}},"loc":{"start":{"line":577,"column":27},"end":{"line":587,"column":1}},"line":577},"29":{"name":"(anonymous_29)","decl":{"start":{"line":589,"column":22},"end":{"line":589,"column":23}},"loc":{"start":{"line":589,"column":28},"end":{"line":599,"column":1}},"line":589}},"branchMap":{"0":{"loc":{"start":{"line":10,"column":16},"end":{"line":10,"column":73}},"type":"cond-expr","locations":[{"start":{"line":10,"column":45},"end":{"line":10,"column":58}},{"start":{"line":10,"column":61},"end":{"line":10,"column":73}}],"line":10},"1":{"loc":{"start":{"line":12,"column":0},"end":{"line":14,"column":1}},"type":"if","locations":[{"start":{"line":12,"column":0},"end":{"line":14,"column":1}},{"start":{},"end":{}}],"line":12},"2":{"loc":{"start":{"line":24,"column":8},"end":{"line":37,"column":9}},"type":"if","locations":[{"start":{"line":24,"column":8},"end":{"line":37,"column":9}},{"start":{},"end":{}}],"line":24},"3":{"loc":{"start":{"line":39,"column":8},"end":{"line":52,"column":9}},"type":"if","locations":[{"start":{"line":39,"column":8},"end":{"line":52,"column":9}},{"start":{},"end":{}}],"line":39},"4":{"loc":{"start":{"line":54,"column":8},"end":{"line":90,"column":9}},"type":"if","locations":[{"start":{"line":54,"column":8},"end":{"line":90,"column":9}},{"start":{},"end":{}}],"line":54},"5":{"loc":{"start":{"line":56,"column":16},"end":{"line":58,"column":17}},"type":"if","locations":[{"start":{"line":56,"column":16},"end":{"line":58,"column":17}},{"start":{},"end":{}}],"line":56},"6":{"loc":{"start":{"line":56,"column":20},"end":{"line":56,"column":84}},"type":"binary-expr","locations":[{"start":{"line":56,"column":20},"end":{"line":56,"column":36}},{"start":{"line":56,"column":40},"end":{"line":56,"column":84}}],"line":56},"7":{"loc":{"start":{"line":59,"column":16},"end":{"line":61,"column":17}},"type":"if","locations":[{"start":{"line":59,"column":16},"end":{"line":61,"column":17}},{"start":{},"end":{}}],"line":59},"8":{"loc":{"start":{"line":59,"column":20},"end":{"line":59,"column":88}},"type":"binary-expr","locations":[{"start":{"line":59,"column":20},"end":{"line":59,"column":38}},{"start":{"line":59,"column":42},"end":{"line":59,"column":88}}],"line":59},"9":{"loc":{"start":{"line":104,"column":8},"end":{"line":113,"column":9}},"type":"if","locations":[{"start":{"line":104,"column":8},"end":{"line":113,"column":9}},{"start":{"line":107,"column":15},"end":{"line":113,"column":9}}],"line":104},"10":{"loc":{"start":{"line":115,"column":8},"end":{"line":123,"column":9}},"type":"if","locations":[{"start":{"line":115,"column":8},"end":{"line":123,"column":9}},{"start":{"line":117,"column":15},"end":{"line":123,"column":9}}],"line":115},"11":{"loc":{"start":{"line":125,"column":8},"end":{"line":127,"column":9}},"type":"if","locations":[{"start":{"line":125,"column":8},"end":{"line":127,"column":9}},{"start":{},"end":{}}],"line":125},"12":{"loc":{"start":{"line":141,"column":12},"end":{"line":146,"column":13}},"type":"if","locations":[{"start":{"line":141,"column":12},"end":{"line":146,"column":13}},{"start":{},"end":{}}],"line":141},"13":{"loc":{"start":{"line":141,"column":16},"end":{"line":141,"column":50}},"type":"binary-expr","locations":[{"start":{"line":141,"column":16},"end":{"line":141,"column":38}},{"start":{"line":141,"column":42},"end":{"line":141,"column":50}}],"line":141},"14":{"loc":{"start":{"line":143,"column":16},"end":{"line":145,"column":17}},"type":"if","locations":[{"start":{"line":143,"column":16},"end":{"line":145,"column":17}},{"start":{},"end":{}}],"line":143},"15":{"loc":{"start":{"line":143,"column":20},"end":{"line":143,"column":73}},"type":"binary-expr","locations":[{"start":{"line":143,"column":20},"end":{"line":143,"column":44}},{"start":{"line":143,"column":48},"end":{"line":143,"column":73}}],"line":143},"16":{"loc":{"start":{"line":171,"column":21},"end":{"line":171,"column":43}},"type":"binary-expr","locations":[{"start":{"line":171,"column":21},"end":{"line":171,"column":33}},{"start":{"line":171,"column":37},"end":{"line":171,"column":43}}],"line":171},"17":{"loc":{"start":{"line":172,"column":24},"end":{"line":172,"column":52}},"type":"binary-expr","locations":[{"start":{"line":172,"column":24},"end":{"line":172,"column":39}},{"start":{"line":172,"column":43},"end":{"line":172,"column":52}}],"line":172},"18":{"loc":{"start":{"line":173,"column":24},"end":{"line":173,"column":47}},"type":"binary-expr","locations":[{"start":{"line":173,"column":24},"end":{"line":173,"column":39}},{"start":{"line":173,"column":43},"end":{"line":173,"column":47}}],"line":173},"19":{"loc":{"start":{"line":174,"column":24},"end":{"line":174,"column":47}},"type":"binary-expr","locations":[{"start":{"line":174,"column":24},"end":{"line":174,"column":39}},{"start":{"line":174,"column":43},"end":{"line":174,"column":47}}],"line":174},"20":{"loc":{"start":{"line":175,"column":25},"end":{"line":175,"column":49}},"type":"binary-expr","locations":[{"start":{"line":175,"column":25},"end":{"line":175,"column":41}},{"start":{"line":175,"column":45},"end":{"line":175,"column":49}}],"line":175},"21":{"loc":{"start":{"line":176,"column":22},"end":{"line":176,"column":43}},"type":"binary-expr","locations":[{"start":{"line":176,"column":22},"end":{"line":176,"column":35}},{"start":{"line":176,"column":39},"end":{"line":176,"column":43}}],"line":176},"22":{"loc":{"start":{"line":177,"column":24},"end":{"line":177,"column":47}},"type":"binary-expr","locations":[{"start":{"line":177,"column":24},"end":{"line":177,"column":39}},{"start":{"line":177,"column":43},"end":{"line":177,"column":47}}],"line":177},"23":{"loc":{"start":{"line":178,"column":22},"end":{"line":178,"column":43}},"type":"binary-expr","locations":[{"start":{"line":178,"column":22},"end":{"line":178,"column":35}},{"start":{"line":178,"column":39},"end":{"line":178,"column":43}}],"line":178},"24":{"loc":{"start":{"line":179,"column":29},"end":{"line":179,"column":57}},"type":"binary-expr","locations":[{"start":{"line":179,"column":29},"end":{"line":179,"column":49}},{"start":{"line":179,"column":53},"end":{"line":179,"column":57}}],"line":179},"25":{"loc":{"start":{"line":180,"column":19},"end":{"line":180,"column":37}},"type":"binary-expr","locations":[{"start":{"line":180,"column":19},"end":{"line":180,"column":29}},{"start":{"line":180,"column":33},"end":{"line":180,"column":37}}],"line":180},"26":{"loc":{"start":{"line":181,"column":18},"end":{"line":181,"column":35}},"type":"binary-expr","locations":[{"start":{"line":181,"column":18},"end":{"line":181,"column":27}},{"start":{"line":181,"column":31},"end":{"line":181,"column":35}}],"line":181},"27":{"loc":{"start":{"line":182,"column":25},"end":{"line":182,"column":49}},"type":"binary-expr","locations":[{"start":{"line":182,"column":25},"end":{"line":182,"column":41}},{"start":{"line":182,"column":45},"end":{"line":182,"column":49}}],"line":182},"28":{"loc":{"start":{"line":183,"column":28},"end":{"line":183,"column":55}},"type":"binary-expr","locations":[{"start":{"line":183,"column":28},"end":{"line":183,"column":47}},{"start":{"line":183,"column":51},"end":{"line":183,"column":55}}],"line":183},"29":{"loc":{"start":{"line":253,"column":48},"end":{"line":253,"column":64}},"type":"default-arg","locations":[{"start":{"line":253,"column":60},"end":{"line":253,"column":64}}],"line":253},"30":{"loc":{"start":{"line":268,"column":69},"end":{"line":268,"column":85}},"type":"default-arg","locations":[{"start":{"line":268,"column":81},"end":{"line":268,"column":85}}],"line":268},"31":{"loc":{"start":{"line":279,"column":34},"end":{"line":279,"column":67}},"type":"cond-expr","locations":[{"start":{"line":279,"column":44},"end":{"line":279,"column":56}},{"start":{"line":279,"column":59},"end":{"line":279,"column":67}}],"line":279},"32":{"loc":{"start":{"line":281,"column":174},"end":{"line":281,"column":207}},"type":"cond-expr","locations":[{"start":{"line":281,"column":184},"end":{"line":281,"column":196}},{"start":{"line":281,"column":199},"end":{"line":281,"column":207}}],"line":281},"33":{"loc":{"start":{"line":282,"column":154},"end":{"line":282,"column":187}},"type":"cond-expr","locations":[{"start":{"line":282,"column":164},"end":{"line":282,"column":176}},{"start":{"line":282,"column":179},"end":{"line":282,"column":187}}],"line":282},"34":{"loc":{"start":{"line":394,"column":85},"end":{"line":394,"column":106}},"type":"default-arg","locations":[{"start":{"line":394,"column":102},"end":{"line":394,"column":106}}],"line":394},"35":{"loc":{"start":{"line":394,"column":108},"end":{"line":394,"column":130}},"type":"default-arg","locations":[{"start":{"line":394,"column":126},"end":{"line":394,"column":130}}],"line":394},"36":{"loc":{"start":{"line":396,"column":21},"end":{"line":403,"column":20}},"type":"cond-expr","locations":[{"start":{"line":396,"column":38},"end":{"line":403,"column":13}},{"start":{"line":403,"column":16},"end":{"line":403,"column":20}}],"line":396},"37":{"loc":{"start":{"line":399,"column":25},"end":{"line":399,"column":55}},"type":"binary-expr","locations":[{"start":{"line":399,"column":25},"end":{"line":399,"column":47}},{"start":{"line":399,"column":51},"end":{"line":399,"column":55}}],"line":399},"38":{"loc":{"start":{"line":400,"column":22},"end":{"line":400,"column":49}},"type":"binary-expr","locations":[{"start":{"line":400,"column":22},"end":{"line":400,"column":41}},{"start":{"line":400,"column":45},"end":{"line":400,"column":49}}],"line":400},"39":{"loc":{"start":{"line":401,"column":27},"end":{"line":401,"column":59}},"type":"binary-expr","locations":[{"start":{"line":401,"column":27},"end":{"line":401,"column":51}},{"start":{"line":401,"column":55},"end":{"line":401,"column":59}}],"line":401},"40":{"loc":{"start":{"line":402,"column":25},"end":{"line":402,"column":55}},"type":"binary-expr","locations":[{"start":{"line":402,"column":25},"end":{"line":402,"column":47}},{"start":{"line":402,"column":51},"end":{"line":402,"column":55}}],"line":402},"41":{"loc":{"start":{"line":404,"column":22},"end":{"line":409,"column":20}},"type":"cond-expr","locations":[{"start":{"line":404,"column":40},"end":{"line":409,"column":13}},{"start":{"line":409,"column":16},"end":{"line":409,"column":20}}],"line":404},"42":{"loc":{"start":{"line":406,"column":25},"end":{"line":406,"column":56}},"type":"binary-expr","locations":[{"start":{"line":406,"column":25},"end":{"line":406,"column":48}},{"start":{"line":406,"column":52},"end":{"line":406,"column":56}}],"line":406},"43":{"loc":{"start":{"line":407,"column":22},"end":{"line":407,"column":50}},"type":"binary-expr","locations":[{"start":{"line":407,"column":22},"end":{"line":407,"column":42}},{"start":{"line":407,"column":46},"end":{"line":407,"column":50}}],"line":407},"44":{"loc":{"start":{"line":408,"column":25},"end":{"line":408,"column":56}},"type":"binary-expr","locations":[{"start":{"line":408,"column":25},"end":{"line":408,"column":48}},{"start":{"line":408,"column":52},"end":{"line":408,"column":56}}],"line":408},"45":{"loc":{"start":{"line":486,"column":50},"end":{"line":486,"column":66}},"type":"default-arg","locations":[{"start":{"line":486,"column":62},"end":{"line":486,"column":66}}],"line":486},"46":{"loc":{"start":{"line":501,"column":55},"end":{"line":501,"column":71}},"type":"default-arg","locations":[{"start":{"line":501,"column":67},"end":{"line":501,"column":71}}],"line":501},"47":{"loc":{"start":{"line":517,"column":55},"end":{"line":517,"column":71}},"type":"default-arg","locations":[{"start":{"line":517,"column":67},"end":{"line":517,"column":71}}],"line":517},"48":{"loc":{"start":{"line":532,"column":69},"end":{"line":532,"column":85}},"type":"default-arg","locations":[{"start":{"line":532,"column":81},"end":{"line":532,"column":85}}],"line":532},"49":{"loc":{"start":{"line":543,"column":43},"end":{"line":543,"column":76}},"type":"cond-expr","locations":[{"start":{"line":543,"column":53},"end":{"line":543,"column":65}},{"start":{"line":543,"column":68},"end":{"line":543,"column":76}}],"line":543},"50":{"loc":{"start":{"line":545,"column":172},"end":{"line":545,"column":205}},"type":"cond-expr","locations":[{"start":{"line":545,"column":182},"end":{"line":545,"column":194}},{"start":{"line":545,"column":197},"end":{"line":545,"column":205}}],"line":545},"51":{"loc":{"start":{"line":546,"column":152},"end":{"line":546,"column":185}},"type":"cond-expr","locations":[{"start":{"line":546,"column":162},"end":{"line":546,"column":174}},{"start":{"line":546,"column":177},"end":{"line":546,"column":185}}],"line":546},"52":{"loc":{"start":{"line":549,"column":52},"end":{"line":549,"column":68}},"type":"default-arg","locations":[{"start":{"line":549,"column":64},"end":{"line":549,"column":68}}],"line":549},"53":{"loc":{"start":{"line":570,"column":4},"end":{"line":572,"column":5}},"type":"if","locations":[{"start":{"line":570,"column":4},"end":{"line":572,"column":5}},{"start":{},"end":{}}],"line":570},"54":{"loc":{"start":{"line":578,"column":4},"end":{"line":585,"column":5}},"type":"if","locations":[{"start":{"line":578,"column":4},"end":{"line":585,"column":5}},{"start":{},"end":{}}],"line":578},"55":{"loc":{"start":{"line":590,"column":4},"end":{"line":597,"column":5}},"type":"if","locations":[{"start":{"line":590,"column":4},"end":{"line":597,"column":5}},{"start":{},"end":{}}],"line":590}},"s":{"0":4,"1":4,"2":4,"3":4,"4":4,"5":4,"6":4,"7":4,"8":4,"9":0,"10":62,"11":62,"12":62,"13":62,"14":62,"15":62,"16":0,"17":0,"18":0,"19":0,"20":0,"21":0,"22":0,"23":0,"24":62,"25":0,"26":0,"27":0,"28":0,"29":0,"30":0,"31":0,"32":0,"33":62,"34":0,"35":0,"36":0,"37":0,"38":0,"39":0,"40":0,"41":0,"42":0,"43":0,"44":0,"45":0,"46":0,"47":0,"48":0,"49":0,"50":0,"51":62,"52":62,"53":62,"54":62,"55":62,"56":62,"57":0,"58":0,"59":62,"60":62,"61":62,"62":62,"63":0,"64":62,"65":62,"66":62,"67":62,"68":62,"69":0,"70":0,"71":0,"72":0,"73":4,"74":4,"75":0,"76":0,"77":0,"78":0,"79":4,"80":0,"81":4,"82":0,"83":0,"84":4,"85":0,"86":0,"87":4,"88":4,"89":4,"90":0,"91":0,"92":0,"93":0,"94":4,"95":4,"96":4,"97":0,"98":0,"99":4,"100":62,"101":62,"102":0,"103":0,"104":0,"105":0,"106":0,"107":0,"108":4,"109":0,"110":0,"111":0,"112":0,"113":0,"114":0,"115":17,"116":17,"117":17,"118":7,"119":7,"120":7,"121":2,"122":2,"123":2,"124":1,"125":1,"126":1,"127":1,"128":1,"129":1,"130":0,"131":0,"132":0,"133":0,"134":0,"135":0,"136":17,"137":17,"138":17,"139":17,"140":17,"141":0,"142":0,"143":0,"144":0,"145":1,"146":1,"147":1,"148":4,"149":4,"150":4,"151":0,"152":0,"153":0,"154":12,"155":12,"156":12,"157":0,"158":0,"159":0,"160":4,"161":4,"162":4,"163":4,"164":4,"165":0,"166":4,"167":0,"168":0,"169":0,"170":0,"171":0,"172":0,"173":4,"174":0,"175":0,"176":0,"177":0,"178":0,"179":0,"180":4},"f":{"0":62,"1":62,"2":4,"3":0,"4":0,"5":0,"6":0,"7":0,"8":62,"9":0,"10":0,"11":0,"12":0,"13":0,"14":17,"15":7,"16":2,"17":1,"18":1,"19":0,"20":0,"21":17,"22":0,"23":1,"24":4,"25":0,"26":12,"27":0,"28":0,"29":0},"b":{"0":[4,0],"1":[0,4],"2":[0,62],"3":[0,62],"4":[0,62],"5":[0,0],"6":[0,0],"7":[0,0],"8":[0,0],"9":[0,62],"10":[0,62],"11":[62,0],"12":[0,0],"13":[0,0],"14":[0,0],"15":[0,0],"16":[0,0],"17":[0,0],"18":[0,0],"19":[0,0],"20":[0,0],"21":[0,0],"22":[0,0],"23":[0,0],"24":[0,0],"25":[0,0],"26":[0,0],"27":[0,0],"28":[0,0],"29":[0],"30":[0],"31":[0,0],"32":[0,0],"33":[0,0],"34":[0],"35":[0],"36":[17,0],"37":[17,0],"38":[17,0],"39":[17,15],"40":[17,14],"41":[17,0],"42":[17,0],"43":[17,0],"44":[17,15],"45":[1],"46":[4],"47":[0],"48":[12],"49":[6,6],"50":[6,6],"51":[6,6],"52":[0],"53":[4,0],"54":[0,0],"55":[0,0]},"_coverageSchema":"1a1c01bbd47fc00a2c39e90264f33305004495a9","hash":"f70f342a17fbe6064dfd2f5a123bb52ea1658899"}
}
