TN:
SF:rtsp-server.js
FN:31,(anonymous_0)
FN:44,parseAuthorization
FN:59,authenticateUser
FN:60,(anonymous_3)
FN:64,(anonymous_4)
FN:103,(anonymous_5)
FN:112,(anonymous_6)
FN:116,(anonymous_7)
FN:134,(anonymous_8)
FN:138,(anonymous_9)
FN:153,(anonymous_10)
FN:169,(anonymous_11)
FN:196,(anonymous_12)
FN:202,(anonymous_13)
FN:215,(anonymous_14)
FN:263,(anonymous_15)
FN:716,(anonymous_16)
FN:753,(anonymous_17)
FN:785,(anonymous_18)
FN:805,(anonymous_19)
FN:829,(anonymous_20)
FN:848,(anonymous_21)
FN:850,(anonymous_22)
FN:854,(anonymous_23)
FN:858,(anonymous_24)
FN:871,(anonymous_25)
FN:876,(anonymous_26)
FN:879,(anonymous_27)
FNF:28
FNH:19
FNDA:3,(anonymous_0)
FNDA:18,parseAuthorization
FNDA:20,authenticateUser
FNDA:20,(anonymous_3)
FNDA:20,(anonymous_4)
FNDA:102,(anonymous_5)
FNDA:102,(anonymous_6)
FNDA:612,(anonymous_7)
FNDA:8,(anonymous_8)
FNDA:8,(anonymous_9)
FNDA:50,(anonymous_10)
FNDA:13,(anonymous_11)
FNDA:5,(anonymous_12)
FNDA:12,(anonymous_13)
FNDA:49,(anonymous_14)
FNDA:113,(anonymous_15)
FNDA:1,(anonymous_16)
FNDA:1,(anonymous_17)
FNDA:0,(anonymous_18)
FNDA:1,(anonymous_19)
FNDA:0,(anonymous_20)
FNDA:0,(anonymous_21)
FNDA:0,(anonymous_22)
FNDA:0,(anonymous_23)
FNDA:0,(anonymous_24)
FNDA:0,(anonymous_25)
FNDA:0,(anonymous_26)
FNDA:0,(anonymous_27)
DA:1,3
DA:2,3
DA:3,3
DA:4,3
DA:5,3
DA:6,3
DA:7,3
DA:8,3
DA:9,3
DA:10,3
DA:13,3
DA:14,3
DA:17,3
DA:28,3
DA:31,3
DA:32,3
DA:33,0
DA:35,0
DA:38,3
DA:39,3
DA:45,18
DA:46,18
DA:47,18
DA:49,18
DA:50,18
DA:51,18
DA:52,18
DA:54,0
DA:55,0
DA:60,20
DA:61,20
DA:62,20
DA:64,20
DA:65,20
DA:66,4
DA:68,4
DA:69,4
DA:70,4
DA:73,16
DA:75,2
DA:76,2
DA:77,2
DA:81,14
DA:82,15
DA:83,15
DA:84,14
DA:86,9
DA:87,9
DA:88,9
DA:91,1
DA:92,1
DA:97,5
DA:98,5
DA:104,102
DA:105,102
DA:106,102
DA:107,102
DA:108,102
DA:109,102
DA:114,102
DA:116,102
DA:117,612
DA:126,102
DA:135,8
DA:139,8
DA:140,8
DA:154,50
DA:155,50
DA:156,50
DA:157,50
DA:158,128
DA:159,78
DA:160,78
DA:161,78
DA:162,78
DA:163,78
DA:166,50
DA:170,13
DA:171,12
DA:172,12
DA:173,12
DA:174,12
DA:175,0
DA:177,12
DA:179,0
DA:180,0
DA:181,0
DA:183,0
DA:187,1
DA:188,1
DA:189,1
DA:190,1
DA:191,0
DA:193,1
DA:197,5
DA:198,1
DA:201,4
DA:202,12
DA:203,4
DA:204,4
DA:205,4
DA:206,4
DA:207,4
DA:208,4
DA:212,0
DA:216,49
DA:217,49
DA:219,49
DA:220,1
DA:223,48
DA:224,48
DA:225,48
DA:226,48
DA:230,48
DA:231,0
DA:233,48
DA:236,48
DA:239,48
DA:247,48
DA:250,48
DA:251,48
DA:252,1
DA:256,48
DA:257,32
DA:260,31
DA:263,113
DA:264,31
DA:265,18
DA:269,31
DA:270,2
DA:271,2
DA:272,2
DA:273,0
DA:275,2
DA:276,2
DA:282,0
DA:286,31
DA:287,11
DA:288,11
DA:291,11
DA:303,11
DA:304,11
DA:307,20
DA:308,20
DA:309,20
DA:310,11
DA:311,11
DA:314,11
DA:326,11
DA:327,11
DA:331,9
DA:332,1
DA:333,0
DA:334,0
DA:337,1
DA:346,8
DA:347,8
DA:355,0
DA:356,0
DA:359,0
DA:371,0
DA:372,0
DA:377,26
DA:380,16
DA:382,2
DA:383,14
DA:385,0
DA:387,14
DA:391,16
DA:403,16
DA:404,16
DA:405,16
DA:406,16
DA:409,10
DA:410,10
DA:411,0
DA:412,0
DA:415,10
DA:417,10
DA:418,0
DA:419,0
DA:420,0
DA:421,0
DA:426,10
DA:427,0
DA:430,0
DA:442,0
DA:443,0
DA:446,10
DA:448,6
DA:449,0
DA:452,0
DA:464,0
DA:465,0
DA:466,0
DA:468,6
DA:469,6
DA:470,6
DA:471,6
DA:474,6
DA:486,6
DA:487,6
DA:488,6
DA:489,6
DA:492,3
DA:493,3
DA:494,3
DA:496,3
DA:497,3
DA:499,3
DA:511,3
DA:514,3
DA:526,3
DA:527,3
DA:528,3
DA:529,3
DA:530,3
DA:533,1
DA:534,1
DA:535,1
DA:536,0
DA:539,0
DA:551,0
DA:552,0
DA:553,0
DA:556,1
DA:557,1
DA:559,1
DA:560,1
DA:561,1
DA:562,1
DA:563,1
DA:564,1
DA:565,1
DA:567,0
DA:570,1
DA:571,1
DA:572,1
DA:575,1
DA:587,1
DA:588,1
DA:589,1
DA:590,1
DA:592,1
DA:593,1
DA:596,0
DA:597,0
DA:598,0
DA:599,0
DA:602,0
DA:614,0
DA:615,0
DA:616,0
DA:619,0
DA:620,0
DA:622,0
DA:623,0
DA:624,0
DA:626,0
DA:627,0
DA:628,0
DA:632,0
DA:635,0
DA:647,0
DA:648,0
DA:649,0
DA:650,0
DA:651,0
DA:654,0
DA:655,0
DA:656,0
DA:657,0
DA:660,0
DA:672,0
DA:673,0
DA:674,0
DA:677,0
DA:678,0
DA:680,0
DA:681,0
DA:684,0
DA:686,0
DA:689,0
DA:701,0
DA:702,0
DA:703,0
DA:704,0
DA:705,0
DA:708,0
DA:711,0
DA:712,0
DA:717,1
DA:718,1
DA:720,1
DA:721,1
DA:722,1
DA:723,1
DA:724,1
DA:727,1
DA:728,1
DA:729,1
DA:731,0
DA:733,0
DA:734,0
DA:735,0
DA:740,1
DA:741,1
DA:743,1
DA:744,1
DA:745,1
DA:747,1
DA:748,1
DA:750,1
DA:751,1
DA:753,1
DA:754,1
DA:755,0
DA:756,0
DA:758,0
DA:759,0
DA:760,0
DA:763,1
DA:764,1
DA:766,1
DA:767,1
DA:768,1
DA:769,1
DA:770,1
DA:771,1
DA:773,1
DA:774,1
DA:775,1
DA:776,1
DA:777,1
DA:778,1
DA:779,1
DA:780,1
DA:781,1
DA:783,1
DA:785,1
DA:786,0
DA:787,0
DA:789,0
DA:790,0
DA:794,1
DA:795,1
DA:796,1
DA:797,1
DA:798,1
DA:799,1
DA:800,1
DA:802,1
DA:805,1
DA:806,1
DA:807,0
DA:810,1
DA:811,1
DA:812,1
DA:814,1
DA:816,1
DA:818,1
DA:819,1
DA:820,1
DA:821,1
DA:823,1
DA:824,1
DA:825,1
DA:826,1
DA:827,1
DA:829,1
DA:830,0
DA:831,0
DA:836,1
DA:837,1
DA:839,1
DA:840,1
DA:845,3
DA:847,3
DA:848,3
DA:850,0
DA:851,0
DA:854,0
DA:855,0
DA:858,0
DA:859,0
DA:860,0
DA:861,0
DA:862,0
DA:863,0
DA:864,0
DA:865,0
DA:871,3
DA:873,0
DA:876,3
DA:878,0
DA:879,0
DA:880,0
DA:881,0
LF:398
LH:276
BRDA:13,0,0,3
BRDA:13,0,1,0
BRDA:14,1,0,3
BRDA:14,1,1,0
BRDA:32,2,0,0
BRDA:32,2,1,3
BRDA:45,3,0,0
BRDA:45,3,1,18
BRDA:47,4,0,0
BRDA:47,4,1,18
BRDA:65,5,0,4
BRDA:65,5,1,16
BRDA:73,6,0,2
BRDA:73,6,1,14
BRDA:84,7,0,9
BRDA:84,7,1,5
BRDA:108,8,0,0
BRDA:108,8,1,102
BRDA:130,9,0,102
BRDA:130,9,1,102
BRDA:138,10,0,0
BRDA:138,11,0,0
BRDA:138,12,0,0
BRDA:158,13,0,50
BRDA:158,13,1,78
BRDA:160,14,0,78
BRDA:160,14,1,0
BRDA:170,15,0,12
BRDA:170,15,1,1
BRDA:174,16,0,0
BRDA:174,16,1,12
BRDA:180,17,0,0
BRDA:180,17,1,0
BRDA:183,18,0,0
BRDA:183,18,1,0
BRDA:190,19,0,0
BRDA:190,19,1,1
BRDA:197,20,0,1
BRDA:197,20,1,4
BRDA:203,21,0,4
BRDA:203,21,1,0
BRDA:205,22,0,4
BRDA:205,22,1,0
BRDA:219,23,0,1
BRDA:219,23,1,48
BRDA:219,24,0,49
BRDA:219,24,1,1
BRDA:225,25,0,48
BRDA:225,25,1,0
BRDA:225,25,2,0
BRDA:230,26,0,0
BRDA:230,26,1,48
BRDA:242,27,0,48
BRDA:242,27,1,44
BRDA:251,28,0,1
BRDA:251,28,1,47
BRDA:251,29,0,48
BRDA:251,29,1,4
BRDA:256,30,0,32
BRDA:256,30,1,16
BRDA:256,31,0,48
BRDA:256,31,1,23
BRDA:256,31,2,19
BRDA:256,31,3,16
BRDA:256,31,4,16
BRDA:257,32,0,1
BRDA:257,32,1,31
BRDA:257,33,0,32
BRDA:257,33,1,1
BRDA:264,34,0,18
BRDA:264,34,1,13
BRDA:269,35,0,2
BRDA:269,35,1,29
BRDA:269,36,0,31
BRDA:269,36,1,13
BRDA:272,37,0,0
BRDA:272,37,1,2
BRDA:275,38,0,2
BRDA:275,38,1,0
BRDA:286,39,0,11
BRDA:286,39,1,20
BRDA:309,40,0,11
BRDA:309,40,1,9
BRDA:331,41,0,1
BRDA:331,41,1,8
BRDA:332,42,0,0
BRDA:332,42,1,1
BRDA:377,43,0,16
BRDA:377,43,1,10
BRDA:380,44,0,2
BRDA:380,44,1,14
BRDA:383,45,0,0
BRDA:383,45,1,14
BRDA:410,46,0,0
BRDA:410,46,1,10
BRDA:410,47,0,10
BRDA:410,47,1,0
BRDA:417,48,0,0
BRDA:417,48,1,10
BRDA:417,49,0,10
BRDA:417,49,1,0
BRDA:417,49,2,0
BRDA:417,49,3,0
BRDA:417,49,4,0
BRDA:419,50,0,0
BRDA:419,50,1,0
BRDA:419,51,0,0
BRDA:419,51,1,0
BRDA:426,52,0,0
BRDA:426,52,1,10
BRDA:426,53,0,10
BRDA:426,53,1,0
BRDA:446,54,0,6
BRDA:446,54,1,3
BRDA:446,54,2,1
BRDA:446,54,3,0
BRDA:446,54,4,0
BRDA:446,54,5,0
BRDA:448,55,0,0
BRDA:448,55,1,6
BRDA:468,56,0,6
BRDA:468,56,1,0
BRDA:494,57,0,3
BRDA:494,57,1,0
BRDA:500,58,0,3
BRDA:500,58,1,0
BRDA:508,59,0,3
BRDA:508,59,1,0
BRDA:526,60,0,3
BRDA:526,60,1,0
BRDA:527,61,0,3
BRDA:527,61,1,0
BRDA:535,62,0,0
BRDA:535,62,1,1
BRDA:559,63,0,1
BRDA:559,63,1,0
BRDA:598,64,0,0
BRDA:598,64,1,0
BRDA:619,65,0,0
BRDA:619,65,1,0
BRDA:622,66,0,0
BRDA:622,66,1,0
BRDA:626,67,0,0
BRDA:626,67,1,0
BRDA:656,68,0,0
BRDA:656,68,1,0
BRDA:677,69,0,0
BRDA:677,69,1,0
BRDA:680,70,0,0
BRDA:680,70,1,0
BRDA:743,71,0,1
BRDA:743,71,1,0
BRDA:744,72,0,1
BRDA:744,72,1,1
BRDA:745,73,0,1
BRDA:745,73,1,1
BRDA:747,74,0,1
BRDA:747,74,1,1
BRDA:748,75,0,1
BRDA:748,75,1,0
BRDA:754,76,0,0
BRDA:754,76,1,1
BRDA:755,77,0,0
BRDA:755,77,1,0
BRDA:785,78,0,1
BRDA:785,78,1,0
BRDA:786,79,0,0
BRDA:786,79,1,0
BRDA:806,80,0,0
BRDA:806,80,1,1
BRDA:814,81,0,1
BRDA:814,81,1,0
BRDA:826,82,0,1
BRDA:826,82,1,1
BRDA:827,83,0,1
BRDA:827,83,1,1
BRDA:829,84,0,1
BRDA:829,84,1,0
BRDA:830,85,0,0
BRDA:830,85,1,0
BRDA:860,86,0,0
BRDA:860,86,1,0
BRDA:861,87,0,0
BRDA:861,87,1,0
BRDA:862,88,0,0
BRDA:862,88,1,0
BRDA:863,89,0,0
BRDA:863,89,1,0
BRDA:864,90,0,0
BRDA:864,90,1,0
BRF:190
BRH:103
end_of_record
TN:
SF:config/brand-configs.js
FN:8,(anonymous_0)
FN:10,(anonymous_1)
FN:20,(anonymous_2)
FN:22,(anonymous_3)
FN:32,(anonymous_4)
FN:34,(anonymous_5)
FN:44,(anonymous_6)
FN:46,(anonymous_7)
FN:56,(anonymous_8)
FN:58,(anonymous_9)
FN:68,(anonymous_10)
FN:70,(anonymous_11)
FNF:12
FNH:6
FNDA:0,(anonymous_0)
FNDA:19,(anonymous_1)
FNDA:0,(anonymous_2)
FNDA:3,(anonymous_3)
FNDA:0,(anonymous_4)
FNDA:2,(anonymous_5)
FNDA:0,(anonymous_6)
FNDA:2,(anonymous_7)
FNDA:0,(anonymous_8)
FNDA:2,(anonymous_9)
FNDA:0,(anonymous_10)
FNDA:2,(anonymous_11)
DA:1,4
DA:8,0
DA:10,19
DA:20,0
DA:22,3
DA:32,0
DA:34,2
DA:44,0
DA:46,2
DA:56,0
DA:58,2
DA:68,0
DA:70,2
DA:75,4
LF:14
LH:8
BRF:0
BRH:0
end_of_record
TN:
SF:config/db-config.js
FNF:0
FNH:0
DA:1,6
LF:1
LH:1
BRDA:2,0,0,6
BRDA:2,0,1,0
BRDA:3,1,0,6
BRDA:3,1,1,0
BRDA:4,2,0,6
BRDA:4,2,1,0
BRDA:5,3,0,6
BRDA:5,3,1,0
BRDA:6,4,0,6
BRDA:6,4,1,0
BRF:10
BRH:5
end_of_record
TN:
SF:utils/brand-detector.js
FN:4,(anonymous_0)
FN:8,(anonymous_1)
FN:21,(anonymous_2)
FN:43,(anonymous_3)
FN:65,(anonymous_4)
FN:81,(anonymous_5)
FN:94,(anonymous_6)
FN:98,(anonymous_7)
FN:99,(anonymous_8)
FN:102,(anonymous_9)
FN:106,(anonymous_10)
FNF:11
FNH:11
FNDA:182,(anonymous_0)
FNDA:91,(anonymous_1)
FNDA:102,(anonymous_2)
FNDA:43,(anonymous_3)
FNDA:80,(anonymous_4)
FNDA:244,(anonymous_5)
FNDA:74,(anonymous_6)
FNDA:28,(anonymous_7)
FNDA:896,(anonymous_8)
FNDA:4,(anonymous_9)
FNDA:7,(anonymous_10)
DA:1,4
DA:5,182
DA:9,91
DA:18,91
DA:22,102
DA:24,99
DA:26,99
DA:27,26
DA:28,73
DA:29,11
DA:30,62
DA:31,10
DA:32,52
DA:33,10
DA:34,42
DA:35,10
DA:36,32
DA:37,10
DA:40,22
DA:44,43
DA:46,41
DA:48,41
DA:49,7
DA:50,34
DA:51,7
DA:52,27
DA:53,6
DA:54,21
DA:55,6
DA:56,15
DA:57,6
DA:58,9
DA:59,6
DA:62,3
DA:67,80
DA:68,80
DA:71,80
DA:72,58
DA:73,58
DA:74,21
DA:79,80
DA:80,58
DA:81,244
DA:82,58
DA:83,7
DA:84,7
DA:85,7
DA:86,6
DA:91,80
DA:95,74
DA:99,896
DA:103,4
DA:105,3
DA:106,7
DA:107,3
DA:108,2
DA:109,2
DA:112,1
DA:116,4
LF:59
LH:59
BRDA:18,0,0,91
BRDA:18,0,1,57
BRDA:22,1,0,3
BRDA:22,1,1,99
BRDA:26,2,0,26
BRDA:26,2,1,73
BRDA:26,3,0,99
BRDA:26,3,1,75
BRDA:28,4,0,11
BRDA:28,4,1,62
BRDA:28,5,0,73
BRDA:28,5,1,64
BRDA:30,6,0,10
BRDA:30,6,1,52
BRDA:30,7,0,62
BRDA:30,7,1,54
BRDA:32,8,0,10
BRDA:32,8,1,42
BRDA:32,9,0,52
BRDA:32,9,1,44
BRDA:34,10,0,10
BRDA:34,10,1,32
BRDA:34,11,0,42
BRDA:34,11,1,34
BRDA:36,12,0,10
BRDA:36,12,1,22
BRDA:36,13,0,32
BRDA:36,13,1,24
BRDA:44,14,0,2
BRDA:44,14,1,41
BRDA:48,15,0,7
BRDA:48,15,1,34
BRDA:48,16,0,41
BRDA:48,16,1,34
BRDA:50,17,0,7
BRDA:50,17,1,27
BRDA:52,18,0,6
BRDA:52,18,1,21
BRDA:54,19,0,6
BRDA:54,19,1,15
BRDA:54,20,0,21
BRDA:54,20,1,15
BRDA:56,21,0,6
BRDA:56,21,1,9
BRDA:58,22,0,6
BRDA:58,22,1,3
BRDA:71,23,0,58
BRDA:71,23,1,22
BRDA:73,24,0,21
BRDA:73,24,1,37
BRDA:79,25,0,58
BRDA:79,25,1,22
BRDA:82,26,0,7
BRDA:82,26,1,51
BRDA:85,27,0,6
BRDA:85,27,1,1
BRDA:95,28,0,74
BRDA:95,28,1,1
BRDA:103,29,0,1
BRDA:103,29,1,3
BRDA:107,30,0,2
BRDA:107,30,1,1
BRDA:109,31,0,1
BRDA:109,31,1,1
BRF:64
BRH:64
end_of_record
TN:
SF:utils/db-logger.js
FN:15,writeServiceLog
FN:40,writeRTSPLog
FNF:2
FNH:2
FNDA:62,writeServiceLog
FNDA:62,writeRTSPLog
DA:1,4
DA:2,4
DA:4,4
DA:16,62
DA:19,62
DA:35,62
DA:36,62
DA:41,62
DA:44,62
DA:61,62
DA:62,62
DA:66,4
LF:12
LH:12
BRDA:9,0,0,4
BRDA:9,0,1,0
BRDA:9,0,2,0
BRDA:20,1,0,62
BRDA:20,1,1,62
BRDA:23,2,0,62
BRDA:23,2,1,0
BRDA:24,3,0,62
BRDA:24,3,1,12
BRDA:25,4,0,62
BRDA:25,4,1,0
BRDA:26,5,0,62
BRDA:26,5,1,0
BRDA:27,6,0,62
BRDA:27,6,1,51
BRDA:28,7,0,62
BRDA:28,7,1,62
BRDA:29,8,0,62
BRDA:29,8,1,49
BRDA:30,9,0,62
BRDA:30,9,1,62
BRDA:31,10,0,62
BRDA:31,10,1,0
BRDA:32,11,0,17
BRDA:32,11,1,45
BRDA:33,12,0,60
BRDA:33,12,1,2
BRDA:45,13,0,62
BRDA:45,13,1,62
BRDA:47,14,0,62
BRDA:47,14,1,0
BRDA:48,15,0,62
BRDA:48,15,1,12
BRDA:49,16,0,62
BRDA:49,16,1,0
BRDA:50,17,0,62
BRDA:50,17,1,0
BRDA:51,18,0,62
BRDA:51,18,1,51
BRDA:52,19,0,62
BRDA:52,19,1,62
BRDA:53,20,0,62
BRDA:53,20,1,49
BRDA:54,21,0,62
BRDA:54,21,1,21
BRDA:55,22,0,62
BRDA:55,22,1,20
BRDA:56,23,0,62
BRDA:56,23,1,62
BRDA:57,24,0,62
BRDA:57,24,1,0
BRDA:58,25,0,17
BRDA:58,25,1,45
BRDA:59,26,0,29
BRDA:59,26,1,33
BRF:55
BRH:45
end_of_record
TN:
SF:utils/logger.js
FN:16,ensureLogFilesExist
FN:96,checkAndRecreateLogFiles
FN:138,setupFileWatcher
FN:140,(anonymous_3)
FN:149,(anonymous_4)
FN:166,(anonymous_5)
FN:207,(anonymous_6)
FN:228,(anonymous_7)
FN:234,(anonymous_8)
FN:238,(anonymous_9)
FN:242,(anonymous_10)
FN:246,(anonymous_11)
FN:253,(anonymous_12)
FN:268,(anonymous_13)
FN:285,(anonymous_14)
FN:301,(anonymous_15)
FN:317,(anonymous_16)
FN:333,(anonymous_17)
FN:349,(anonymous_18)
FN:364,(anonymous_19)
FN:379,(anonymous_20)
FN:394,(anonymous_21)
FN:470,(anonymous_22)
FN:486,(anonymous_23)
FN:501,(anonymous_24)
FN:517,(anonymous_25)
FN:532,(anonymous_26)
FN:549,(anonymous_27)
FN:577,(anonymous_28)
FN:589,(anonymous_29)
FNF:30
FNH:13
FNDA:62,ensureLogFilesExist
FNDA:62,checkAndRecreateLogFiles
FNDA:4,setupFileWatcher
FNDA:0,(anonymous_3)
FNDA:0,(anonymous_4)
FNDA:0,(anonymous_5)
FNDA:0,(anonymous_6)
FNDA:0,(anonymous_7)
FNDA:62,(anonymous_8)
FNDA:0,(anonymous_9)
FNDA:0,(anonymous_10)
FNDA:0,(anonymous_11)
FNDA:0,(anonymous_12)
FNDA:0,(anonymous_13)
FNDA:17,(anonymous_14)
FNDA:7,(anonymous_15)
FNDA:2,(anonymous_16)
FNDA:1,(anonymous_17)
FNDA:1,(anonymous_18)
FNDA:0,(anonymous_19)
FNDA:0,(anonymous_20)
FNDA:17,(anonymous_21)
FNDA:0,(anonymous_22)
FNDA:1,(anonymous_23)
FNDA:4,(anonymous_24)
FNDA:0,(anonymous_25)
FNDA:12,(anonymous_26)
FNDA:0,(anonymous_27)
FNDA:0,(anonymous_28)
FNDA:0,(anonymous_29)
DA:1,4
DA:2,4
DA:3,4
DA:4,4
DA:5,4
DA:7,4
DA:8,4
DA:10,4
DA:12,4
DA:13,0
DA:17,62
DA:18,62
DA:19,62
DA:21,62
DA:23,62
DA:24,62
DA:25,0
DA:26,0
DA:27,0
DA:29,0
DA:30,0
DA:31,0
DA:32,0
DA:34,0
DA:39,62
DA:40,0
DA:41,0
DA:42,0
DA:44,0
DA:45,0
DA:46,0
DA:47,0
DA:49,0
DA:54,62
DA:55,0
DA:56,0
DA:57,0
DA:59,0
DA:60,0
DA:63,0
DA:64,0
DA:66,0
DA:73,0
DA:80,0
DA:81,0
DA:83,0
DA:84,0
DA:85,0
DA:86,0
DA:88,0
DA:92,0
DA:97,62
DA:98,62
DA:99,62
DA:101,62
DA:103,62
DA:104,62
DA:105,0
DA:106,0
DA:108,62
DA:109,62
DA:111,62
DA:115,62
DA:116,0
DA:118,62
DA:119,62
DA:121,62
DA:125,62
DA:126,62
DA:129,0
DA:130,0
DA:131,0
DA:133,0
DA:139,4
DA:140,4
DA:141,0
DA:142,0
DA:143,0
DA:144,0
DA:149,4
DA:150,0
DA:153,4
DA:155,0
DA:156,0
DA:160,4
DA:167,0
DA:185,0
DA:189,4
DA:196,4
DA:203,4
DA:208,0
DA:209,0
DA:210,0
DA:211,0
DA:216,4
DA:226,4
DA:228,4
DA:229,0
DA:230,0
DA:233,4
DA:235,62
DA:236,62
DA:239,0
DA:240,0
DA:243,0
DA:244,0
DA:247,0
DA:248,0
DA:252,4
DA:254,0
DA:264,0
DA:265,0
DA:269,0
DA:281,0
DA:282,0
DA:286,17
DA:297,17
DA:298,17
DA:302,7
DA:313,7
DA:314,7
DA:318,2
DA:329,2
DA:330,2
DA:334,1
DA:345,1
DA:346,1
DA:350,1
DA:360,1
DA:361,1
DA:365,0
DA:375,0
DA:376,0
DA:380,0
DA:390,0
DA:391,0
DA:395,17
DA:413,17
DA:428,17
DA:429,17
DA:448,17
DA:466,0
DA:471,0
DA:482,0
DA:483,0
DA:487,1
DA:497,1
DA:498,1
DA:502,4
DA:513,4
DA:514,4
DA:518,0
DA:528,0
DA:529,0
DA:533,12
DA:545,12
DA:546,12
DA:550,0
DA:561,0
DA:562,0
DA:566,4
DA:568,4
DA:569,4
DA:570,4
DA:571,4
DA:574,0
DA:577,4
DA:578,0
DA:579,0
DA:580,0
DA:581,0
DA:583,0
DA:586,0
DA:589,4
DA:590,0
DA:591,0
DA:592,0
DA:593,0
DA:595,0
DA:598,0
DA:601,4
LF:181
LH:84
BRDA:10,0,0,4
BRDA:10,0,1,0
BRDA:12,1,0,0
BRDA:12,1,1,4
BRDA:24,2,0,0
BRDA:24,2,1,62
BRDA:39,3,0,0
BRDA:39,3,1,62
BRDA:54,4,0,0
BRDA:54,4,1,62
BRDA:56,5,0,0
BRDA:56,5,1,0
BRDA:56,6,0,0
BRDA:56,6,1,0
BRDA:59,7,0,0
BRDA:59,7,1,0
BRDA:59,8,0,0
BRDA:59,8,1,0
BRDA:104,9,0,0
BRDA:104,9,1,62
BRDA:115,10,0,0
BRDA:115,10,1,62
BRDA:125,11,0,62
BRDA:125,11,1,0
BRDA:141,12,0,0
BRDA:141,12,1,0
BRDA:141,13,0,0
BRDA:141,13,1,0
BRDA:143,14,0,0
BRDA:143,14,1,0
BRDA:143,15,0,0
BRDA:143,15,1,0
BRDA:171,16,0,0
BRDA:171,16,1,0
BRDA:172,17,0,0
BRDA:172,17,1,0
BRDA:173,18,0,0
BRDA:173,18,1,0
BRDA:174,19,0,0
BRDA:174,19,1,0
BRDA:175,20,0,0
BRDA:175,20,1,0
BRDA:176,21,0,0
BRDA:176,21,1,0
BRDA:177,22,0,0
BRDA:177,22,1,0
BRDA:178,23,0,0
BRDA:178,23,1,0
BRDA:179,24,0,0
BRDA:179,24,1,0
BRDA:180,25,0,0
BRDA:180,25,1,0
BRDA:181,26,0,0
BRDA:181,26,1,0
BRDA:182,27,0,0
BRDA:182,27,1,0
BRDA:183,28,0,0
BRDA:183,28,1,0
BRDA:253,29,0,0
BRDA:268,30,0,0
BRDA:279,31,0,0
BRDA:279,31,1,0
BRDA:281,32,0,0
BRDA:281,32,1,0
BRDA:282,33,0,0
BRDA:282,33,1,0
BRDA:394,34,0,0
BRDA:394,35,0,0
BRDA:396,36,0,17
BRDA:396,36,1,0
BRDA:399,37,0,17
BRDA:399,37,1,0
BRDA:400,38,0,17
BRDA:400,38,1,0
BRDA:401,39,0,17
BRDA:401,39,1,15
BRDA:402,40,0,17
BRDA:402,40,1,14
BRDA:404,41,0,17
BRDA:404,41,1,0
BRDA:406,42,0,17
BRDA:406,42,1,0
BRDA:407,43,0,17
BRDA:407,43,1,0
BRDA:408,44,0,17
BRDA:408,44,1,15
BRDA:486,45,0,1
BRDA:501,46,0,4
BRDA:517,47,0,0
BRDA:532,48,0,12
BRDA:543,49,0,6
BRDA:543,49,1,6
BRDA:545,50,0,6
BRDA:545,50,1,6
BRDA:546,51,0,6
BRDA:546,51,1,6
BRDA:549,52,0,0
BRDA:570,53,0,4
BRDA:570,53,1,0
BRDA:578,54,0,0
BRDA:578,54,1,0
BRDA:590,55,0,0
BRDA:590,55,1,0
BRF:103
BRH:30
end_of_record
