TN:
SF:rtsp-server.js
FN:31,(anonymous_0)
FN:44,parseAuthorization
FN:59,authenticateUser
FN:60,(anonymous_3)
FN:64,(anonymous_4)
FN:99,(anonymous_5)
FN:108,(anonymous_6)
FN:112,(anonymous_7)
FN:130,(anonymous_8)
FN:134,(anonymous_9)
FN:149,(anonymous_10)
FN:165,(anonymous_11)
FN:192,(anonymous_12)
FN:198,(anonymous_13)
FN:211,(anonymous_14)
FN:263,(anonymous_15)
FN:834,(anonymous_16)
FN:908,(anonymous_17)
FN:964,(anonymous_18)
FN:1019,(anonymous_19)
FN:1041,(anonymous_20)
FN:1065,(anonymous_21)
FN:1079,(anonymous_22)
FN:1085,(anonymous_23)
FN:1091,(anonymous_24)
FN:1103,(anonymous_25)
FN:1105,(anonymous_26)
FN:1109,(anonymous_27)
FN:1113,(anonymous_28)
FN:1126,(anonymous_29)
FN:1131,(anonymous_30)
FN:1134,(anonymous_31)
FNF:32
FNH:22
FNDA:3,(anonymous_0)
FNDA:18,parseAuthorization
FNDA:20,authenticateUser
FNDA:20,(anonymous_3)
FNDA:20,(anonymous_4)
FNDA:102,(anonymous_5)
FNDA:102,(anonymous_6)
FNDA:612,(anonymous_7)
FNDA:8,(anonymous_8)
FNDA:8,(anonymous_9)
FNDA:50,(anonymous_10)
FNDA:13,(anonymous_11)
FNDA:5,(anonymous_12)
FNDA:12,(anonymous_13)
FNDA:49,(anonymous_14)
FNDA:113,(anonymous_15)
FNDA:0,(anonymous_16)
FNDA:1,(anonymous_17)
FNDA:1,(anonymous_18)
FNDA:0,(anonymous_19)
FNDA:1,(anonymous_20)
FNDA:0,(anonymous_21)
FNDA:16,(anonymous_22)
FNDA:16,(anonymous_23)
FNDA:64,(anonymous_24)
FNDA:0,(anonymous_25)
FNDA:0,(anonymous_26)
FNDA:0,(anonymous_27)
FNDA:0,(anonymous_28)
FNDA:0,(anonymous_29)
FNDA:0,(anonymous_30)
FNDA:0,(anonymous_31)
DA:1,3
DA:2,3
DA:3,3
DA:4,3
DA:5,3
DA:6,3
DA:7,3
DA:8,3
DA:9,3
DA:10,3
DA:13,3
DA:14,3
DA:17,3
DA:28,3
DA:31,3
DA:32,3
DA:33,0
DA:35,0
DA:38,3
DA:39,3
DA:45,18
DA:46,18
DA:47,18
DA:49,18
DA:50,18
DA:51,18
DA:52,18
DA:54,0
DA:55,0
DA:60,20
DA:61,20
DA:62,20
DA:64,20
DA:65,20
DA:66,4
DA:68,4
DA:69,4
DA:72,16
DA:74,2
DA:75,2
DA:79,14
DA:80,15
DA:81,15
DA:82,14
DA:84,9
DA:85,9
DA:88,1
DA:89,1
DA:94,5
DA:100,102
DA:101,102
DA:102,102
DA:103,102
DA:104,102
DA:105,102
DA:110,102
DA:112,102
DA:113,612
DA:122,102
DA:131,8
DA:135,8
DA:136,8
DA:150,50
DA:151,50
DA:152,50
DA:153,50
DA:154,128
DA:155,78
DA:156,78
DA:157,78
DA:158,78
DA:159,78
DA:162,50
DA:166,13
DA:167,12
DA:168,12
DA:169,12
DA:170,12
DA:171,0
DA:173,12
DA:175,0
DA:176,0
DA:177,0
DA:179,0
DA:183,1
DA:184,1
DA:185,1
DA:186,1
DA:187,0
DA:189,1
DA:193,5
DA:194,1
DA:197,4
DA:198,12
DA:199,4
DA:200,4
DA:201,4
DA:202,4
DA:203,4
DA:204,4
DA:208,0
DA:212,49
DA:213,49
DA:215,49
DA:216,1
DA:219,48
DA:220,48
DA:221,48
DA:222,48
DA:226,48
DA:227,0
DA:229,48
DA:232,48
DA:235,48
DA:243,48
DA:244,16
DA:248,48
DA:249,48
DA:250,1
DA:254,48
DA:255,32
DA:257,1
DA:259,31
DA:260,31
DA:263,113
DA:264,31
DA:265,18
DA:269,31
DA:270,2
DA:275,2
DA:276,2
DA:277,2
DA:281,2
DA:284,0
DA:288,31
DA:289,11
DA:290,11
DA:293,11
DA:302,11
DA:303,11
DA:306,20
DA:307,20
DA:308,20
DA:309,11
DA:310,11
DA:313,11
DA:327,11
DA:328,11
DA:332,9
DA:333,1
DA:334,0
DA:335,0
DA:336,0
DA:337,0
DA:340,1
DA:351,8
DA:352,8
DA:363,9
DA:364,9
DA:366,9
DA:380,0
DA:381,0
DA:384,0
DA:385,0
DA:400,0
DA:401,0
DA:406,26
DA:409,16
DA:411,2
DA:412,14
DA:414,0
DA:416,14
DA:420,16
DA:421,16
DA:423,16
DA:437,16
DA:439,16
DA:442,16
DA:443,16
DA:446,10
DA:447,10
DA:448,0
DA:449,0
DA:452,10
DA:454,10
DA:455,0
DA:456,0
DA:457,0
DA:458,0
DA:463,10
DA:464,0
DA:467,0
DA:481,0
DA:482,0
DA:485,10
DA:487,6
DA:488,0
DA:491,0
DA:506,0
DA:509,0
DA:510,0
DA:512,6
DA:513,6
DA:514,6
DA:515,6
DA:518,6
DA:532,6
DA:534,6
DA:537,6
DA:538,6
DA:541,3
DA:542,3
DA:543,3
DA:545,3
DA:546,3
DA:549,3
DA:550,3
DA:551,3
DA:552,1
DA:553,1
DA:556,3
DA:571,3
DA:575,3
DA:589,3
DA:590,3
DA:591,3
DA:592,3
DA:593,3
DA:596,1
DA:597,1
DA:598,1
DA:599,0
DA:602,0
DA:603,0
DA:605,0
DA:620,0
DA:623,0
DA:624,0
DA:627,1
DA:628,1
DA:630,1
DA:631,1
DA:632,1
DA:633,1
DA:634,1
DA:635,1
DA:636,1
DA:638,0
DA:641,1
DA:642,1
DA:643,1
DA:646,1
DA:661,1
DA:665,1
DA:669,1
DA:672,1
DA:674,1
DA:675,1
DA:678,0
DA:679,0
DA:680,0
DA:681,0
DA:684,0
DA:699,0
DA:702,0
DA:703,0
DA:706,0
DA:707,0
DA:709,0
DA:710,0
DA:711,0
DA:713,0
DA:714,0
DA:715,0
DA:719,0
DA:722,0
DA:737,0
DA:741,0
DA:742,0
DA:743,0
DA:747,0
DA:750,0
DA:751,0
DA:754,0
DA:755,0
DA:756,0
DA:757,0
DA:760,0
DA:775,0
DA:778,0
DA:779,0
DA:782,0
DA:783,0
DA:785,0
DA:786,0
DA:789,0
DA:791,0
DA:794,0
DA:809,0
DA:814,0
DA:819,0
DA:822,0
DA:823,0
DA:826,0
DA:829,0
DA:830,0
DA:837,0
DA:838,0
DA:841,0
DA:842,0
DA:844,0
DA:845,0
DA:847,0
DA:849,0
DA:850,0
DA:851,0
DA:854,0
DA:855,0
DA:856,0
DA:864,0
DA:877,0
DA:890,0
DA:902,0
DA:905,0
DA:909,1
DA:910,1
DA:912,1
DA:913,1
DA:914,1
DA:915,1
DA:916,1
DA:919,1
DA:921,1
DA:922,1
DA:924,0
DA:927,0
DA:928,0
DA:930,0
DA:931,0
DA:932,0
DA:933,0
DA:934,0
DA:935,0
DA:936,0
DA:939,0
DA:944,0
DA:945,0
DA:946,0
DA:951,1
DA:952,1
DA:954,1
DA:955,1
DA:956,1
DA:958,1
DA:959,1
DA:961,1
DA:962,1
DA:964,1
DA:965,1
DA:966,0
DA:967,0
DA:969,0
DA:970,0
DA:971,0
DA:974,1
DA:975,1
DA:978,1
DA:979,1
DA:980,1
DA:981,1
DA:984,1
DA:986,1
DA:987,1
DA:988,1
DA:989,1
DA:991,1
DA:992,1
DA:993,1
DA:996,1
DA:997,1
DA:999,1
DA:1000,1
DA:1003,1
DA:1004,1
DA:1005,1
DA:1007,1
DA:1008,1
DA:1009,1
DA:1010,1
DA:1011,1
DA:1012,1
DA:1013,1
DA:1014,1
DA:1015,1
DA:1017,1
DA:1019,1
DA:1020,0
DA:1021,0
DA:1023,0
DA:1024,0
DA:1028,1
DA:1031,1
DA:1032,1
DA:1033,1
DA:1034,1
DA:1035,1
DA:1036,1
DA:1038,1
DA:1041,1
DA:1042,1
DA:1043,0
DA:1046,1
DA:1047,1
DA:1048,1
DA:1050,1
DA:1052,1
DA:1054,1
DA:1055,1
DA:1056,1
DA:1057,1
DA:1059,1
DA:1060,1
DA:1061,1
DA:1062,1
DA:1063,1
DA:1065,1
DA:1066,0
DA:1067,0
DA:1072,1
DA:1073,1
DA:1075,1
DA:1076,1
DA:1080,16
DA:1081,0
DA:1082,0
DA:1086,16
DA:1087,0
DA:1088,0
DA:1092,64
DA:1093,8
DA:1095,56
DA:1100,3
DA:1102,3
DA:1103,3
DA:1105,0
DA:1106,0
DA:1109,0
DA:1110,0
DA:1113,0
DA:1114,0
DA:1115,0
DA:1116,0
DA:1117,0
DA:1118,0
DA:1119,0
DA:1120,0
DA:1126,3
DA:1128,0
DA:1131,3
DA:1133,0
DA:1134,0
DA:1135,0
DA:1136,0
LF:463
LH:303
BRDA:13,0,0,3
BRDA:13,0,1,0
BRDA:14,1,0,3
BRDA:14,1,1,0
BRDA:32,2,0,0
BRDA:32,2,1,3
BRDA:45,3,0,0
BRDA:45,3,1,18
BRDA:47,4,0,0
BRDA:47,4,1,18
BRDA:65,5,0,4
BRDA:65,5,1,16
BRDA:72,6,0,2
BRDA:72,6,1,14
BRDA:82,7,0,9
BRDA:82,7,1,5
BRDA:104,8,0,0
BRDA:104,8,1,102
BRDA:126,9,0,102
BRDA:126,9,1,102
BRDA:134,10,0,0
BRDA:134,11,0,0
BRDA:134,12,0,0
BRDA:154,13,0,50
BRDA:154,13,1,78
BRDA:156,14,0,78
BRDA:156,14,1,0
BRDA:166,15,0,12
BRDA:166,15,1,1
BRDA:170,16,0,0
BRDA:170,16,1,12
BRDA:176,17,0,0
BRDA:176,17,1,0
BRDA:179,18,0,0
BRDA:179,18,1,0
BRDA:186,19,0,0
BRDA:186,19,1,1
BRDA:193,20,0,1
BRDA:193,20,1,4
BRDA:199,21,0,4
BRDA:199,21,1,0
BRDA:201,22,0,4
BRDA:201,22,1,0
BRDA:215,23,0,1
BRDA:215,23,1,48
BRDA:215,24,0,49
BRDA:215,24,1,1
BRDA:221,25,0,48
BRDA:221,25,1,0
BRDA:221,25,2,0
BRDA:226,26,0,0
BRDA:226,26,1,48
BRDA:238,27,0,48
BRDA:238,27,1,44
BRDA:243,28,0,16
BRDA:243,28,1,32
BRDA:243,29,0,48
BRDA:243,29,1,23
BRDA:243,29,2,19
BRDA:243,29,3,16
BRDA:243,29,4,16
BRDA:249,30,0,1
BRDA:249,30,1,47
BRDA:249,31,0,48
BRDA:249,31,1,4
BRDA:254,32,0,32
BRDA:254,32,1,16
BRDA:254,33,0,48
BRDA:254,33,1,23
BRDA:254,33,2,19
BRDA:254,33,3,16
BRDA:254,33,4,16
BRDA:255,34,0,1
BRDA:255,34,1,31
BRDA:255,35,0,32
BRDA:255,35,1,1
BRDA:264,36,0,18
BRDA:264,36,1,13
BRDA:269,37,0,2
BRDA:269,37,1,29
BRDA:269,38,0,31
BRDA:269,38,1,13
BRDA:276,39,0,2
BRDA:276,39,1,0
BRDA:288,40,0,11
BRDA:288,40,1,20
BRDA:308,41,0,11
BRDA:308,41,1,9
BRDA:332,42,0,1
BRDA:332,42,1,8
BRDA:333,43,0,0
BRDA:333,43,1,1
BRDA:363,44,0,9
BRDA:363,44,1,0
BRDA:384,45,0,0
BRDA:384,45,1,0
BRDA:406,46,0,16
BRDA:406,46,1,10
BRDA:409,47,0,2
BRDA:409,47,1,14
BRDA:412,48,0,0
BRDA:412,48,1,14
BRDA:421,49,0,16
BRDA:421,49,1,0
BRDA:433,50,0,0
BRDA:433,50,1,16
BRDA:434,51,0,0
BRDA:434,51,1,16
BRDA:440,52,0,0
BRDA:440,52,1,16
BRDA:441,53,0,0
BRDA:441,53,1,16
BRDA:447,54,0,0
BRDA:447,54,1,10
BRDA:447,55,0,10
BRDA:447,55,1,0
BRDA:454,56,0,0
BRDA:454,56,1,10
BRDA:454,57,0,10
BRDA:454,57,1,0
BRDA:454,57,2,0
BRDA:454,57,3,0
BRDA:454,57,4,0
BRDA:456,58,0,0
BRDA:456,58,1,0
BRDA:456,59,0,0
BRDA:456,59,1,0
BRDA:463,60,0,0
BRDA:463,60,1,10
BRDA:463,61,0,10
BRDA:463,61,1,0
BRDA:477,62,0,0
BRDA:477,62,1,0
BRDA:478,63,0,0
BRDA:478,63,1,0
BRDA:485,64,0,6
BRDA:485,64,1,3
BRDA:485,64,2,1
BRDA:485,64,3,0
BRDA:485,64,4,0
BRDA:485,64,5,0
BRDA:487,65,0,0
BRDA:487,65,1,6
BRDA:501,66,0,0
BRDA:501,66,1,0
BRDA:502,67,0,0
BRDA:502,67,1,0
BRDA:507,68,0,0
BRDA:507,68,1,0
BRDA:508,69,0,0
BRDA:508,69,1,0
BRDA:512,70,0,6
BRDA:512,70,1,0
BRDA:528,71,0,0
BRDA:528,71,1,6
BRDA:529,72,0,0
BRDA:529,72,1,6
BRDA:535,73,0,0
BRDA:535,73,1,6
BRDA:536,74,0,0
BRDA:536,74,1,6
BRDA:543,75,0,3
BRDA:543,75,1,0
BRDA:551,76,0,1
BRDA:551,76,1,2
BRDA:551,77,0,3
BRDA:551,77,1,1
BRDA:557,78,0,3
BRDA:557,78,1,0
BRDA:568,79,0,3
BRDA:568,79,1,0
BRDA:589,80,0,3
BRDA:589,80,1,0
BRDA:590,81,0,3
BRDA:590,81,1,0
BRDA:598,82,0,0
BRDA:598,82,1,1
BRDA:603,83,0,0
BRDA:603,83,1,0
BRDA:615,84,0,0
BRDA:615,84,1,0
BRDA:616,85,0,0
BRDA:616,85,1,0
BRDA:621,86,0,0
BRDA:621,86,1,0
BRDA:622,87,0,0
BRDA:622,87,1,0
BRDA:630,88,0,1
BRDA:630,88,1,0
BRDA:656,89,0,0
BRDA:656,89,1,1
BRDA:657,90,0,0
BRDA:657,90,1,1
BRDA:662,91,0,0
BRDA:662,91,1,1
BRDA:663,92,0,0
BRDA:663,92,1,1
BRDA:666,93,0,0
BRDA:666,93,1,1
BRDA:667,94,0,0
BRDA:667,94,1,1
BRDA:670,95,0,0
BRDA:670,95,1,1
BRDA:671,96,0,0
BRDA:671,96,1,1
BRDA:680,97,0,0
BRDA:680,97,1,0
BRDA:694,98,0,0
BRDA:694,98,1,0
BRDA:695,99,0,0
BRDA:695,99,1,0
BRDA:700,100,0,0
BRDA:700,100,1,0
BRDA:701,101,0,0
BRDA:701,101,1,0
BRDA:706,102,0,0
BRDA:706,102,1,0
BRDA:709,103,0,0
BRDA:709,103,1,0
BRDA:713,104,0,0
BRDA:713,104,1,0
BRDA:732,105,0,0
BRDA:732,105,1,0
BRDA:733,106,0,0
BRDA:733,106,1,0
BRDA:738,107,0,0
BRDA:738,107,1,0
BRDA:739,108,0,0
BRDA:739,108,1,0
BRDA:742,109,0,0
BRDA:742,109,1,0
BRDA:744,110,0,0
BRDA:744,110,1,0
BRDA:745,111,0,0
BRDA:745,111,1,0
BRDA:748,112,0,0
BRDA:748,112,1,0
BRDA:749,113,0,0
BRDA:749,113,1,0
BRDA:756,114,0,0
BRDA:756,114,1,0
BRDA:770,115,0,0
BRDA:770,115,1,0
BRDA:771,116,0,0
BRDA:771,116,1,0
BRDA:776,117,0,0
BRDA:776,117,1,0
BRDA:777,118,0,0
BRDA:777,118,1,0
BRDA:782,119,0,0
BRDA:782,119,1,0
BRDA:785,120,0,0
BRDA:785,120,1,0
BRDA:804,121,0,0
BRDA:804,121,1,0
BRDA:805,122,0,0
BRDA:805,122,1,0
BRDA:810,123,0,0
BRDA:810,123,1,0
BRDA:811,124,0,0
BRDA:811,124,1,0
BRDA:815,125,0,0
BRDA:815,125,1,0
BRDA:816,126,0,0
BRDA:816,126,1,0
BRDA:820,127,0,0
BRDA:820,127,1,0
BRDA:821,128,0,0
BRDA:821,128,1,0
BRDA:847,129,0,0
BRDA:847,129,1,0
BRDA:944,130,0,0
BRDA:944,130,1,0
BRDA:954,131,0,1
BRDA:954,131,1,0
BRDA:955,132,0,1
BRDA:955,132,1,1
BRDA:956,133,0,1
BRDA:956,133,1,1
BRDA:958,134,0,1
BRDA:958,134,1,1
BRDA:959,135,0,1
BRDA:959,135,1,0
BRDA:965,136,0,0
BRDA:965,136,1,1
BRDA:966,137,0,0
BRDA:966,137,1,0
BRDA:996,138,0,1
BRDA:996,138,1,0
BRDA:999,139,0,1
BRDA:999,139,1,0
BRDA:1019,140,0,1
BRDA:1019,140,1,0
BRDA:1020,141,0,0
BRDA:1020,141,1,0
BRDA:1042,142,0,0
BRDA:1042,142,1,1
BRDA:1050,143,0,1
BRDA:1050,143,1,0
BRDA:1062,144,0,1
BRDA:1062,144,1,1
BRDA:1063,145,0,1
BRDA:1063,145,1,1
BRDA:1065,146,0,1
BRDA:1065,146,1,0
BRDA:1066,147,0,0
BRDA:1066,147,1,0
BRDA:1080,148,0,16
BRDA:1080,148,1,0
BRDA:1082,149,0,0
BRDA:1082,149,1,0
BRDA:1086,150,0,16
BRDA:1086,150,1,0
BRDA:1088,151,0,0
BRDA:1088,151,1,0
BRDA:1092,152,0,8
BRDA:1092,152,1,56
BRDA:1092,153,0,64
BRDA:1092,153,1,8
BRDA:1115,154,0,0
BRDA:1115,154,1,0
BRDA:1116,155,0,0
BRDA:1116,155,1,0
BRDA:1117,156,0,0
BRDA:1117,156,1,0
BRDA:1118,157,0,0
BRDA:1118,157,1,0
BRDA:1119,158,0,0
BRDA:1119,158,1,0
BRF:329
BRH:139
end_of_record
TN:
SF:config/brand-configs.js
FN:8,(anonymous_0)
FN:10,(anonymous_1)
FN:20,(anonymous_2)
FN:22,(anonymous_3)
FN:32,(anonymous_4)
FN:34,(anonymous_5)
FN:44,(anonymous_6)
FN:46,(anonymous_7)
FN:56,(anonymous_8)
FN:58,(anonymous_9)
FN:68,(anonymous_10)
FN:70,(anonymous_11)
FNF:12
FNH:6
FNDA:0,(anonymous_0)
FNDA:19,(anonymous_1)
FNDA:0,(anonymous_2)
FNDA:3,(anonymous_3)
FNDA:0,(anonymous_4)
FNDA:2,(anonymous_5)
FNDA:0,(anonymous_6)
FNDA:2,(anonymous_7)
FNDA:0,(anonymous_8)
FNDA:2,(anonymous_9)
FNDA:0,(anonymous_10)
FNDA:2,(anonymous_11)
DA:1,4
DA:8,0
DA:10,19
DA:20,0
DA:22,3
DA:32,0
DA:34,2
DA:44,0
DA:46,2
DA:56,0
DA:58,2
DA:68,0
DA:70,2
DA:75,4
LF:14
LH:8
BRF:0
BRH:0
end_of_record
TN:
SF:config/db-config.js
FNF:0
FNH:0
DA:1,6
LF:1
LH:1
BRDA:2,0,0,6
BRDA:2,0,1,0
BRDA:3,1,0,6
BRDA:3,1,1,0
BRDA:4,2,0,6
BRDA:4,2,1,0
BRDA:5,3,0,6
BRDA:5,3,1,0
BRDA:6,4,0,6
BRDA:6,4,1,0
BRF:10
BRH:5
end_of_record
TN:
SF:utils/brand-detector.js
FN:4,(anonymous_0)
FN:8,(anonymous_1)
FN:21,(anonymous_2)
FN:43,(anonymous_3)
FN:65,(anonymous_4)
FN:81,(anonymous_5)
FN:94,(anonymous_6)
FN:98,(anonymous_7)
FN:99,(anonymous_8)
FN:102,(anonymous_9)
FN:106,(anonymous_10)
FNF:11
FNH:11
FNDA:182,(anonymous_0)
FNDA:91,(anonymous_1)
FNDA:102,(anonymous_2)
FNDA:43,(anonymous_3)
FNDA:80,(anonymous_4)
FNDA:244,(anonymous_5)
FNDA:74,(anonymous_6)
FNDA:28,(anonymous_7)
FNDA:896,(anonymous_8)
FNDA:4,(anonymous_9)
FNDA:7,(anonymous_10)
DA:1,4
DA:5,182
DA:9,91
DA:18,91
DA:22,102
DA:24,99
DA:26,99
DA:27,26
DA:28,73
DA:29,11
DA:30,62
DA:31,10
DA:32,52
DA:33,10
DA:34,42
DA:35,10
DA:36,32
DA:37,10
DA:40,22
DA:44,43
DA:46,41
DA:48,41
DA:49,7
DA:50,34
DA:51,7
DA:52,27
DA:53,6
DA:54,21
DA:55,6
DA:56,15
DA:57,6
DA:58,9
DA:59,6
DA:62,3
DA:67,80
DA:68,80
DA:71,80
DA:72,58
DA:73,58
DA:74,21
DA:79,80
DA:80,58
DA:81,244
DA:82,58
DA:83,7
DA:84,7
DA:85,7
DA:86,6
DA:91,80
DA:95,74
DA:99,896
DA:103,4
DA:105,3
DA:106,7
DA:107,3
DA:108,2
DA:109,2
DA:112,1
DA:116,4
LF:59
LH:59
BRDA:18,0,0,91
BRDA:18,0,1,57
BRDA:22,1,0,3
BRDA:22,1,1,99
BRDA:26,2,0,26
BRDA:26,2,1,73
BRDA:26,3,0,99
BRDA:26,3,1,75
BRDA:28,4,0,11
BRDA:28,4,1,62
BRDA:28,5,0,73
BRDA:28,5,1,64
BRDA:30,6,0,10
BRDA:30,6,1,52
BRDA:30,7,0,62
BRDA:30,7,1,54
BRDA:32,8,0,10
BRDA:32,8,1,42
BRDA:32,9,0,52
BRDA:32,9,1,44
BRDA:34,10,0,10
BRDA:34,10,1,32
BRDA:34,11,0,42
BRDA:34,11,1,34
BRDA:36,12,0,10
BRDA:36,12,1,22
BRDA:36,13,0,32
BRDA:36,13,1,24
BRDA:44,14,0,2
BRDA:44,14,1,41
BRDA:48,15,0,7
BRDA:48,15,1,34
BRDA:48,16,0,41
BRDA:48,16,1,34
BRDA:50,17,0,7
BRDA:50,17,1,27
BRDA:52,18,0,6
BRDA:52,18,1,21
BRDA:54,19,0,6
BRDA:54,19,1,15
BRDA:54,20,0,21
BRDA:54,20,1,15
BRDA:56,21,0,6
BRDA:56,21,1,9
BRDA:58,22,0,6
BRDA:58,22,1,3
BRDA:71,23,0,58
BRDA:71,23,1,22
BRDA:73,24,0,21
BRDA:73,24,1,37
BRDA:79,25,0,58
BRDA:79,25,1,22
BRDA:82,26,0,7
BRDA:82,26,1,51
BRDA:85,27,0,6
BRDA:85,27,1,1
BRDA:95,28,0,74
BRDA:95,28,1,1
BRDA:103,29,0,1
BRDA:103,29,1,3
BRDA:107,30,0,2
BRDA:107,30,1,1
BRDA:109,31,0,1
BRDA:109,31,1,1
BRF:64
BRH:64
end_of_record
TN:
SF:utils/db-logger.js
FN:15,writeServiceLog
FN:32,writeRTSPLog
FNF:2
FNH:1
FNDA:0,writeServiceLog
FNDA:40,writeRTSPLog
DA:1,4
DA:2,4
DA:4,4
DA:16,0
DA:19,0
DA:27,0
DA:28,0
DA:33,40
DA:36,40
DA:53,40
DA:54,40
DA:58,4
LF:12
LH:8
BRDA:9,0,0,4
BRDA:9,0,1,0
BRDA:9,0,2,0
BRDA:20,1,0,0
BRDA:20,1,1,0
BRDA:21,2,0,0
BRDA:21,2,1,0
BRDA:23,3,0,0
BRDA:23,3,1,0
BRDA:24,4,0,0
BRDA:24,4,1,0
BRDA:25,5,0,0
BRDA:25,5,1,0
BRDA:37,6,0,40
BRDA:37,6,1,40
BRDA:39,7,0,40
BRDA:39,7,1,0
BRDA:40,8,0,40
BRDA:40,8,1,1
BRDA:41,9,0,40
BRDA:41,9,1,0
BRDA:42,10,0,40
BRDA:42,10,1,0
BRDA:43,11,0,40
BRDA:43,11,1,29
BRDA:44,12,0,40
BRDA:44,12,1,29
BRDA:45,13,0,40
BRDA:45,13,1,30
BRDA:46,14,0,40
BRDA:46,14,1,10
BRDA:47,15,0,40
BRDA:47,15,1,13
BRDA:48,16,0,40
BRDA:48,16,1,40
BRDA:49,17,0,40
BRDA:49,17,1,0
BRDA:50,18,0,33
BRDA:50,18,1,7
BRDA:51,19,0,19
BRDA:51,19,1,21
BRF:41
BRH:25
end_of_record
TN:
SF:utils/logger.js
FN:16,ensureLogFilesExist
FN:96,checkAndRecreateLogFiles
FN:138,setupFileWatcher
FN:140,(anonymous_3)
FN:149,(anonymous_4)
FN:166,(anonymous_5)
FN:207,(anonymous_6)
FN:228,(anonymous_7)
FN:234,(anonymous_8)
FN:238,(anonymous_9)
FN:242,(anonymous_10)
FN:246,(anonymous_11)
FN:253,(anonymous_12)
FN:268,(anonymous_13)
FN:285,(anonymous_14)
FN:308,(anonymous_15)
FN:331,(anonymous_16)
FN:354,(anonymous_17)
FN:370,(anonymous_18)
FN:385,(anonymous_19)
FN:400,(anonymous_20)
FN:415,(anonymous_21)
FN:475,(anonymous_22)
FN:491,(anonymous_23)
FN:506,(anonymous_24)
FN:522,(anonymous_25)
FN:545,(anonymous_26)
FN:570,(anonymous_27)
FN:616,(anonymous_28)
FN:644,(anonymous_29)
FN:656,(anonymous_30)
FNF:31
FNH:14
FNDA:40,ensureLogFilesExist
FNDA:40,checkAndRecreateLogFiles
FNDA:4,setupFileWatcher
FNDA:0,(anonymous_3)
FNDA:0,(anonymous_4)
FNDA:0,(anonymous_5)
FNDA:0,(anonymous_6)
FNDA:0,(anonymous_7)
FNDA:40,(anonymous_8)
FNDA:0,(anonymous_9)
FNDA:0,(anonymous_10)
FNDA:0,(anonymous_11)
FNDA:0,(anonymous_12)
FNDA:0,(anonymous_13)
FNDA:5,(anonymous_14)
FNDA:7,(anonymous_15)
FNDA:2,(anonymous_16)
FNDA:1,(anonymous_17)
FNDA:1,(anonymous_18)
FNDA:0,(anonymous_19)
FNDA:0,(anonymous_20)
FNDA:7,(anonymous_21)
FNDA:0,(anonymous_22)
FNDA:1,(anonymous_23)
FNDA:4,(anonymous_24)
FNDA:0,(anonymous_25)
FNDA:1,(anonymous_26)
FNDA:11,(anonymous_27)
FNDA:0,(anonymous_28)
FNDA:0,(anonymous_29)
FNDA:0,(anonymous_30)
DA:1,4
DA:2,4
DA:3,4
DA:4,4
DA:5,4
DA:7,4
DA:8,4
DA:10,4
DA:12,4
DA:13,0
DA:17,40
DA:18,40
DA:19,40
DA:21,40
DA:23,40
DA:24,40
DA:25,0
DA:26,0
DA:27,0
DA:29,0
DA:30,0
DA:31,0
DA:32,0
DA:34,0
DA:39,40
DA:40,0
DA:41,0
DA:42,0
DA:44,0
DA:45,0
DA:46,0
DA:47,0
DA:49,0
DA:54,40
DA:55,0
DA:56,0
DA:57,0
DA:59,0
DA:60,0
DA:63,0
DA:64,0
DA:66,0
DA:73,0
DA:80,0
DA:81,0
DA:83,0
DA:84,0
DA:85,0
DA:86,0
DA:88,0
DA:92,0
DA:97,40
DA:98,40
DA:99,40
DA:101,40
DA:103,40
DA:104,40
DA:105,0
DA:106,0
DA:108,40
DA:109,40
DA:111,40
DA:115,40
DA:116,0
DA:118,40
DA:119,40
DA:121,40
DA:125,40
DA:126,40
DA:129,0
DA:130,0
DA:131,0
DA:133,0
DA:139,4
DA:140,4
DA:141,0
DA:142,0
DA:143,0
DA:144,0
DA:149,4
DA:150,0
DA:153,4
DA:155,0
DA:156,0
DA:160,4
DA:167,0
DA:185,0
DA:189,4
DA:196,4
DA:203,4
DA:208,0
DA:209,0
DA:210,0
DA:211,0
DA:216,4
DA:226,4
DA:228,4
DA:229,0
DA:230,0
DA:233,4
DA:235,40
DA:236,40
DA:239,0
DA:240,0
DA:243,0
DA:244,0
DA:247,0
DA:248,0
DA:252,4
DA:254,0
DA:265,0
DA:269,0
DA:282,0
DA:286,5
DA:293,5
DA:305,5
DA:309,7
DA:316,7
DA:328,7
DA:332,2
DA:339,2
DA:351,2
DA:355,1
DA:367,1
DA:371,1
DA:382,1
DA:386,0
DA:397,0
DA:401,0
DA:412,0
DA:416,7
DA:434,7
DA:449,7
DA:451,7
DA:471,0
DA:476,0
DA:488,0
DA:492,1
DA:503,1
DA:507,4
DA:519,4
DA:523,0
DA:531,0
DA:542,0
DA:546,1
DA:554,1
DA:567,1
DA:571,11
DA:582,11
DA:599,11
DA:617,0
DA:629,0
DA:633,4
DA:635,4
DA:636,4
DA:637,4
DA:638,4
DA:641,0
DA:644,4
DA:645,0
DA:646,0
DA:647,0
DA:648,0
DA:650,0
DA:653,0
DA:656,4
DA:657,0
DA:658,0
DA:659,0
DA:660,0
DA:662,0
DA:665,0
DA:668,4
LF:173
LH:82
BRDA:10,0,0,4
BRDA:10,0,1,0
BRDA:12,1,0,0
BRDA:12,1,1,4
BRDA:24,2,0,0
BRDA:24,2,1,40
BRDA:39,3,0,0
BRDA:39,3,1,40
BRDA:54,4,0,0
BRDA:54,4,1,40
BRDA:56,5,0,0
BRDA:56,5,1,0
BRDA:56,6,0,0
BRDA:56,6,1,0
BRDA:59,7,0,0
BRDA:59,7,1,0
BRDA:59,8,0,0
BRDA:59,8,1,0
BRDA:104,9,0,0
BRDA:104,9,1,40
BRDA:115,10,0,0
BRDA:115,10,1,40
BRDA:125,11,0,40
BRDA:125,11,1,0
BRDA:141,12,0,0
BRDA:141,12,1,0
BRDA:141,13,0,0
BRDA:141,13,1,0
BRDA:143,14,0,0
BRDA:143,14,1,0
BRDA:143,15,0,0
BRDA:143,15,1,0
BRDA:171,16,0,0
BRDA:171,16,1,0
BRDA:172,17,0,0
BRDA:172,17,1,0
BRDA:173,18,0,0
BRDA:173,18,1,0
BRDA:174,19,0,0
BRDA:174,19,1,0
BRDA:175,20,0,0
BRDA:175,20,1,0
BRDA:176,21,0,0
BRDA:176,21,1,0
BRDA:177,22,0,0
BRDA:177,22,1,0
BRDA:178,23,0,0
BRDA:178,23,1,0
BRDA:179,24,0,0
BRDA:179,24,1,0
BRDA:180,25,0,0
BRDA:180,25,1,0
BRDA:181,26,0,0
BRDA:181,26,1,0
BRDA:182,27,0,0
BRDA:182,27,1,0
BRDA:183,28,0,0
BRDA:183,28,1,0
BRDA:253,29,0,0
BRDA:268,30,0,0
BRDA:279,31,0,0
BRDA:279,31,1,0
BRDA:282,32,0,0
BRDA:282,32,1,0
BRDA:285,33,0,4
BRDA:285,34,0,4
BRDA:308,35,0,0
BRDA:308,36,0,0
BRDA:331,37,0,0
BRDA:331,38,0,0
BRDA:354,39,0,0
BRDA:354,40,0,0
BRDA:370,41,0,0
BRDA:370,42,0,0
BRDA:385,43,0,0
BRDA:385,44,0,0
BRDA:400,45,0,0
BRDA:400,46,0,0
BRDA:415,47,0,0
BRDA:415,48,0,0
BRDA:415,49,0,0
BRDA:415,50,0,0
BRDA:417,51,0,7
BRDA:417,51,1,0
BRDA:420,52,0,7
BRDA:420,52,1,0
BRDA:421,53,0,7
BRDA:421,53,1,0
BRDA:422,54,0,7
BRDA:422,54,1,6
BRDA:423,55,0,7
BRDA:423,55,1,6
BRDA:425,56,0,7
BRDA:425,56,1,0
BRDA:427,57,0,7
BRDA:427,57,1,0
BRDA:428,58,0,7
BRDA:428,58,1,0
BRDA:429,59,0,7
BRDA:429,59,1,5
BRDA:491,60,0,1
BRDA:506,61,0,4
BRDA:522,62,0,0
BRDA:545,63,0,1
BRDA:564,64,0,1
BRDA:564,64,1,0
BRDA:567,65,0,1
BRDA:567,65,1,0
BRDA:570,66,0,5
BRDA:595,67,0,5
BRDA:595,67,1,6
BRDA:611,68,0,5
BRDA:611,68,1,6
BRDA:616,69,0,0
BRDA:637,70,0,4
BRDA:637,70,1,0
BRDA:645,71,0,0
BRDA:645,71,1,0
BRDA:657,72,0,0
BRDA:657,72,1,0
BRF:120
BRH:33
end_of_record
